KLVR Charger Detection Monitor - Started 2025-09-08 10:57:09
Monitoring: http://10.110.73.155:8000
============================================================

#  1 10:57:09 | [BOTH] Total: 32 | AA: 24 | AAA:  8
#  2 10:57:10 | [BOTH] Total: 32 | AA: 24 | AAA:  8
#  3 10:57:11 | [BOTH] Total: 32 | AA: 24 | AAA:  8
#  4 10:57:12 | [BOTH] Total: 32 | AA: 24 | AAA:  8
#  5 10:57:12 | [BOTH] Total: 32 | AA: 24 | AAA:  8
#  6 10:57:13 | [BOTH] Total: 32 | AA: 24 | AAA:  8
#  7 10:57:14 | [BOTH] Total: 32 | AA: 24 | AAA:  8
#  8 10:57:15 | [BOTH] Total: 32 | AA: 24 | AAA:  8
#  9 10:57:15 | [BOTH] Total: 32 | AA: 24 | AAA:  8
# 10 10:57:16 | [BOTH] Total: 32 | AA: 24 | AAA:  8
# 11 10:57:17 | [BOTH] Total: 32 | AA: 24 | AAA:  8
# 12 10:57:18 | [BOTH] Total: 32 | AA: 24 | AAA:  8
# 13 10:57:18 | [BOTH] Total: 27 | AA: 19 | AAA:  8
    📥 BATTERY COUNT: 32 → 27
# 14 10:57:19 | [BOTH] Total: 27 | AA: 19 | AAA:  8
# 15 10:57:20 | [BOTH] Total: 27 | AA: 19 | AAA:  8
# 16 10:57:20 | [BOTH] Total: 27 | AA: 19 | AAA:  8
# 17 10:57:21 | [BOTH] Total: 27 | AA: 19 | AAA:  8
# 18 10:57:22 | [BOTH] Total: 27 | AA: 19 | AAA:  8
# 19 10:57:23 | [BOTH] Total: 27 | AA: 19 | AAA:  8
# 20 10:57:23 | [BOTH] Total: 27 | AA: 19 | AAA:  8
# 21 10:57:24 | [BOTH] Total: 27 | AA: 19 | AAA:  8
# 22 10:57:25 | [BOTH] Total: 27 | AA: 19 | AAA:  8
# 23 10:57:26 | [BOTH] Total: 27 | AA: 19 | AAA:  8
# 24 10:57:26 | [BOTH] Total: 27 | AA: 19 | AAA:  8
# 25 10:57:27 | [BOTH] Total: 27 | AA: 19 | AAA:  8
# 26 10:57:28 | [BOTH] Total: 27 | AA: 19 | AAA:  8
# 27 10:57:29 | [BOTH] Total: 27 | AA: 19 | AAA:  8
# 28 10:57:29 | [BOTH] Total: 27 | AA: 19 | AAA:  8
# 29 10:57:30 | [BOTH] Total: 27 | AA: 19 | AAA:  8
# 30 10:57:31 | [BOTH] Total: 27 | AA: 19 | AAA:  8
# 31 10:57:32 | [BOTH] Total: 27 | AA: 19 | AAA:  8
# 32 10:57:32 | [BOTH] Total: 27 | AA: 19 | AAA:  8
# 33 10:57:33 | [BOTH] Total: 27 | AA: 19 | AAA:  8
# 34 10:57:34 | [BOTH] Total: 27 | AA: 19 | AAA:  8
# 35 10:57:35 | [BOTH] Total: 27 | AA: 19 | AAA:  8
# 36 10:57:35 | [BOTH] Total: 27 | AA: 19 | AAA:  8
# 37 10:57:36 | [BOTH] Total: 27 | AA: 19 | AAA:  8
# 38 10:57:37 | [BOTH] Total: 27 | AA: 19 | AAA:  8
# 39 10:57:38 | [BOTH] Total: 27 | AA: 19 | AAA:  8
# 40 10:57:38 | [BOTH] Total: 30 | AA: 24 | AAA:  6
    📥 BATTERY COUNT: 27 → 30
# 41 10:57:39 | [BOTH] Total: 30 | AA: 24 | AAA:  6
# 42 10:57:40 | [BOTH] Total: 30 | AA: 24 | AAA:  6
# 43 10:57:40 | [BOTH] Total: 30 | AA: 24 | AAA:  6
# 44 10:57:41 | [BOTH] Total: 30 | AA: 24 | AAA:  6
# 45 10:57:42 | [BOTH] Total: 30 | AA: 24 | AAA:  6
# 46 10:57:43 | [BOTH] Total: 30 | AA: 24 | AAA:  6
# 47 10:57:44 | [BOTH] Total: 30 | AA: 24 | AAA:  6
# 48 10:57:44 | [BOTH] Total: 30 | AA: 24 | AAA:  6
# 49 10:57:45 | [BOTH] Total: 30 | AA: 24 | AAA:  6
# 50 10:57:46 | [BOTH] Total: 30 | AA: 24 | AAA:  6
# 51 10:57:46 | [BOTH] Total: 30 | AA: 24 | AAA:  6
# 52 10:57:47 | [BOTH] Total: 30 | AA: 24 | AAA:  6
# 53 10:57:48 | [BOTH] Total: 25 | AA: 19 | AAA:  6
    📥 BATTERY COUNT: 30 → 25
# 54 10:57:49 | [BOTH] Total: 21 | AA: 13 | AAA:  8
    📥 BATTERY COUNT: 25 → 21
# 55 10:57:49 | [BOTH] Total: 21 | AA: 13 | AAA:  8
# 56 10:57:50 | [BOTH] Total: 21 | AA: 13 | AAA:  8
# 57 10:57:51 | [BOTH] Total: 21 | AA: 13 | AAA:  8
# 58 10:57:52 | [BOTH] Total: 21 | AA: 13 | AAA:  8
# 59 10:57:52 | [BOTH] Total: 21 | AA: 13 | AAA:  8
# 60 10:57:53 | [BOTH] Total: 21 | AA: 13 | AAA:  8
# 61 10:57:54 | [BOTH] Total: 21 | AA: 13 | AAA:  8
# 62 10:57:55 | [BOTH] Total: 21 | AA: 13 | AAA:  8
# 63 10:57:55 | [BOTH] Total: 21 | AA: 13 | AAA:  8
# 64 10:57:56 | [BOTH] Total: 21 | AA: 13 | AAA:  8
# 65 10:57:57 | [BOTH] Total: 21 | AA: 13 | AAA:  8
# 66 10:57:58 | [BOTH] Total: 21 | AA: 13 | AAA:  8
# 67 10:57:58 | [BOTH] Total: 32 | AA: 24 | AAA:  8
    📥 BATTERY COUNT: 21 → 32
# 68 10:57:59 | [BOTH] Total: 32 | AA: 24 | AAA:  8
# 69 10:58:00 | [BOTH] Total: 32 | AA: 24 | AAA:  8
# 70 10:58:01 | [BOTH] Total: 32 | AA: 24 | AAA:  8
# 71 10:58:01 | [BOTH] Total: 32 | AA: 24 | AAA:  8
# 72 10:58:02 | [BOTH] Total: 32 | AA: 24 | AAA:  8
# 73 10:58:03 | [BOTH] Total: 32 | AA: 24 | AAA:  8
# 74 10:58:04 | [BOTH] Total: 32 | AA: 24 | AAA:  8
# 75 10:58:04 | [BOTH] Total: 32 | AA: 24 | AAA:  8
# 76 10:58:05 | [BOTH] Total: 32 | AA: 24 | AAA:  8
# 77 10:58:06 | [BOTH] Total: 32 | AA: 24 | AAA:  8
# 78 10:58:07 | [BOTH] Total: 32 | AA: 24 | AAA:  8
# 79 10:58:07 | [BOTH] Total: 32 | AA: 24 | AAA:  8
# 80 10:58:08 | [BOTH] Total: 32 | AA: 24 | AAA:  8
# 81 10:58:09 | [BOTH] Total: 32 | AA: 24 | AAA:  8
# 82 10:58:10 | [BOTH] Total: 32 | AA: 24 | AAA:  8
# 83 10:58:10 | [BOTH] Total: 32 | AA: 24 | AAA:  8
# 84 10:58:11 | [BOTH] Total: 32 | AA: 24 | AAA:  8
# 85 10:58:12 | [BOTH] Total: 32 | AA: 24 | AAA:  8
# 86 10:58:12 | [BOTH] Total: 32 | AA: 24 | AAA:  8
# 87 10:58:13 | [BOTH] Total: 32 | AA: 24 | AAA:  8
# 88 10:58:14 | [BOTH] Total: 32 | AA: 24 | AAA:  8
# 89 10:58:15 | [BOTH] Total: 32 | AA: 24 | AAA:  8
# 90 10:58:15 | [BOTH] Total: 32 | AA: 24 | AAA:  8
# 91 10:58:16 | [BOTH] Total: 32 | AA: 24 | AAA:  8
# 92 10:58:17 | [BOTH] Total: 32 | AA: 24 | AAA:  8
# 93 10:58:18 | [BOTH] Total: 32 | AA: 24 | AAA:  8
# 94 10:58:18 | [BOTH] Total: 32 | AA: 24 | AAA:  8
# 95 10:58:19 | [BOTH] Total: 32 | AA: 24 | AAA:  8
# 96 10:58:20 | [BOTH] Total: 32 | AA: 24 | AAA:  8
# 97 10:58:21 | [BOTH] Total: 32 | AA: 24 | AAA:  8
# 98 10:58:21 | [BOTH] Total: 32 | AA: 24 | AAA:  8
# 99 10:58:22 | [BOTH] Total: 32 | AA: 24 | AAA:  8
#100 10:58:23 | [BOTH] Total: 32 | AA: 24 | AAA:  8
#101 10:58:24 | [BOTH] Total: 32 | AA: 24 | AAA:  8
#102 10:58:24 | [BOTH] Total: 32 | AA: 24 | AAA:  8
#103 10:58:25 | [BOTH] Total: 32 | AA: 24 | AAA:  8
#104 10:58:26 | [BOTH] Total: 32 | AA: 24 | AAA:  8
#105 10:58:26 | [BOTH] Total: 32 | AA: 24 | AAA:  8
#106 10:58:27 | [BOTH] Total: 32 | AA: 24 | AAA:  8
#107 10:58:28 | [BOTH] Total: 32 | AA: 24 | AAA:  8
#108 10:58:29 | [BOTH] Total: 32 | AA: 24 | AAA:  8
#109 10:58:29 | [BOTH] Total: 32 | AA: 24 | AAA:  8
#110 10:58:30 | [BOTH] Total: 32 | AA: 24 | AAA:  8
#111 10:58:31 | [BOTH] Total: 32 | AA: 24 | AAA:  8
#112 10:58:32 | [BOTH] Total: 32 | AA: 24 | AAA:  8
#113 10:58:33 | [BOTH] Total: 32 | AA: 24 | AAA:  8
#114 10:58:33 | [BOTH] Total: 32 | AA: 24 | AAA:  8
#115 10:58:34 | [BOTH] Total: 32 | AA: 24 | AAA:  8
#116 10:58:35 | [BOTH] Total: 32 | AA: 24 | AAA:  8
#117 10:58:36 | [BOTH] Total: 32 | AA: 24 | AAA:  8
#118 10:58:36 | [BOTH] Total: 32 | AA: 24 | AAA:  8
#119 10:58:37 | [BOTH] Total: 32 | AA: 24 | AAA:  8
#120 10:58:38 | [BOTH] Total: 32 | AA: 24 | AAA:  8
#121 10:58:39 | [BOTH] Total: 32 | AA: 24 | AAA:  8
#122 10:58:39 | [BOTH] Total: 32 | AA: 24 | AAA:  8
#123 10:58:40 | [BOTH] Total: 32 | AA: 24 | AAA:  8
#124 10:58:41 | [BOTH] Total: 32 | AA: 24 | AAA:  8
#125 10:58:42 | [BOTH] Total: 32 | AA: 24 | AAA:  8
#126 10:58:42 | [BOTH] Total: 32 | AA: 24 | AAA:  8
#127 10:58:43 | [BOTH] Total: 32 | AA: 24 | AAA:  8
#128 10:58:44 | [BOTH] Total: 32 | AA: 24 | AAA:  8
#129 10:58:45 | [BOTH] Total: 32 | AA: 24 | AAA:  8
#130 10:58:45 | [BOTH] Total: 32 | AA: 24 | AAA:  8
#131 10:58:46 | [BOTH] Total: 32 | AA: 24 | AAA:  8
#132 10:58:47 | [BOTH] Total: 32 | AA: 24 | AAA:  8
#133 10:58:48 | [BOTH] Total: 32 | AA: 24 | AAA:  8
#134 10:58:48 | [BOTH] Total: 32 | AA: 24 | AAA:  8
#135 10:58:49 | [BOTH] Total: 32 | AA: 24 | AAA:  8
#136 10:58:50 | [BOTH] Total: 32 | AA: 24 | AAA:  8
#137 10:58:51 | [BOTH] Total: 32 | AA: 24 | AAA:  8
#138 10:58:51 | [BOTH] Total: 32 | AA: 24 | AAA:  8
#139 10:58:52 | [BOTH] Total: 32 | AA: 24 | AAA:  8
#140 10:58:53 | [BOTH] Total: 32 | AA: 24 | AAA:  8
#141 10:58:53 | [BOTH] Total: 32 | AA: 24 | AAA:  8
#142 10:58:54 | [BOTH] Total: 32 | AA: 24 | AAA:  8
#143 10:58:55 | [BOTH] Total: 32 | AA: 24 | AAA:  8
#144 10:58:56 | [BOTH] Total: 32 | AA: 24 | AAA:  8
#145 10:58:56 | [BOTH] Total: 32 | AA: 24 | AAA:  8
#146 10:58:57 | [BOTH] Total: 32 | AA: 24 | AAA:  8
#147 10:58:58 | [BOTH] Total: 32 | AA: 24 | AAA:  8
#148 10:58:59 | [BOTH] Total: 32 | AA: 24 | AAA:  8
#149 10:58:59 | [BOTH] Total: 32 | AA: 24 | AAA:  8
#150 10:59:00 | [BOTH] Total: 32 | AA: 24 | AAA:  8
#151 10:59:01 | [BOTH] Total: 32 | AA: 24 | AAA:  8
#152 10:59:02 | [BOTH] Total: 32 | AA: 24 | AAA:  8
#153 10:59:02 | [BOTH] Total: 32 | AA: 24 | AAA:  8
#154 10:59:03 | [BOTH] Total: 32 | AA: 24 | AAA:  8
#155 10:59:04 | [BOTH] Total: 32 | AA: 24 | AAA:  8
#156 10:59:05 | [BOTH] Total: 32 | AA: 24 | AAA:  8
#157 10:59:05 | [BOTH] Total: 32 | AA: 24 | AAA:  8
#158 10:59:06 | [BOTH] Total: 32 | AA: 24 | AAA:  8
#159 10:59:07 | [BOTH] Total: 32 | AA: 24 | AAA:  8
#160 10:59:07 | [BOTH] Total: 32 | AA: 24 | AAA:  8
#161 10:59:08 | [BOTH] Total: 32 | AA: 24 | AAA:  8
#162 10:59:09 | [BOTH] Total: 32 | AA: 24 | AAA:  8
#163 10:59:10 | [BOTH] Total: 32 | AA: 24 | AAA:  8
#164 10:59:10 | [BOTH] Total: 32 | AA: 24 | AAA:  8
#165 10:59:11 | [BOTH] Total: 32 | AA: 24 | AAA:  8
#166 10:59:12 | [BOTH] Total: 32 | AA: 24 | AAA:  8
#167 10:59:13 | [BOTH] Total: 32 | AA: 24 | AAA:  8
#168 10:59:13 | [BOTH] Total: 32 | AA: 24 | AAA:  8
#169 10:59:14 | [BOTH] Total: 32 | AA: 24 | AAA:  8
#170 10:59:15 | [BOTH] Total: 32 | AA: 24 | AAA:  8
#171 10:59:16 | [BOTH] Total: 32 | AA: 24 | AAA:  8
#172 10:59:16 | [BOTH] Total: 32 | AA: 24 | AAA:  8
#173 10:59:17 | [BOTH] Total: 32 | AA: 24 | AAA:  8
#174 10:59:18 | [BOTH] Total: 32 | AA: 24 | AAA:  8
#175 10:59:19 | [BOTH] Total: 32 | AA: 24 | AAA:  8
#176 10:59:19 | [BOTH] Total: 32 | AA: 24 | AAA:  8
#177 10:59:20 | [BOTH] Total: 32 | AA: 24 | AAA:  8
#178 10:59:21 | [BOTH] Total: 32 | AA: 24 | AAA:  8
#179 10:59:21 | [BOTH] Total: 32 | AA: 24 | AAA:  8
#180 10:59:22 | [BOTH] Total: 32 | AA: 24 | AAA:  8
#181 10:59:23 | [BOTH] Total: 32 | AA: 24 | AAA:  8
#182 10:59:24 | [BOTH] Total: 32 | AA: 24 | AAA:  8
#183 10:59:24 | [BOTH] Total: 32 | AA: 24 | AAA:  8
#184 10:59:25 | [BOTH] Total: 32 | AA: 24 | AAA:  8
#185 10:59:26 | [BOTH] Total: 32 | AA: 24 | AAA:  8
#186 10:59:27 | [BOTH] Total: 32 | AA: 24 | AAA:  8
#187 10:59:27 | [BOTH] Total: 32 | AA: 24 | AAA:  8
#188 10:59:28 | [BOTH] Total: 32 | AA: 24 | AAA:  8
#189 10:59:29 | [BOTH] Total: 32 | AA: 24 | AAA:  8
#190 10:59:30 | [BOTH] Total: 32 | AA: 24 | AAA:  8
#191 10:59:30 | [BOTH] Total: 32 | AA: 24 | AAA:  8
#192 10:59:31 | [BOTH] Total: 32 | AA: 24 | AAA:  8
#193 10:59:32 | [BOTH] Total: 32 | AA: 24 | AAA:  8
#194 10:59:33 | [BOTH] Total: 32 | AA: 24 | AAA:  8
#195 10:59:33 | [BOTH] Total: 32 | AA: 24 | AAA:  8
#196 10:59:34 | [BOTH] Total: 32 | AA: 24 | AAA:  8
#197 10:59:35 | [BOTH] Total: 32 | AA: 24 | AAA:  8
#198 10:59:35 | [BOTH] Total: 32 | AA: 24 | AAA:  8
#199 10:59:36 | [BOTH] Total: 32 | AA: 24 | AAA:  8
#200 10:59:37 | [BOTH] Total: 32 | AA: 24 | AAA:  8
#201 10:59:38 | [BOTH] Total: 32 | AA: 24 | AAA:  8
#202 10:59:38 | [BOTH] Total: 32 | AA: 24 | AAA:  8
#203 10:59:39 | [BOTH] Total: 32 | AA: 24 | AAA:  8
#204 10:59:40 | [BOTH] Total: 32 | AA: 24 | AAA:  8
#205 10:59:41 | [BOTH] Total: 32 | AA: 24 | AAA:  8
#206 10:59:41 | [BOTH] Total: 32 | AA: 24 | AAA:  8
#207 10:59:42 | [BOTH] Total: 32 | AA: 24 | AAA:  8
#208 10:59:43 | [BOTH] Total: 32 | AA: 24 | AAA:  8
#209 10:59:44 | [BOTH] Total: 32 | AA: 24 | AAA:  8
#210 10:59:44 | [BOTH] Total: 32 | AA: 24 | AAA:  8
#211 10:59:45 | [BOTH] Total: 32 | AA: 24 | AAA:  8
#212 10:59:46 | [BOTH] Total: 32 | AA: 24 | AAA:  8
#213 10:59:47 | [BOTH] Total: 32 | AA: 24 | AAA:  8
#214 10:59:47 | [BOTH] Total: 32 | AA: 24 | AAA:  8
#215 10:59:48 | [BOTH] Total: 32 | AA: 24 | AAA:  8
#216 10:59:49 | [BOTH] Total: 32 | AA: 24 | AAA:  8
#217 10:59:50 | [BOTH] Total: 32 | AA: 24 | AAA:  8
#218 10:59:50 | [BOTH] Total: 32 | AA: 24 | AAA:  8
#219 10:59:51 | [BOTH] Total: 32 | AA: 24 | AAA:  8
#220 10:59:52 | [BOTH] Total: 32 | AA: 24 | AAA:  8
#221 10:59:52 | [BOTH] Total: 32 | AA: 24 | AAA:  8
#222 10:59:53 | [BOTH] Total: 32 | AA: 24 | AAA:  8
#223 10:59:54 | [BOTH] Total: 32 | AA: 24 | AAA:  8
#224 10:59:55 | [BOTH] Total: 32 | AA: 24 | AAA:  8
#225 10:59:55 | [BOTH] Total: 32 | AA: 24 | AAA:  8
#226 10:59:56 | [BOTH] Total: 32 | AA: 24 | AAA:  8
#227 10:59:57 | [BOTH] Total: 32 | AA: 24 | AAA:  8
#228 10:59:58 | [BOTH] Total: 32 | AA: 24 | AAA:  8
#229 10:59:58 | [BOTH] Total: 32 | AA: 24 | AAA:  8
#230 10:59:59 | [BOTH] Total: 32 | AA: 24 | AAA:  8
#231 11:00:00 | [BOTH] Total: 32 | AA: 24 | AAA:  8
#232 11:00:01 | [BOTH] Total: 32 | AA: 24 | AAA:  8
#233 11:00:01 | [BOTH] Total: 32 | AA: 24 | AAA:  8
#234 11:00:02 | [BOTH] Total: 32 | AA: 24 | AAA:  8
#235 11:00:03 | [BOTH] Total: 32 | AA: 24 | AAA:  8
#236 11:00:04 | [BOTH] Total: 32 | AA: 24 | AAA:  8
#237 11:00:04 | [BOTH] Total: 32 | AA: 24 | AAA:  8
#238 11:00:05 | [BOTH] Total: 32 | AA: 24 | AAA:  8
#239 11:00:06 | [BOTH] Total: 32 | AA: 24 | AAA:  8
#240 11:00:06 | [BOTH] Total: 32 | AA: 24 | AAA:  8
#241 11:00:07 | [BOTH] Total: 32 | AA: 24 | AAA:  8
#242 11:00:08 | [BOTH] Total: 32 | AA: 24 | AAA:  8
#243 11:00:09 | [BOTH] Total: 32 | AA: 24 | AAA:  8
#244 11:00:09 | [BOTH] Total: 32 | AA: 24 | AAA:  8
#245 11:00:10 | [BOTH] Total: 32 | AA: 24 | AAA:  8
#246 11:00:11 | [BOTH] Total: 32 | AA: 24 | AAA:  8
#247 11:00:12 | [BOTH] Total: 32 | AA: 24 | AAA:  8
#248 11:00:12 | [BOTH] Total: 32 | AA: 24 | AAA:  8
#249 11:00:13 | [BOTH] Total: 32 | AA: 24 | AAA:  8
#250 11:00:14 | [BOTH] Total: 32 | AA: 24 | AAA:  8
#251 11:00:15 | [BOTH] Total: 32 | AA: 24 | AAA:  8
#252 11:00:16 | [BOTH] Total: 32 | AA: 24 | AAA:  8
#253 11:00:16 | [BOTH] Total: 32 | AA: 24 | AAA:  8
#254 11:00:17 | [BOTH] Total: 32 | AA: 24 | AAA:  8
#255 11:00:18 | [BOTH] Total: 32 | AA: 24 | AAA:  8
#256 11:00:19 | [BOTH] Total: 32 | AA: 24 | AAA:  8
#257 11:00:19 | [BOTH] Total: 32 | AA: 24 | AAA:  8
#258 11:00:20 | [BOTH] Total: 32 | AA: 24 | AAA:  8
#259 11:00:21 | [BOTH] Total: 32 | AA: 24 | AAA:  8
#260 11:00:21 | [BOTH] Total: 32 | AA: 24 | AAA:  8
#261 11:00:22 | [BOTH] Total: 32 | AA: 24 | AAA:  8
#262 11:00:23 | [BOTH] Total: 32 | AA: 24 | AAA:  8
#263 11:00:24 | [BOTH] Total: 32 | AA: 24 | AAA:  8
#264 11:00:24 | [BOTH] Total: 32 | AA: 24 | AAA:  8
#265 11:00:25 | [BOTH] Total: 32 | AA: 24 | AAA:  8
#266 11:00:26 | [BOTH] Total: 32 | AA: 24 | AAA:  8
#267 11:00:27 | [BOTH] Total: 32 | AA: 24 | AAA:  8
#268 11:00:27 | [BOTH] Total: 32 | AA: 24 | AAA:  8
#269 11:00:28 | [BOTH] Total: 32 | AA: 24 | AAA:  8
#270 11:00:29 | [BOTH] Total: 32 | AA: 24 | AAA:  8
#271 11:00:30 | [BOTH] Total: 32 | AA: 24 | AAA:  8
#272 11:00:30 | [BOTH] Total: 32 | AA: 24 | AAA:  8
#273 11:00:31 | [BOTH] Total: 32 | AA: 24 | AAA:  8
#274 11:00:32 | [BOTH] Total: 32 | AA: 24 | AAA:  8
#275 11:00:33 | [BOTH] Total: 32 | AA: 24 | AAA:  8
#276 11:00:33 | [BOTH] Total: 32 | AA: 24 | AAA:  8
#277 11:00:34 | [BOTH] Total: 32 | AA: 24 | AAA:  8
#278 11:00:35 | [BOTH] Total: 32 | AA: 24 | AAA:  8
#279 11:00:35 | [BOTH] Total: 32 | AA: 24 | AAA:  8
#280 11:00:36 | [BOTH] Total: 32 | AA: 24 | AAA:  8
#281 11:00:37 | [BOTH] Total: 32 | AA: 24 | AAA:  8
#282 11:00:38 | [BOTH] Total: 32 | AA: 24 | AAA:  8
#283 11:00:38 | [BOTH] Total: 32 | AA: 24 | AAA:  8
#284 11:00:39 | [BOTH] Total: 32 | AA: 24 | AAA:  8
#285 11:00:40 | [BOTH] Total: 32 | AA: 24 | AAA:  8
#286 11:00:41 | [BOTH] Total: 32 | AA: 24 | AAA:  8
#287 11:00:41 | [BOTH] Total: 32 | AA: 24 | AAA:  8
#288 11:00:42 | [BOTH] Total: 32 | AA: 24 | AAA:  8
#289 11:00:43 | [BOTH] Total: 32 | AA: 24 | AAA:  8
#290 11:00:44 | [BOTH] Total: 32 | AA: 24 | AAA:  8
#291 11:00:44 | [BOTH] Total: 32 | AA: 24 | AAA:  8
#292 11:00:45 | [BOTH] Total: 32 | AA: 24 | AAA:  8
#293 11:00:46 | [BOTH] Total: 32 | AA: 24 | AAA:  8
#294 11:00:47 | [BOTH] Total: 32 | AA: 24 | AAA:  8
#295 11:00:47 | [BOTH] Total: 32 | AA: 24 | AAA:  8
#296 11:00:48 | [BOTH] Total: 32 | AA: 24 | AAA:  8
#297 11:00:49 | [BOTH] Total: 32 | AA: 24 | AAA:  8
#298 11:00:49 | [BOTH] Total: 32 | AA: 24 | AAA:  8
#299 11:00:50 | [BOTH] Total: 32 | AA: 24 | AAA:  8
#300 11:00:51 | [BOTH] Total: 32 | AA: 24 | AAA:  8
#301 11:00:52 | [BOTH] Total: 32 | AA: 24 | AAA:  8
#302 11:00:52 | [BOTH] Total: 32 | AA: 24 | AAA:  8
#303 11:00:53 | [BOTH] Total: 32 | AA: 24 | AAA:  8
#304 11:00:54 | [BOTH] Total: 32 | AA: 24 | AAA:  8
#305 11:00:55 | [BOTH] Total: 32 | AA: 24 | AAA:  8
#306 11:00:55 | [BOTH] Total: 32 | AA: 24 | AAA:  8
#307 11:00:56 | [BOTH] Total: 32 | AA: 24 | AAA:  8
#308 11:00:57 | [BOTH] Total: 32 | AA: 24 | AAA:  8
#309 11:00:58 | [BOTH] Total: 32 | AA: 24 | AAA:  8
#310 11:00:58 | [BOTH] Total: 32 | AA: 24 | AAA:  8
#311 11:00:59 | [BOTH] Total: 32 | AA: 24 | AAA:  8
#312 11:01:00 | [BOTH] Total: 32 | AA: 24 | AAA:  8
#313 11:01:01 | [BOTH] Total: 32 | AA: 24 | AAA:  8
#314 11:01:01 | [BOTH] Total: 32 | AA: 24 | AAA:  8
#315 11:01:02 | [BOTH] Total: 32 | AA: 24 | AAA:  8
#316 11:01:03 | [BOTH] Total: 32 | AA: 24 | AAA:  8
#317 11:01:03 | [BOTH] Total: 32 | AA: 24 | AAA:  8
#318 11:01:04 | [BOTH] Total: 32 | AA: 24 | AAA:  8
#319 11:01:05 | [BOTH] Total: 32 | AA: 24 | AAA:  8
#320 11:01:06 | [BOTH] Total: 32 | AA: 24 | AAA:  8
#321 11:01:06 | [BOTH] Total: 32 | AA: 24 | AAA:  8
#322 11:01:07 | [BOTH] Total: 32 | AA: 24 | AAA:  8
#323 11:01:08 | [BOTH] Total: 32 | AA: 24 | AAA:  8
#324 11:01:09 | [BOTH] Total: 32 | AA: 24 | AAA:  8
#325 11:01:09 | [BOTH] Total: 32 | AA: 24 | AAA:  8
#326 11:01:10 | [BOTH] Total: 32 | AA: 24 | AAA:  8
#327 11:01:11 | [BOTH] Total: 32 | AA: 24 | AAA:  8
#328 11:01:12 | [BOTH] Total: 32 | AA: 24 | AAA:  8
#329 11:01:12 | [BOTH] Total: 32 | AA: 24 | AAA:  8
#330 11:01:13 | [BOTH] Total: 32 | AA: 24 | AAA:  8
#331 11:01:14 | [BOTH] Total: 32 | AA: 24 | AAA:  8
#332 11:01:15 | [BOTH] Total: 32 | AA: 24 | AAA:  8
#333 11:01:15 | [BOTH] Total: 32 | AA: 24 | AAA:  8
#334 11:01:16 | [BOTH] Total: 32 | AA: 24 | AAA:  8
#335 11:01:17 | [BOTH] Total: 32 | AA: 24 | AAA:  8
#336 11:01:17 | [BOTH] Total: 32 | AA: 24 | AAA:  8
#337 11:01:18 | [BOTH] Total: 32 | AA: 24 | AAA:  8
#338 11:01:19 | [BOTH] Total: 32 | AA: 24 | AAA:  8
#339 11:01:20 | [BOTH] Total: 32 | AA: 24 | AAA:  8
#340 11:01:20 | [BOTH] Total: 32 | AA: 24 | AAA:  8
#341 11:01:21 | [BOTH] Total: 32 | AA: 24 | AAA:  8
#342 11:01:22 | [BOTH] Total: 32 | AA: 24 | AAA:  8
#343 11:01:23 | [BOTH] Total: 32 | AA: 24 | AAA:  8
#344 11:01:23 | [BOTH] Total: 32 | AA: 24 | AAA:  8
#345 11:01:24 | [BOTH] Total: 32 | AA: 24 | AAA:  8
#346 11:01:25 | [BOTH] Total: 32 | AA: 24 | AAA:  8
#347 11:01:26 | [BOTH] Total: 32 | AA: 24 | AAA:  8
#348 11:01:26 | [BOTH] Total: 32 | AA: 24 | AAA:  8
#349 11:01:27 | [BOTH] Total: 32 | AA: 24 | AAA:  8
#350 11:01:28 | [BOTH] Total: 32 | AA: 24 | AAA:  8
#351 11:01:29 | [BOTH] Total: 32 | AA: 24 | AAA:  8
#352 11:01:29 | [BOTH] Total: 32 | AA: 24 | AAA:  8
#353 11:01:30 | [BOTH] Total: 32 | AA: 24 | AAA:  8
#354 11:01:31 | [BOTH] Total: 32 | AA: 24 | AAA:  8
#355 11:01:31 | [BOTH] Total: 32 | AA: 24 | AAA:  8
#356 11:01:32 | [BOTH] Total: 32 | AA: 24 | AAA:  8
#357 11:01:33 | [BOTH] Total: 32 | AA: 24 | AAA:  8
#358 11:01:34 | [BOTH] Total: 32 | AA: 24 | AAA:  8
#359 11:01:34 | [BOTH] Total: 32 | AA: 24 | AAA:  8
#360 11:01:35 | [BOTH] Total: 32 | AA: 24 | AAA:  8
#361 11:01:36 | [BOTH] Total: 32 | AA: 24 | AAA:  8
#362 11:01:37 | [BOTH] Total: 32 | AA: 24 | AAA:  8
#363 11:01:37 | [BOTH] Total: 32 | AA: 24 | AAA:  8
#364 11:01:38 | [BOTH] Total: 32 | AA: 24 | AAA:  8
#365 11:01:39 | [BOTH] Total: 32 | AA: 24 | AAA:  8
#366 11:01:40 | [BOTH] Total: 32 | AA: 24 | AAA:  8
#367 11:01:40 | [BOTH] Total: 32 | AA: 24 | AAA:  8
#368 11:01:41 | [BOTH] Total: 32 | AA: 24 | AAA:  8
#369 11:01:42 | [BOTH] Total: 32 | AA: 24 | AAA:  8
#370 11:01:43 | [BOTH] Total: 32 | AA: 24 | AAA:  8
#371 11:01:43 | [BOTH] Total: 32 | AA: 24 | AAA:  8
#372 11:01:44 | [BOTH] Total: 32 | AA: 24 | AAA:  8
#373 11:01:45 | [BOTH] Total: 32 | AA: 24 | AAA:  8
#374 11:01:46 | [BOTH] Total: 32 | AA: 24 | AAA:  8
#375 11:01:46 | [BOTH] Total: 32 | AA: 24 | AAA:  8
#376 11:01:47 | [BOTH] Total: 32 | AA: 24 | AAA:  8
#377 11:01:48 | [BOTH] Total: 32 | AA: 24 | AAA:  8
#378 11:01:49 | [BOTH] Total: 32 | AA: 24 | AAA:  8
#379 11:01:49 | [BOTH] Total: 32 | AA: 24 | AAA:  8
#380 11:01:50 | [BOTH] Total: 32 | AA: 24 | AAA:  8
#381 11:01:51 | [BOTH] Total: 32 | AA: 24 | AAA:  8
#382 11:01:51 | [BOTH] Total: 32 | AA: 24 | AAA:  8
#383 11:01:52 | [BOTH] Total: 32 | AA: 24 | AAA:  8
#384 11:01:53 | [BOTH] Total: 32 | AA: 24 | AAA:  8
#385 11:01:54 | [BOTH] Total: 32 | AA: 24 | AAA:  8
#386 11:01:54 | [BOTH] Total: 32 | AA: 24 | AAA:  8
#387 11:01:55 | [BOTH] Total: 32 | AA: 24 | AAA:  8
#388 11:01:56 | [BOTH] Total: 32 | AA: 24 | AAA:  8
#389 11:01:57 | [BOTH] Total: 32 | AA: 24 | AAA:  8
#390 11:01:57 | [BOTH] Total: 32 | AA: 24 | AAA:  8
#391 11:01:58 | [BOTH] Total: 32 | AA: 24 | AAA:  8
#392 11:01:59 | [BOTH] Total: 32 | AA: 24 | AAA:  8
#393 11:02:00 | [BOTH] Total: 32 | AA: 24 | AAA:  8
#394 11:02:00 | [BOTH] Total: 32 | AA: 24 | AAA:  8
#395 11:02:01 | [BOTH] Total: 32 | AA: 24 | AAA:  8
#396 11:02:02 | [BOTH] Total: 32 | AA: 24 | AAA:  8
#397 11:02:02 | [BOTH] Total: 32 | AA: 24 | AAA:  8
#398 11:02:03 | [BOTH] Total: 32 | AA: 24 | AAA:  8
#399 11:02:04 | [BOTH] Total: 32 | AA: 24 | AAA:  8
#400 11:02:05 | [BOTH] Total: 32 | AA: 24 | AAA:  8
#401 11:02:05 | [BOTH] Total: 32 | AA: 24 | AAA:  8
#402 11:02:06 | [BOTH] Total: 32 | AA: 24 | AAA:  8
#403 11:02:07 | [BOTH] Total: 32 | AA: 24 | AAA:  8
#404 11:02:08 | [BOTH] Total: 32 | AA: 24 | AAA:  8
#405 11:02:08 | [BOTH] Total: 32 | AA: 24 | AAA:  8
#406 11:02:09 | [BOTH] Total: 32 | AA: 24 | AAA:  8
#407 11:02:10 | [BOTH] Total: 32 | AA: 24 | AAA:  8
#408 11:02:11 | [BOTH] Total: 32 | AA: 24 | AAA:  8
#409 11:02:11 | [BOTH] Total: 32 | AA: 24 | AAA:  8
#410 11:02:12 | [BOTH] Total: 32 | AA: 24 | AAA:  8
#411 11:02:13 | [BOTH] Total: 32 | AA: 24 | AAA:  8
#412 11:02:14 | [BOTH] Total: 32 | AA: 24 | AAA:  8
#413 11:02:14 | [BOTH] Total: 32 | AA: 24 | AAA:  8
#414 11:02:15 | [BOTH] Total: 32 | AA: 24 | AAA:  8
#415 11:02:16 | [BOTH] Total: 32 | AA: 24 | AAA:  8
#416 11:02:17 | [BOTH] Total: 32 | AA: 24 | AAA:  8
#417 11:02:17 | [BOTH] Total: 32 | AA: 24 | AAA:  8
#418 11:02:18 | [BOTH] Total: 32 | AA: 24 | AAA:  8
#419 11:02:19 | [BOTH] Total: 32 | AA: 24 | AAA:  8
#420 11:02:19 | [BOTH] Total: 32 | AA: 24 | AAA:  8
#421 11:02:20 | [BOTH] Total: 32 | AA: 24 | AAA:  8
#422 11:02:21 | [BOTH] Total: 32 | AA: 24 | AAA:  8
#423 11:02:22 | [BOTH] Total: 32 | AA: 24 | AAA:  8
#424 11:02:22 | [BOTH] Total: 32 | AA: 24 | AAA:  8
#425 11:02:23 | [BOTH] Total: 32 | AA: 24 | AAA:  8
#426 11:02:24 | [BOTH] Total: 32 | AA: 24 | AAA:  8
#427 11:02:25 | [BOTH] Total: 32 | AA: 24 | AAA:  8
#428 11:02:25 | [BOTH] Total: 32 | AA: 24 | AAA:  8
#429 11:02:26 | [BOTH] Total: 32 | AA: 24 | AAA:  8
#430 11:02:27 | [BOTH] Total: 32 | AA: 24 | AAA:  8
#431 11:02:28 | [BOTH] Total: 32 | AA: 24 | AAA:  8
#432 11:02:28 | [BOTH] Total: 32 | AA: 24 | AAA:  8
#433 11:02:29 | [BOTH] Total: 32 | AA: 24 | AAA:  8
#434 11:02:30 | [BOTH] Total: 32 | AA: 24 | AAA:  8
#435 11:02:30 | [BOTH] Total: 32 | AA: 24 | AAA:  8
#436 11:02:31 | [BOTH] Total: 32 | AA: 24 | AAA:  8
#437 11:02:32 | [BOTH] Total: 32 | AA: 24 | AAA:  8
#438 11:02:33 | [BOTH] Total: 32 | AA: 24 | AAA:  8
#439 11:02:33 | [BOTH] Total: 32 | AA: 24 | AAA:  8
#440 11:02:34 | [BOTH] Total: 32 | AA: 24 | AAA:  8
#441 11:02:35 | [BOTH] Total: 32 | AA: 24 | AAA:  8
#442 11:02:36 | [BOTH] Total: 32 | AA: 24 | AAA:  8
#443 11:02:36 | [BOTH] Total: 32 | AA: 24 | AAA:  8
#444 11:02:37 | [BOTH] Total: 32 | AA: 24 | AAA:  8
#445 11:02:38 | [BOTH] Total: 32 | AA: 24 | AAA:  8
#446 11:02:39 | [BOTH] Total: 32 | AA: 24 | AAA:  8
#447 11:02:39 | [BOTH] Total: 32 | AA: 24 | AAA:  8
#448 11:02:40 | [BOTH] Total: 32 | AA: 24 | AAA:  8
#449 11:02:41 | [BOTH] Total: 32 | AA: 24 | AAA:  8
#450 11:02:41 | [BOTH] Total: 32 | AA: 24 | AAA:  8
#451 11:02:42 | [BOTH] Total: 32 | AA: 24 | AAA:  8
#452 11:02:43 | [BOTH] Total: 32 | AA: 24 | AAA:  8
#453 11:02:44 | [BOTH] Total: 32 | AA: 24 | AAA:  8
#454 11:02:44 | [BOTH] Total: 32 | AA: 24 | AAA:  8
#455 11:02:45 | [BOTH] Total: 32 | AA: 24 | AAA:  8
#456 11:02:46 | [BOTH] Total: 32 | AA: 24 | AAA:  8
#457 11:02:47 | [BOTH] Total: 32 | AA: 24 | AAA:  8
#458 11:02:47 | [BOTH] Total: 32 | AA: 24 | AAA:  8
#459 11:02:48 | [BOTH] Total: 32 | AA: 24 | AAA:  8
#460 11:02:49 | [BOTH] Total: 32 | AA: 24 | AAA:  8
#461 11:02:50 | [BOTH] Total: 32 | AA: 24 | AAA:  8
#462 11:02:50 | [BOTH] Total: 32 | AA: 24 | AAA:  8
#463 11:02:51 | [BOTH] Total: 32 | AA: 24 | AAA:  8
#464 11:02:52 | [BOTH] Total: 32 | AA: 24 | AAA:  8
#465 11:02:52 | [BOTH] Total: 32 | AA: 24 | AAA:  8
#466 11:02:53 | [BOTH] Total: 32 | AA: 24 | AAA:  8
#467 11:02:54 | [BOTH] Total: 32 | AA: 24 | AAA:  8
#468 11:02:55 | [BOTH] Total: 32 | AA: 24 | AAA:  8
#469 11:02:55 | [BOTH] Total: 32 | AA: 24 | AAA:  8
#470 11:02:56 | [BOTH] Total: 32 | AA: 24 | AAA:  8
#471 11:02:57 | [BOTH] Total: 32 | AA: 24 | AAA:  8
#472 11:02:58 | [BOTH] Total: 32 | AA: 24 | AAA:  8
#473 11:02:58 | [BOTH] Total: 32 | AA: 24 | AAA:  8
#474 11:02:59 | [BOTH] Total: 32 | AA: 24 | AAA:  8
#475 11:03:00 | [BOTH] Total: 32 | AA: 24 | AAA:  8
#476 11:03:01 | [BOTH] Total: 32 | AA: 24 | AAA:  8
#477 11:03:01 | [BOTH] Total: 32 | AA: 24 | AAA:  8
#478 11:03:02 | [BOTH] Total: 32 | AA: 24 | AAA:  8
#479 11:03:03 | [BOTH] Total: 32 | AA: 24 | AAA:  8
#480 11:03:04 | [BOTH] Total: 32 | AA: 24 | AAA:  8
#481 11:03:04 | [BOTH] Total: 32 | AA: 24 | AAA:  8
#482 11:03:05 | [BOTH] Total: 32 | AA: 24 | AAA:  8
#483 11:03:06 | [BOTH] Total: 32 | AA: 24 | AAA:  8
#484 11:03:06 | [BOTH] Total: 32 | AA: 24 | AAA:  8
#485 11:03:07 | [BOTH] Total: 32 | AA: 24 | AAA:  8
#486 11:03:08 | [BOTH] Total: 32 | AA: 24 | AAA:  8
#487 11:03:09 | [BOTH] Total: 32 | AA: 24 | AAA:  8
#488 11:03:09 | [BOTH] Total: 32 | AA: 24 | AAA:  8
#489 11:03:10 | [BOTH] Total: 32 | AA: 24 | AAA:  8
#490 11:03:11 | [BOTH] Total: 32 | AA: 24 | AAA:  8
#491 11:03:12 | [BOTH] Total: 32 | AA: 24 | AAA:  8
#492 11:03:12 | [BOTH] Total: 32 | AA: 24 | AAA:  8
#493 11:03:13 | [BOTH] Total: 32 | AA: 24 | AAA:  8
#494 11:03:14 | [BOTH] Total: 32 | AA: 24 | AAA:  8
#495 11:03:15 | [BOTH] Total: 32 | AA: 24 | AAA:  8
#496 11:03:15 | [BOTH] Total: 32 | AA: 24 | AAA:  8
#497 11:03:16 | [BOTH] Total: 32 | AA: 24 | AAA:  8
#498 11:03:17 | [BOTH] Total: 32 | AA: 24 | AAA:  8
#499 11:03:18 | [BOTH] Total: 32 | AA: 24 | AAA:  8
#500 11:03:18 | [BOTH] Total: 32 | AA: 24 | AAA:  8
#501 11:03:19 | [BOTH] Total: 32 | AA: 24 | AAA:  8
#502 11:03:20 | [BOTH] Total: 32 | AA: 24 | AAA:  8
#503 11:03:21 | [BOTH] Total: 32 | AA: 24 | AAA:  8
#504 11:03:21 | [BOTH] Total: 32 | AA: 24 | AAA:  8
#505 11:03:22 | [BOTH] Total: 32 | AA: 24 | AAA:  8
#506 11:03:23 | [BOTH] Total: 32 | AA: 24 | AAA:  8
#507 11:03:24 | [BOTH] Total: 32 | AA: 24 | AAA:  8
#508 11:03:24 | [BOTH] Total: 32 | AA: 24 | AAA:  8
#509 11:03:25 | [BOTH] Total: 32 | AA: 24 | AAA:  8
#510 11:03:26 | [BOTH] Total: 32 | AA: 24 | AAA:  8
#511 11:03:27 | [BOTH] Total: 32 | AA: 24 | AAA:  8
#512 11:03:27 | [BOTH] Total: 32 | AA: 24 | AAA:  8
#513 11:03:28 | [BOTH] Total: 32 | AA: 24 | AAA:  8
#514 11:03:29 | [BOTH] Total: 32 | AA: 24 | AAA:  8
#515 11:03:29 | [BOTH] Total: 32 | AA: 24 | AAA:  8
#516 11:03:30 | [BOTH] Total: 32 | AA: 24 | AAA:  8
#517 11:03:31 | [BOTH] Total: 32 | AA: 24 | AAA:  8
#518 11:03:32 | [BOTH] Total: 32 | AA: 24 | AAA:  8
#519 11:03:32 | [BOTH] Total: 32 | AA: 24 | AAA:  8
#520 11:03:33 | [BOTH] Total: 32 | AA: 24 | AAA:  8
#521 11:03:34 | [BOTH] Total: 32 | AA: 24 | AAA:  8
#522 11:03:35 | [BOTH] Total: 32 | AA: 24 | AAA:  8
#523 11:03:35 | [BOTH] Total: 32 | AA: 24 | AAA:  8
#524 11:03:36 | [BOTH] Total: 32 | AA: 24 | AAA:  8
#525 11:03:37 | [BOTH] Total: 32 | AA: 24 | AAA:  8
#526 11:03:38 | [BOTH] Total: 32 | AA: 24 | AAA:  8
#527 11:03:38 | [BOTH] Total: 32 | AA: 24 | AAA:  8
#528 11:03:39 | [BOTH] Total: 32 | AA: 24 | AAA:  8
#529 11:03:40 | [BOTH] Total: 32 | AA: 24 | AAA:  8
#530 11:03:41 | [BOTH] Total: 32 | AA: 24 | AAA:  8
#531 11:03:41 | [BOTH] Total: 32 | AA: 24 | AAA:  8
#532 11:03:42 | [BOTH] Total: 32 | AA: 24 | AAA:  8
#533 11:03:43 | [BOTH] Total: 32 | AA: 24 | AAA:  8
#534 11:03:43 | [BOTH] Total: 32 | AA: 24 | AAA:  8
#535 11:03:44 | [BOTH] Total: 32 | AA: 24 | AAA:  8
#536 11:03:45 | [BOTH] Total: 32 | AA: 24 | AAA:  8
#537 11:03:46 | [BOTH] Total: 32 | AA: 24 | AAA:  8
#538 11:03:46 | [BOTH] Total: 32 | AA: 24 | AAA:  8
#539 11:03:47 | [BOTH] Total: 32 | AA: 24 | AAA:  8
#540 11:03:48 | [BOTH] Total: 32 | AA: 24 | AAA:  8
#541 11:03:49 | [BOTH] Total: 32 | AA: 24 | AAA:  8
#542 11:03:49 | [BOTH] Total: 32 | AA: 24 | AAA:  8
#543 11:03:50 | [BOTH] Total: 32 | AA: 24 | AAA:  8
#544 11:03:51 | [BOTH] Total: 32 | AA: 24 | AAA:  8
#545 11:03:52 | [BOTH] Total: 32 | AA: 24 | AAA:  8
#546 11:03:52 | [BOTH] Total: 32 | AA: 24 | AAA:  8
#547 11:03:53 | [BOTH] Total: 32 | AA: 24 | AAA:  8
#548 11:03:54 | [BOTH] Total: 32 | AA: 24 | AAA:  8
#549 11:03:54 | [BOTH] Total: 32 | AA: 24 | AAA:  8
#550 11:03:55 | [BOTH] Total: 32 | AA: 24 | AAA:  8
#551 11:03:56 | [BOTH] Total: 32 | AA: 24 | AAA:  8
#552 11:03:57 | [BOTH] Total: 32 | AA: 24 | AAA:  8
#553 11:03:57 | [BOTH] Total: 32 | AA: 24 | AAA:  8
#554 11:03:58 | [BOTH] Total: 32 | AA: 24 | AAA:  8
#555 11:03:59 | [BOTH] Total: 32 | AA: 24 | AAA:  8
#556 11:04:00 | [BOTH] Total: 32 | AA: 24 | AAA:  8
#557 11:04:00 | [BOTH] Total: 32 | AA: 24 | AAA:  8
#558 11:04:01 | [BOTH] Total: 32 | AA: 24 | AAA:  8
#559 11:04:02 | [BOTH] Total: 32 | AA: 24 | AAA:  8
#560 11:04:03 | [BOTH] Total: 32 | AA: 24 | AAA:  8
#561 11:04:04 | [BOTH] Total: 32 | AA: 24 | AAA:  8
#562 11:04:08 | [BOTH] Total: 32 | AA: 24 | AAA:  8
#563 11:04:09 | [BOTH] Total: 32 | AA: 24 | AAA:  8
#564 11:04:10 | [BOTH] Total: 32 | AA: 24 | AAA:  8
#565 11:04:11 | [BOTH] Total: 32 | AA: 24 | AAA:  8
#566 11:04:11 | [BOTH] Total: 32 | AA: 24 | AAA:  8
#567 11:04:12 | [BOTH] Total: 32 | AA: 24 | AAA:  8
#568 11:04:13 | [BOTH] Total: 32 | AA: 24 | AAA:  8
#569 11:04:14 | [BOTH] Total: 32 | AA: 24 | AAA:  8
#570 11:04:15 | [BOTH] Total: 32 | AA: 24 | AAA:  8
#571 11:04:15 | [BOTH] Total: 32 | AA: 24 | AAA:  8
#572 11:04:16 | [BOTH] Total: 32 | AA: 24 | AAA:  8
#573 11:04:17 | [BOTH] Total: 32 | AA: 24 | AAA:  8
#574 11:04:18 | [BOTH] Total: 32 | AA: 24 | AAA:  8
#575 11:04:19 | [BOTH] Total: 32 | AA: 24 | AAA:  8
#576 11:04:20 | [BOTH] Total: 32 | AA: 24 | AAA:  8
#577 11:04:20 | [BOTH] Total: 32 | AA: 24 | AAA:  8
#578 11:04:21 | [BOTH] Total: 32 | AA: 24 | AAA:  8
#579 11:04:22 | [BOTH] Total: 32 | AA: 24 | AAA:  8
#580 11:04:23 | [BOTH] Total: 32 | AA: 24 | AAA:  8
#581 11:04:24 | [BOTH] Total: 32 | AA: 24 | AAA:  8
#582 11:04:24 | [BOTH] Total: 32 | AA: 24 | AAA:  8
#583 11:04:25 | [BOTH] Total: 32 | AA: 24 | AAA:  8
#584 11:04:26 | [BOTH] Total: 32 | AA: 24 | AAA:  8
#585 11:04:27 | [BOTH] Total: 32 | AA: 24 | AAA:  8
#586 11:04:28 | [BOTH] Total: 32 | AA: 24 | AAA:  8
#587 11:04:29 | [BOTH] Total: 32 | AA: 24 | AAA:  8
#588 11:04:29 | [BOTH] Total: 32 | AA: 24 | AAA:  8
#589 11:04:30 | [BOTH] Total: 32 | AA: 24 | AAA:  8
#590 11:04:31 | [BOTH] Total: 32 | AA: 24 | AAA:  8
#591 11:04:32 | [BOTH] Total: 32 | AA: 24 | AAA:  8
#592 11:04:33 | [BOTH] Total: 32 | AA: 24 | AAA:  8
#593 11:04:33 | [BOTH] Total: 32 | AA: 24 | AAA:  8
#594 11:04:34 | [BOTH] Total: 32 | AA: 24 | AAA:  8
#595 11:04:35 | [BOTH] Total: 32 | AA: 24 | AAA:  8
#596 11:04:36 | [BOTH] Total: 32 | AA: 24 | AAA:  8
#597 11:04:37 | [BOTH] Total: 32 | AA: 24 | AAA:  8
#598 11:04:38 | [BOTH] Total: 32 | AA: 24 | AAA:  8
#599 11:04:38 | [BOTH] Total: 32 | AA: 24 | AAA:  8
#600 11:04:39 | [BOTH] Total: 32 | AA: 24 | AAA:  8
#601 11:04:40 | [BOTH] Total: 32 | AA: 24 | AAA:  8
#602 11:04:41 | [BOTH] Total: 32 | AA: 24 | AAA:  8
#603 11:04:42 | [BOTH] Total: 32 | AA: 24 | AAA:  8
#604 11:04:42 | [BOTH] Total: 32 | AA: 24 | AAA:  8
#605 11:04:43 | [BOTH] Total: 32 | AA: 24 | AAA:  8
#606 11:04:44 | [BOTH] Total: 32 | AA: 24 | AAA:  8
#607 11:04:45 | [BOTH] Total: 32 | AA: 24 | AAA:  8
#608 11:04:46 | [BOTH] Total: 32 | AA: 24 | AAA:  8
#609 11:04:47 | [BOTH] Total: 32 | AA: 24 | AAA:  8
#610 11:04:47 | [BOTH] Total: 32 | AA: 24 | AAA:  8
#611 11:04:48 | [BOTH] Total: 32 | AA: 24 | AAA:  8
#612 11:04:49 | [BOTH] Total: 32 | AA: 24 | AAA:  8
#613 11:04:50 | [BOTH] Total: 32 | AA: 24 | AAA:  8
#614 11:04:51 | [BOTH] Total: 32 | AA: 24 | AAA:  8
#615 11:04:51 | [BOTH] Total: 32 | AA: 24 | AAA:  8
#616 11:04:52 | [BOTH] Total: 32 | AA: 24 | AAA:  8
#617 11:04:53 | [BOTH] Total: 32 | AA: 24 | AAA:  8
#618 11:04:54 | [BOTH] Total: 32 | AA: 24 | AAA:  8
#619 11:04:55 | [BOTH] Total: 32 | AA: 24 | AAA:  8
#620 11:04:56 | [BOTH] Total: 32 | AA: 24 | AAA:  8
#621 11:04:56 | [BOTH] Total: 32 | AA: 24 | AAA:  8
#622 11:04:57 | [BOTH] Total: 32 | AA: 24 | AAA:  8
#623 11:04:58 | [BOTH] Total: 32 | AA: 24 | AAA:  8
#624 11:04:59 | [BOTH] Total: 32 | AA: 24 | AAA:  8
#625 11:05:00 | [BOTH] Total: 32 | AA: 24 | AAA:  8
#626 11:05:00 | [BOTH] Total: 32 | AA: 24 | AAA:  8
#627 11:05:01 | [BOTH] Total: 32 | AA: 24 | AAA:  8
#628 11:05:02 | [BOTH] Total: 32 | AA: 24 | AAA:  8
#629 11:05:03 | [BOTH] Total: 32 | AA: 24 | AAA:  8
#630 11:05:04 | [BOTH] Total: 32 | AA: 24 | AAA:  8
#631 11:05:05 | [BOTH] Total: 32 | AA: 24 | AAA:  8
#632 11:05:05 | [BOTH] Total: 32 | AA: 24 | AAA:  8
#633 11:05:06 | [BOTH] Total: 32 | AA: 24 | AAA:  8
#634 11:05:07 | [BOTH] Total: 32 | AA: 24 | AAA:  8
#635 11:05:08 | [BOTH] Total: 32 | AA: 24 | AAA:  8
#636 11:05:09 | [BOTH] Total: 32 | AA: 24 | AAA:  8
#637 11:05:09 | [BOTH] Total: 32 | AA: 24 | AAA:  8
#638 11:05:10 | [BOTH] Total: 32 | AA: 24 | AAA:  8
#639 11:05:11 | [BOTH] Total: 32 | AA: 24 | AAA:  8
#640 11:05:12 | [BOTH] Total: 32 | AA: 24 | AAA:  8
#641 11:05:13 | [BOTH] Total: 32 | AA: 24 | AAA:  8
#642 11:05:14 | [BOTH] Total: 32 | AA: 24 | AAA:  8
#643 11:05:14 | [BOTH] Total: 32 | AA: 24 | AAA:  8
#644 11:05:15 | [BOTH] Total: 32 | AA: 24 | AAA:  8
#645 11:05:16 | [BOTH] Total: 32 | AA: 24 | AAA:  8
#646 11:05:17 | [BOTH] Total: 32 | AA: 24 | AAA:  8
#647 11:05:18 | [BOTH] Total: 32 | AA: 24 | AAA:  8
#648 11:05:18 | [BOTH] Total: 32 | AA: 24 | AAA:  8
#649 11:05:19 | [BOTH] Total: 32 | AA: 24 | AAA:  8
#650 11:05:20 | [BOTH] Total: 32 | AA: 24 | AAA:  8
#651 11:05:21 | [BOTH] Total: 32 | AA: 24 | AAA:  8
#652 11:05:21 | [BOTH] Total: 32 | AA: 24 | AAA:  8
#653 11:05:22 | [BOTH] Total: 32 | AA: 24 | AAA:  8
#654 11:05:23 | [BOTH] Total: 32 | AA: 24 | AAA:  8
#655 11:05:24 | [BOTH] Total: 32 | AA: 24 | AAA:  8
#656 11:05:24 | [BOTH] Total: 32 | AA: 24 | AAA:  8
#657 11:05:25 | [BOTH] Total: 32 | AA: 24 | AAA:  8
#658 11:05:26 | [BOTH] Total: 32 | AA: 24 | AAA:  8
#659 11:05:27 | [BOTH] Total: 32 | AA: 24 | AAA:  8
#660 11:05:32 | ❌ Connection failed
#661 11:05:33 | [BOTH] Total: 32 | AA: 24 | AAA:  8
#662 11:05:34 | [BOTH] Total: 32 | AA: 24 | AAA:  8
#663 11:05:34 | [BOTH] Total: 32 | AA: 24 | AAA:  8
#664 11:05:35 | [BOTH] Total: 32 | AA: 24 | AAA:  8
#665 11:05:36 | [BOTH] Total: 32 | AA: 24 | AAA:  8
#666 11:05:37 | [BOTH] Total: 32 | AA: 24 | AAA:  8
#667 11:05:38 | [BOTH] Total: 32 | AA: 24 | AAA:  8
#668 11:05:38 | [BOTH] Total: 32 | AA: 24 | AAA:  8
#669 11:05:39 | [BOTH] Total: 32 | AA: 24 | AAA:  8
#670 11:05:40 | [BOTH] Total: 32 | AA: 24 | AAA:  8
#671 11:05:40 | [BOTH] Total: 32 | AA: 24 | AAA:  8
#672 11:05:41 | [BOTH] Total: 32 | AA: 24 | AAA:  8
#673 11:05:42 | [BOTH] Total: 32 | AA: 24 | AAA:  8
#674 11:05:43 | [BOTH] Total: 32 | AA: 24 | AAA:  8
#675 11:05:43 | [BOTH] Total: 32 | AA: 24 | AAA:  8
#676 11:05:44 | [BOTH] Total: 32 | AA: 24 | AAA:  8
#677 11:05:50 | ❌ Connection failed
#678 11:05:56 | ❌ Connection failed
#679 11:06:01 | ❌ Connection failed
#680 11:06:07 | ❌ Connection failed
#681 11:06:13 | ❌ Connection failed
#682 11:06:18 | ❌ Connection failed
#683 11:06:24 | ❌ Connection failed
#684 11:06:30 | ❌ Connection failed
#685 11:06:35 | ❌ Connection failed
#686 11:06:36 | [BOTH] Total: 32 | AA: 24 | AAA:  8
#687 11:06:37 | [BOTH] Total: 32 | AA: 24 | AAA:  8
#688 11:06:38 | [BOTH] Total: 32 | AA: 24 | AAA:  8
#689 11:06:38 | [BOTH] Total: 32 | AA: 24 | AAA:  8
#690 11:06:39 | [BOTH] Total: 32 | AA: 24 | AAA:  8
#691 11:06:40 | [BOTH] Total: 32 | AA: 24 | AAA:  8
#692 11:06:41 | [BOTH] Total: 32 | AA: 24 | AAA:  8
#693 11:06:41 | [BOTH] Total: 32 | AA: 24 | AAA:  8
#694 11:06:42 | [BOTH] Total: 32 | AA: 24 | AAA:  8
#695 11:06:43 | [BOTH] Total: 32 | AA: 24 | AAA:  8
#696 11:06:44 | [BOTH] Total: 32 | AA: 24 | AAA:  8
#697 11:06:44 | [BOTH] Total: 32 | AA: 24 | AAA:  8
#698 11:06:45 | [BOTH] Total: 32 | AA: 24 | AAA:  8
#699 11:06:46 | [BOTH] Total: 32 | AA: 24 | AAA:  8
#700 11:06:47 | [BOTH] Total: 32 | AA: 24 | AAA:  8
#701 11:06:47 | [BOTH] Total: 32 | AA: 24 | AAA:  8
#702 11:06:48 | [BOTH] Total: 32 | AA: 24 | AAA:  8
#703 11:06:49 | [BOTH] Total: 32 | AA: 24 | AAA:  8
#704 11:06:50 | [BOTH] Total: 32 | AA: 24 | AAA:  8
#705 11:06:50 | [BOTH] Total: 32 | AA: 24 | AAA:  8
#706 11:06:51 | [BOTH] Total: 32 | AA: 24 | AAA:  8
#707 11:06:52 | [BOTH] Total: 32 | AA: 24 | AAA:  8
#708 11:06:53 | [BOTH] Total: 32 | AA: 24 | AAA:  8
#709 11:06:53 | [BOTH] Total: 32 | AA: 24 | AAA:  8
#710 11:06:54 | [BOTH] Total: 32 | AA: 24 | AAA:  8
#711 11:06:55 | [BOTH] Total: 32 | AA: 24 | AAA:  8
#712 11:06:56 | [BOTH] Total: 32 | AA: 24 | AAA:  8
#713 11:06:56 | [BOTH] Total: 32 | AA: 24 | AAA:  8
#714 11:06:57 | [BOTH] Total: 32 | AA: 24 | AAA:  8
#715 11:06:58 | [BOTH] Total: 32 | AA: 24 | AAA:  8
#716 11:06:58 | [BOTH] Total: 32 | AA: 24 | AAA:  8
#717 11:06:59 | [BOTH] Total: 32 | AA: 24 | AAA:  8
#718 11:07:00 | [BOTH] Total: 32 | AA: 24 | AAA:  8
#719 11:07:01 | [BOTH] Total: 32 | AA: 24 | AAA:  8
#720 11:07:01 | [BOTH] Total: 32 | AA: 24 | AAA:  8
#721 11:07:02 | [BOTH] Total: 32 | AA: 24 | AAA:  8
#722 11:07:03 | [BOTH] Total: 32 | AA: 24 | AAA:  8
#723 11:07:04 | [BOTH] Total: 32 | AA: 24 | AAA:  8
#724 11:07:04 | [BOTH] Total: 32 | AA: 24 | AAA:  8
#725 11:07:05 | [BOTH] Total: 32 | AA: 24 | AAA:  8
#726 11:07:06 | [BOTH] Total: 32 | AA: 24 | AAA:  8
#727 11:07:07 | [BOTH] Total: 32 | AA: 24 | AAA:  8
#728 11:07:07 | [BOTH] Total: 32 | AA: 24 | AAA:  8
#729 11:07:08 | [BOTH] Total: 32 | AA: 24 | AAA:  8
#730 11:07:09 | [BOTH] Total: 32 | AA: 24 | AAA:  8
#731 11:07:10 | [BOTH] Total: 32 | AA: 24 | AAA:  8
#732 11:07:10 | [BOTH] Total: 32 | AA: 24 | AAA:  8
#733 11:07:11 | [BOTH] Total: 32 | AA: 24 | AAA:  8
#734 11:07:12 | [BOTH] Total: 32 | AA: 24 | AAA:  8
#735 11:07:12 | [BOTH] Total: 32 | AA: 24 | AAA:  8
#736 11:07:13 | [BOTH] Total: 32 | AA: 24 | AAA:  8
#737 11:07:14 | [BOTH] Total: 32 | AA: 24 | AAA:  8
#738 11:07:15 | [BOTH] Total: 32 | AA: 24 | AAA:  8
#739 11:07:15 | [BOTH] Total: 32 | AA: 24 | AAA:  8
#740 11:07:16 | [BOTH] Total: 32 | AA: 24 | AAA:  8
#741 11:07:17 | [BOTH] Total: 32 | AA: 24 | AAA:  8
#742 11:07:18 | [BOTH] Total: 32 | AA: 24 | AAA:  8
#743 11:07:18 | [BOTH] Total: 32 | AA: 24 | AAA:  8
#744 11:07:19 | [BOTH] Total: 32 | AA: 24 | AAA:  8
#745 11:07:20 | [BOTH] Total: 32 | AA: 24 | AAA:  8
#746 11:07:21 | [BOTH] Total: 32 | AA: 24 | AAA:  8
#747 11:07:21 | [BOTH] Total: 32 | AA: 24 | AAA:  8
#748 11:07:22 | [BOTH] Total: 32 | AA: 24 | AAA:  8
#749 11:07:23 | [BOTH] Total: 32 | AA: 24 | AAA:  8
#750 11:07:23 | [BOTH] Total: 32 | AA: 24 | AAA:  8
#751 11:07:24 | [BOTH] Total: 32 | AA: 24 | AAA:  8
#752 11:07:25 | [BOTH] Total: 32 | AA: 24 | AAA:  8
#753 11:07:26 | [BOTH] Total: 32 | AA: 24 | AAA:  8
#754 11:07:27 | [BOTH] Total: 32 | AA: 24 | AAA:  8
#755 11:07:28 | [BOTH] Total: 32 | AA: 24 | AAA:  8
#756 11:07:29 | [BOTH] Total: 32 | AA: 24 | AAA:  8
#757 11:07:29 | [BOTH] Total: 32 | AA: 24 | AAA:  8
#758 11:07:30 | [BOTH] Total: 32 | AA: 24 | AAA:  8
#759 11:07:31 | [BOTH] Total: 32 | AA: 24 | AAA:  8
#760 11:07:32 | [BOTH] Total: 32 | AA: 24 | AAA:  8
#761 11:07:32 | [BOTH] Total: 32 | AA: 24 | AAA:  8
#762 11:07:33 | [BOTH] Total: 32 | AA: 24 | AAA:  8
#763 11:07:34 | [BOTH] Total: 32 | AA: 24 | AAA:  8
#764 11:07:35 | [BOTH] Total: 32 | AA: 24 | AAA:  8
#765 11:07:35 | [BOTH] Total: 32 | AA: 24 | AAA:  8
#766 11:07:36 | [BOTH] Total: 32 | AA: 24 | AAA:  8
#767 11:07:37 | [BOTH] Total: 32 | AA: 24 | AAA:  8
#768 11:07:38 | [BOTH] Total: 32 | AA: 24 | AAA:  8
#769 11:07:38 | [BOTH] Total: 32 | AA: 24 | AAA:  8
#770 11:07:39 | [BOTH] Total: 32 | AA: 24 | AAA:  8
#771 11:07:40 | [BOTH] Total: 32 | AA: 24 | AAA:  8
#772 11:07:40 | [BOTH] Total: 32 | AA: 24 | AAA:  8
#773 11:07:41 | [BOTH] Total: 32 | AA: 24 | AAA:  8
#774 11:07:42 | [BOTH] Total: 32 | AA: 24 | AAA:  8
#775 11:07:43 | [BOTH] Total: 32 | AA: 24 | AAA:  8
#776 11:07:44 | [BOTH] Total: 32 | AA: 24 | AAA:  8
#777 11:07:49 | [BOTH] Total: 32 | AA: 24 | AAA:  8
#778 11:07:50 | [BOTH] Total: 32 | AA: 24 | AAA:  8
#779 11:07:50 | [BOTH] Total: 32 | AA: 24 | AAA:  8
#780 11:07:51 | [BOTH] Total: 32 | AA: 24 | AAA:  8
#781 11:07:52 | [BOTH] Total: 32 | AA: 24 | AAA:  8
#782 11:07:53 | [BOTH] Total: 32 | AA: 24 | AAA:  8
#783 11:07:54 | [BOTH] Total: 32 | AA: 24 | AAA:  8
#784 11:07:55 | [BOTH] Total: 32 | AA: 24 | AAA:  8
#785 11:07:55 | [BOTH] Total: 32 | AA: 24 | AAA:  8
#786 11:07:56 | [BOTH] Total: 32 | AA: 24 | AAA:  8
#787 11:07:57 | [BOTH] Total: 32 | AA: 24 | AAA:  8
#788 11:07:58 | [BOTH] Total: 32 | AA: 24 | AAA:  8
#789 11:07:59 | [BOTH] Total: 32 | AA: 24 | AAA:  8
#790 11:07:59 | [BOTH] Total: 32 | AA: 24 | AAA:  8
#791 11:08:00 | [BOTH] Total: 32 | AA: 24 | AAA:  8
#792 11:08:01 | [BOTH] Total: 32 | AA: 24 | AAA:  8
#793 11:08:02 | [BOTH] Total: 32 | AA: 24 | AAA:  8
#794 11:08:03 | [BOTH] Total: 32 | AA: 24 | AAA:  8
#795 11:08:04 | [BOTH] Total: 32 | AA: 24 | AAA:  8
#796 11:08:04 | [BOTH] Total: 32 | AA: 24 | AAA:  8
#797 11:08:05 | [BOTH] Total: 32 | AA: 24 | AAA:  8
#798 11:08:06 | [BOTH] Total: 32 | AA: 24 | AAA:  8
#799 11:08:07 | [BOTH] Total: 32 | AA: 24 | AAA:  8
#800 11:08:08 | [BOTH] Total: 32 | AA: 24 | AAA:  8
#801 11:08:09 | [BOTH] Total: 32 | AA: 24 | AAA:  8
#802 11:08:09 | [BOTH] Total: 32 | AA: 24 | AAA:  8
#803 11:08:10 | [BOTH] Total: 32 | AA: 24 | AAA:  8
#804 11:08:11 | [BOTH] Total: 32 | AA: 24 | AAA:  8
#805 11:08:12 | [BOTH] Total: 32 | AA: 24 | AAA:  8
#806 11:08:13 | [BOTH] Total: 32 | AA: 24 | AAA:  8
#807 11:08:13 | [BOTH] Total: 32 | AA: 24 | AAA:  8
#808 11:08:14 | [BOTH] Total: 32 | AA: 24 | AAA:  8
#809 11:08:15 | [BOTH] Total: 32 | AA: 24 | AAA:  8
#810 11:08:16 | [BOTH] Total: 32 | AA: 24 | AAA:  8
#811 11:08:17 | [BOTH] Total: 32 | AA: 24 | AAA:  8
#812 11:08:17 | [BOTH] Total: 32 | AA: 24 | AAA:  8
#813 11:08:18 | [BOTH] Total: 32 | AA: 24 | AAA:  8
#814 11:08:19 | [BOTH] Total: 32 | AA: 24 | AAA:  8
#815 11:08:20 | [BOTH] Total: 32 | AA: 24 | AAA:  8
#816 11:08:21 | [BOTH] Total: 32 | AA: 24 | AAA:  8
#817 11:08:22 | [BOTH] Total: 32 | AA: 24 | AAA:  8
#818 11:08:22 | [BOTH] Total: 32 | AA: 24 | AAA:  8
#819 11:08:23 | [BOTH] Total: 32 | AA: 24 | AAA:  8
#820 11:08:24 | [BOTH] Total: 32 | AA: 24 | AAA:  8
#821 11:08:25 | [BOTH] Total: 32 | AA: 24 | AAA:  8
#822 11:08:26 | [BOTH] Total: 32 | AA: 24 | AAA:  8
#823 11:08:26 | [BOTH] Total: 32 | AA: 24 | AAA:  8
#824 11:08:27 | [BOTH] Total: 32 | AA: 24 | AAA:  8
#825 11:08:28 | [BOTH] Total: 32 | AA: 24 | AAA:  8
#826 11:08:29 | [BOTH] Total: 32 | AA: 24 | AAA:  8
#827 11:08:30 | [BOTH] Total: 32 | AA: 24 | AAA:  8
#828 11:08:31 | [BOTH] Total: 32 | AA: 24 | AAA:  8
#829 11:08:31 | [BOTH] Total: 32 | AA: 24 | AAA:  8
#830 11:08:32 | [BOTH] Total: 32 | AA: 24 | AAA:  8
#831 11:08:33 | [BOTH] Total: 32 | AA: 24 | AAA:  8
#832 11:08:34 | [BOTH] Total: 32 | AA: 24 | AAA:  8
#833 11:08:35 | [BOTH] Total: 32 | AA: 24 | AAA:  8
#834 11:08:36 | [BOTH] Total: 32 | AA: 24 | AAA:  8
#835 11:08:36 | [BOTH] Total: 32 | AA: 24 | AAA:  8
#836 11:08:37 | [BOTH] Total: 32 | AA: 24 | AAA:  8
#837 11:08:38 | [BOTH] Total: 32 | AA: 24 | AAA:  8
#838 11:08:39 | [BOTH] Total: 32 | AA: 24 | AAA:  8
#839 11:08:40 | [BOTH] Total: 32 | AA: 24 | AAA:  8
#840 11:08:40 | [BOTH] Total: 32 | AA: 24 | AAA:  8
#841 11:08:41 | [BOTH] Total: 32 | AA: 24 | AAA:  8
#842 11:08:42 | [BOTH] Total: 32 | AA: 24 | AAA:  8
#843 11:08:43 | [BOTH] Total: 32 | AA: 24 | AAA:  8
#844 11:08:44 | [BOTH] Total: 32 | AA: 24 | AAA:  8
#845 11:08:45 | [BOTH] Total: 32 | AA: 24 | AAA:  8
#846 11:08:45 | [BOTH] Total: 32 | AA: 24 | AAA:  8
#847 11:08:46 | [BOTH] Total: 32 | AA: 24 | AAA:  8
#848 11:08:47 | [BOTH] Total: 32 | AA: 24 | AAA:  8
#849 11:08:48 | [BOTH] Total: 32 | AA: 24 | AAA:  8
#850 11:08:49 | [BOTH] Total: 32 | AA: 24 | AAA:  8
#851 11:08:49 | [BOTH] Total: 32 | AA: 24 | AAA:  8
#852 11:08:50 | [BOTH] Total: 32 | AA: 24 | AAA:  8
#853 11:08:51 | [BOTH] Total: 32 | AA: 24 | AAA:  8
#854 11:08:52 | [BOTH] Total: 32 | AA: 24 | AAA:  8
#855 11:08:53 | [BOTH] Total: 32 | AA: 24 | AAA:  8
#856 11:08:54 | [BOTH] Total: 32 | AA: 24 | AAA:  8
#857 11:08:54 | [BOTH] Total: 32 | AA: 24 | AAA:  8
#858 11:08:55 | [BOTH] Total: 32 | AA: 24 | AAA:  8
#859 11:08:56 | [BOTH] Total: 32 | AA: 24 | AAA:  8
#860 11:08:57 | [BOTH] Total: 32 | AA: 24 | AAA:  8
#861 11:08:58 | [BOTH] Total: 32 | AA: 24 | AAA:  8
#862 11:08:58 | [BOTH] Total: 32 | AA: 24 | AAA:  8
#863 11:08:59 | [BOTH] Total: 32 | AA: 24 | AAA:  8
#864 11:09:00 | [BOTH] Total: 32 | AA: 24 | AAA:  8
#865 11:09:01 | [BOTH] Total: 32 | AA: 24 | AAA:  8
#866 11:09:01 | [BOTH] Total: 32 | AA: 24 | AAA:  8
#867 11:09:02 | [BOTH] Total: 32 | AA: 24 | AAA:  8
#868 11:09:03 | [BOTH] Total: 32 | AA: 24 | AAA:  8
#869 11:09:04 | [BOTH] Total: 32 | AA: 24 | AAA:  8
#870 11:09:04 | [BOTH] Total: 32 | AA: 24 | AAA:  8
#871 11:09:05 | [BOTH] Total: 32 | AA: 24 | AAA:  8
#872 11:09:06 | [BOTH] Total: 32 | AA: 24 | AAA:  8
#873 11:09:07 | [BOTH] Total: 32 | AA: 24 | AAA:  8
#874 11:09:07 | [BOTH] Total: 32 | AA: 24 | AAA:  8
#875 11:09:12 | [BOTH] Total: 32 | AA: 24 | AAA:  8
#876 11:09:13 | [BOTH] Total: 32 | AA: 24 | AAA:  8
#877 11:09:14 | [BOTH] Total: 32 | AA: 24 | AAA:  8
#878 11:09:15 | [BOTH] Total: 32 | AA: 24 | AAA:  8
#879 11:09:15 | [BOTH] Total: 32 | AA: 24 | AAA:  8
#880 11:09:16 | [BOTH] Total: 32 | AA: 24 | AAA:  8
#881 11:09:17 | [BOTH] Total: 32 | AA: 24 | AAA:  8
#882 11:09:18 | [BOTH] Total: 32 | AA: 24 | AAA:  8
#883 11:09:18 | [BOTH] Total: 32 | AA: 24 | AAA:  8
#884 11:09:19 | [BOTH] Total: 32 | AA: 24 | AAA:  8
#885 11:09:20 | [BOTH] Total: 32 | AA: 24 | AAA:  8
#886 11:09:21 | [BOTH] Total: 32 | AA: 24 | AAA:  8
#887 11:09:21 | [BOTH] Total: 32 | AA: 24 | AAA:  8
#888 11:09:22 | [BOTH] Total: 32 | AA: 24 | AAA:  8
#889 11:09:23 | [BOTH] Total: 32 | AA: 24 | AAA:  8
#890 11:09:23 | [BOTH] Total: 32 | AA: 24 | AAA:  8
#891 11:09:24 | [BOTH] Total: 32 | AA: 24 | AAA:  8
#892 11:09:30 | ❌ Connection failed
#893 11:09:36 | ❌ Connection failed
#894 11:09:41 | ❌ Connection failed
#895 11:09:47 | ❌ Connection failed
#896 11:09:53 | ❌ Connection failed
#897 11:09:57 | [BOTH] Total: 32 | AA: 24 | AAA:  8
#898 11:09:57 | [BOTH] Total: 32 | AA: 24 | AAA:  8
#899 11:09:58 | [BOTH] Total: 32 | AA: 24 | AAA:  8
#900 11:09:59 | [BOTH] Total: 32 | AA: 24 | AAA:  8
#901 11:10:00 | [BOTH] Total: 32 | AA: 24 | AAA:  8
#902 11:10:00 | [BOTH] Total: 32 | AA: 24 | AAA:  8
#903 11:10:01 | [BOTH] Total: 32 | AA: 24 | AAA:  8
#904 11:10:02 | [BOTH] Total: 32 | AA: 24 | AAA:  8
#905 11:10:03 | [BOTH] Total: 32 | AA: 24 | AAA:  8
#906 11:10:04 | [BOTH] Total: 32 | AA: 24 | AAA:  8
#907 11:10:04 | [BOTH] Total: 32 | AA: 24 | AAA:  8
#908 11:10:05 | [BOTH] Total: 32 | AA: 24 | AAA:  8
#909 11:10:06 | [BOTH] Total: 32 | AA: 24 | AAA:  8
#910 11:10:07 | [BOTH] Total: 32 | AA: 24 | AAA:  8
#911 11:10:07 | [BOTH] Total: 32 | AA: 24 | AAA:  8
#912 11:10:08 | [BOTH] Total: 32 | AA: 24 | AAA:  8
#913 11:10:09 | [BOTH] Total: 32 | AA: 24 | AAA:  8
#914 11:10:10 | [BOTH] Total: 32 | AA: 24 | AAA:  8
#915 11:10:10 | [BOTH] Total: 32 | AA: 24 | AAA:  8
#916 11:10:11 | [BOTH] Total: 32 | AA: 24 | AAA:  8
#917 11:10:12 | [BOTH] Total: 32 | AA: 24 | AAA:  8
#918 11:10:13 | [BOTH] Total: 32 | AA: 24 | AAA:  8
#919 11:10:13 | [BOTH] Total: 32 | AA: 24 | AAA:  8
#920 11:10:14 | [BOTH] Total: 32 | AA: 24 | AAA:  8
#921 11:10:15 | [BOTH] Total: 32 | AA: 24 | AAA:  8
#922 11:10:15 | [BOTH] Total: 32 | AA: 24 | AAA:  8
#923 11:10:16 | [BOTH] Total: 32 | AA: 24 | AAA:  8
#924 11:10:17 | [BOTH] Total: 32 | AA: 24 | AAA:  8
#925 11:10:18 | [BOTH] Total: 32 | AA: 24 | AAA:  8
#926 11:10:18 | [BOTH] Total: 32 | AA: 24 | AAA:  8
#927 11:10:19 | [BOTH] Total: 32 | AA: 24 | AAA:  8
#928 11:10:20 | [BOTH] Total: 32 | AA: 24 | AAA:  8
#929 11:10:21 | [BOTH] Total: 32 | AA: 24 | AAA:  8
#930 11:10:21 | [BOTH] Total: 32 | AA: 24 | AAA:  8
#931 11:10:22 | [BOTH] Total: 32 | AA: 24 | AAA:  8
#932 11:10:23 | [BOTH] Total: 32 | AA: 24 | AAA:  8
#933 11:10:24 | [BOTH] Total: 32 | AA: 24 | AAA:  8
#934 11:10:24 | [BOTH] Total: 32 | AA: 24 | AAA:  8
#935 11:10:25 | [BOTH] Total: 32 | AA: 24 | AAA:  8
#936 11:10:26 | [BOTH] Total: 32 | AA: 24 | AAA:  8
#937 11:10:27 | [BOTH] Total: 32 | AA: 24 | AAA:  8
#938 11:10:27 | [BOTH] Total: 32 | AA: 24 | AAA:  8
#939 11:10:28 | [BOTH] Total: 32 | AA: 24 | AAA:  8
#940 11:10:29 | [BOTH] Total: 32 | AA: 24 | AAA:  8
#941 11:10:30 | [BOTH] Total: 32 | AA: 24 | AAA:  8
#942 11:10:30 | [BOTH] Total: 32 | AA: 24 | AAA:  8
#943 11:10:31 | [BOTH] Total: 32 | AA: 24 | AAA:  8
#944 11:10:32 | [BOTH] Total: 32 | AA: 24 | AAA:  8
#945 11:10:32 | [BOTH] Total: 32 | AA: 24 | AAA:  8
#946 11:10:33 | [BOTH] Total: 32 | AA: 24 | AAA:  8
#947 11:10:34 | [BOTH] Total: 32 | AA: 24 | AAA:  8
#948 11:10:35 | [BOTH] Total: 32 | AA: 24 | AAA:  8
#949 11:10:35 | [BOTH] Total: 32 | AA: 24 | AAA:  8
#950 11:10:36 | [BOTH] Total: 32 | AA: 24 | AAA:  8
#951 11:10:37 | [BOTH] Total: 32 | AA: 24 | AAA:  8
#952 11:10:38 | [BOTH] Total: 32 | AA: 24 | AAA:  8
#953 11:10:38 | [BOTH] Total: 32 | AA: 24 | AAA:  8
#954 11:10:39 | [BOTH] Total: 32 | AA: 24 | AAA:  8
#955 11:10:40 | [BOTH] Total: 32 | AA: 24 | AAA:  8
#956 11:10:41 | [BOTH] Total: 32 | AA: 24 | AAA:  8
#957 11:10:41 | [BOTH] Total: 32 | AA: 24 | AAA:  8
#958 11:10:42 | [BOTH] Total: 32 | AA: 24 | AAA:  8
#959 11:10:43 | [BOTH] Total: 32 | AA: 24 | AAA:  8
#960 11:10:44 | [BOTH] Total: 32 | AA: 24 | AAA:  8
#961 11:10:44 | [BOTH] Total: 32 | AA: 24 | AAA:  8
#962 11:10:45 | [BOTH] Total: 32 | AA: 24 | AAA:  8
#963 11:10:46 | [BOTH] Total: 32 | AA: 24 | AAA:  8
#964 11:10:46 | [BOTH] Total: 32 | AA: 24 | AAA:  8
#965 11:10:47 | [BOTH] Total: 32 | AA: 24 | AAA:  8
#966 11:10:48 | [BOTH] Total: 32 | AA: 24 | AAA:  8
#967 11:10:49 | [BOTH] Total: 32 | AA: 24 | AAA:  8
#968 11:10:49 | [BOTH] Total: 32 | AA: 24 | AAA:  8
#969 11:10:50 | [BOTH] Total: 32 | AA: 24 | AAA:  8
#970 11:10:51 | [BOTH] Total: 32 | AA: 24 | AAA:  8
#971 11:10:52 | [BOTH] Total: 32 | AA: 24 | AAA:  8
#972 11:10:52 | [BOTH] Total: 32 | AA: 24 | AAA:  8
#973 11:10:53 | [BOTH] Total: 32 | AA: 24 | AAA:  8
#974 11:10:54 | [BOTH] Total: 32 | AA: 24 | AAA:  8
#975 11:10:55 | [BOTH] Total: 32 | AA: 24 | AAA:  8
#976 11:10:55 | [BOTH] Total: 32 | AA: 24 | AAA:  8
#977 11:10:56 | [BOTH] Total: 32 | AA: 24 | AAA:  8
#978 11:10:57 | [BOTH] Total: 32 | AA: 24 | AAA:  8
#979 11:10:58 | [BOTH] Total: 32 | AA: 24 | AAA:  8
#980 11:10:58 | [BOTH] Total: 32 | AA: 24 | AAA:  8
#981 11:10:59 | [BOTH] Total: 32 | AA: 24 | AAA:  8
#982 11:11:00 | [BOTH] Total: 32 | AA: 24 | AAA:  8
#983 11:11:00 | [BOTH] Total: 32 | AA: 24 | AAA:  8
#984 11:11:01 | [BOTH] Total: 32 | AA: 24 | AAA:  8
#985 11:11:02 | [BOTH] Total: 32 | AA: 24 | AAA:  8
#986 11:11:03 | [BOTH] Total: 32 | AA: 24 | AAA:  8
#987 11:11:03 | [BOTH] Total: 32 | AA: 24 | AAA:  8
#988 11:11:04 | [BOTH] Total: 32 | AA: 24 | AAA:  8
#989 11:11:05 | [BOTH] Total: 32 | AA: 24 | AAA:  8
#990 11:11:06 | [BOTH] Total: 32 | AA: 24 | AAA:  8
#991 11:11:06 | [BOTH] Total: 32 | AA: 24 | AAA:  8
#992 11:11:07 | [BOTH] Total: 32 | AA: 24 | AAA:  8
#993 11:11:08 | [BOTH] Total: 32 | AA: 24 | AAA:  8
#994 11:11:09 | [BOTH] Total: 32 | AA: 24 | AAA:  8
#995 11:11:09 | [BOTH] Total: 32 | AA: 24 | AAA:  8
#996 11:11:10 | [BOTH] Total: 32 | AA: 24 | AAA:  8
#997 11:11:11 | [BOTH] Total: 32 | AA: 24 | AAA:  8
#998 11:11:12 | [BOTH] Total: 32 | AA: 24 | AAA:  8
#999 11:11:12 | [BOTH] Total: 32 | AA: 24 | AAA:  8
#1000 11:11:13 | [BOTH] Total: 32 | AA: 24 | AAA:  8
#1001 11:11:14 | [BOTH] Total: 32 | AA: 24 | AAA:  8
#1002 11:11:14 | [BOTH] Total: 32 | AA: 24 | AAA:  8
#1003 11:11:15 | [BOTH] Total: 32 | AA: 24 | AAA:  8
#1004 11:11:16 | [BOTH] Total: 32 | AA: 24 | AAA:  8
#1005 11:11:17 | [BOTH] Total: 32 | AA: 24 | AAA:  8
#1006 11:11:17 | [BOTH] Total: 32 | AA: 24 | AAA:  8
#1007 11:11:18 | [BOTH] Total: 32 | AA: 24 | AAA:  8
#1008 11:11:19 | [BOTH] Total: 32 | AA: 24 | AAA:  8
#1009 11:11:20 | [BOTH] Total: 32 | AA: 24 | AAA:  8
#1010 11:11:20 | [BOTH] Total: 32 | AA: 24 | AAA:  8
#1011 11:11:21 | [BOTH] Total: 32 | AA: 24 | AAA:  8
#1012 11:11:22 | [BOTH] Total: 32 | AA: 24 | AAA:  8
#1013 11:11:23 | [BOTH] Total: 32 | AA: 24 | AAA:  8
#1014 11:11:23 | [BOTH] Total: 32 | AA: 24 | AAA:  8
#1015 11:11:24 | [BOTH] Total: 32 | AA: 24 | AAA:  8
#1016 11:11:25 | [BOTH] Total: 32 | AA: 24 | AAA:  8
#1017 11:11:25 | [BOTH] Total: 32 | AA: 24 | AAA:  8
#1018 11:11:26 | [BOTH] Total: 32 | AA: 24 | AAA:  8
#1019 11:11:27 | [BOTH] Total: 32 | AA: 24 | AAA:  8
#1020 11:11:28 | [BOTH] Total: 32 | AA: 24 | AAA:  8
#1021 11:11:28 | [BOTH] Total: 32 | AA: 24 | AAA:  8
#1022 11:11:29 | [BOTH] Total: 32 | AA: 24 | AAA:  8
#1023 11:11:30 | [BOTH] Total: 32 | AA: 24 | AAA:  8
#1024 11:11:31 | [BOTH] Total: 32 | AA: 24 | AAA:  8
#1025 11:11:31 | [BOTH] Total: 32 | AA: 24 | AAA:  8
#1026 11:11:32 | [BOTH] Total: 32 | AA: 24 | AAA:  8
#1027 11:11:33 | [BOTH] Total: 32 | AA: 24 | AAA:  8
#1028 11:11:34 | [BOTH] Total: 32 | AA: 24 | AAA:  8
#1029 11:11:34 | [BOTH] Total: 32 | AA: 24 | AAA:  8
#1030 11:11:35 | [BOTH] Total: 32 | AA: 24 | AAA:  8
#1031 11:11:36 | [BOTH] Total: 32 | AA: 24 | AAA:  8
#1032 11:11:37 | [BOTH] Total: 32 | AA: 24 | AAA:  8
#1033 11:11:37 | [BOTH] Total: 32 | AA: 24 | AAA:  8
#1034 11:11:38 | [BOTH] Total: 32 | AA: 24 | AAA:  8
#1035 11:11:39 | [BOTH] Total: 32 | AA: 24 | AAA:  8
#1036 11:11:40 | [BOTH] Total: 32 | AA: 24 | AAA:  8
#1037 11:11:40 | [BOTH] Total: 32 | AA: 24 | AAA:  8
#1038 11:11:41 | [BOTH] Total: 32 | AA: 24 | AAA:  8
#1039 11:11:42 | [BOTH] Total: 32 | AA: 24 | AAA:  8
#1040 11:11:43 | [BOTH] Total: 32 | AA: 24 | AAA:  8
#1041 11:11:43 | [BOTH] Total: 32 | AA: 24 | AAA:  8
#1042 11:11:44 | [BOTH] Total: 32 | AA: 24 | AAA:  8
#1043 11:11:45 | [BOTH] Total: 32 | AA: 24 | AAA:  8
#1044 11:11:45 | [BOTH] Total: 32 | AA: 24 | AAA:  8
#1045 11:11:46 | [BOTH] Total: 32 | AA: 24 | AAA:  8
#1046 11:11:47 | [BOTH] Total: 32 | AA: 24 | AAA:  8
#1047 11:11:48 | [BOTH] Total: 32 | AA: 24 | AAA:  8
#1048 11:11:48 | [BOTH] Total: 32 | AA: 24 | AAA:  8
#1049 11:11:49 | [BOTH] Total: 32 | AA: 24 | AAA:  8
#1050 11:11:50 | [BOTH] Total: 32 | AA: 24 | AAA:  8
#1051 11:11:51 | [BOTH] Total: 32 | AA: 24 | AAA:  8
#1052 11:11:51 | [BOTH] Total: 32 | AA: 24 | AAA:  8
#1053 11:11:52 | [BOTH] Total: 32 | AA: 24 | AAA:  8
#1054 11:11:53 | [BOTH] Total: 32 | AA: 24 | AAA:  8
#1055 11:11:54 | [BOTH] Total: 32 | AA: 24 | AAA:  8
#1056 11:11:54 | [BOTH] Total: 32 | AA: 24 | AAA:  8
#1057 11:11:55 | [BOTH] Total: 32 | AA: 24 | AAA:  8
#1058 11:11:56 | [BOTH] Total: 32 | AA: 24 | AAA:  8
#1059 11:11:57 | [BOTH] Total: 32 | AA: 24 | AAA:  8
#1060 11:11:57 | [BOTH] Total: 32 | AA: 24 | AAA:  8
#1061 11:11:58 | [BOTH] Total: 32 | AA: 24 | AAA:  8
#1062 11:11:59 | [BOTH] Total: 32 | AA: 24 | AAA:  8
#1063 11:12:00 | [BOTH] Total: 32 | AA: 24 | AAA:  8
#1064 11:12:00 | [BOTH] Total: 32 | AA: 24 | AAA:  8
#1065 11:12:01 | [BOTH] Total: 32 | AA: 24 | AAA:  8
#1066 11:12:02 | [BOTH] Total: 32 | AA: 24 | AAA:  8
#1067 11:12:03 | [BOTH] Total: 32 | AA: 24 | AAA:  8
#1068 11:12:03 | [BOTH] Total: 32 | AA: 24 | AAA:  8
#1069 11:12:04 | [BOTH] Total: 32 | AA: 24 | AAA:  8
#1070 11:12:05 | [BOTH] Total: 32 | AA: 24 | AAA:  8
#1071 11:12:06 | [BOTH] Total: 32 | AA: 24 | AAA:  8
#1072 11:12:06 | [BOTH] Total: 32 | AA: 24 | AAA:  8
#1073 11:12:07 | [BOTH] Total: 32 | AA: 24 | AAA:  8
#1074 11:12:08 | [BOTH] Total: 32 | AA: 24 | AAA:  8
#1075 11:12:09 | [BOTH] Total: 32 | AA: 24 | AAA:  8
#1076 11:12:09 | [BOTH] Total: 32 | AA: 24 | AAA:  8
#1077 11:12:10 | [BOTH] Total: 32 | AA: 24 | AAA:  8
#1078 11:12:11 | [BOTH] Total: 32 | AA: 24 | AAA:  8
#1079 11:12:12 | [BOTH] Total: 32 | AA: 24 | AAA:  8
#1080 11:12:12 | [BOTH] Total: 32 | AA: 24 | AAA:  8
#1081 11:12:13 | [BOTH] Total: 32 | AA: 24 | AAA:  8
#1082 11:12:14 | [BOTH] Total: 32 | AA: 24 | AAA:  8
#1083 11:12:15 | [BOTH] Total: 32 | AA: 24 | AAA:  8
#1084 11:12:16 | [BOTH] Total: 32 | AA: 24 | AAA:  8
#1085 11:12:17 | [BOTH] Total: 32 | AA: 24 | AAA:  8
#1086 11:12:17 | [BOTH] Total: 32 | AA: 24 | AAA:  8
#1087 11:12:18 | [BOTH] Total: 32 | AA: 24 | AAA:  8
#1088 11:12:19 | [BOTH] Total: 32 | AA: 24 | AAA:  8
#1089 11:12:20 | [BOTH] Total: 32 | AA: 24 | AAA:  8
#1090 11:12:20 | [BOTH] Total: 32 | AA: 24 | AAA:  8
#1091 11:12:21 | [BOTH] Total: 32 | AA: 24 | AAA:  8
#1092 11:12:22 | [BOTH] Total: 32 | AA: 24 | AAA:  8
#1093 11:12:23 | [BOTH] Total: 32 | AA: 24 | AAA:  8
#1094 11:12:23 | [BOTH] Total: 32 | AA: 24 | AAA:  8
#1095 11:12:24 | [BOTH] Total: 32 | AA: 24 | AAA:  8
#1096 11:12:25 | [BOTH] Total: 32 | AA: 24 | AAA:  8
#1097 11:12:25 | [BOTH] Total: 32 | AA: 24 | AAA:  8
#1098 11:12:26 | [BOTH] Total: 32 | AA: 24 | AAA:  8
#1099 11:12:27 | [BOTH] Total: 32 | AA: 24 | AAA:  8
#1100 11:12:28 | [BOTH] Total: 32 | AA: 24 | AAA:  8
#1101 11:12:28 | [BOTH] Total: 32 | AA: 24 | AAA:  8
#1102 11:12:29 | [BOTH] Total: 32 | AA: 24 | AAA:  8
#1103 11:12:30 | [BOTH] Total: 32 | AA: 24 | AAA:  8
#1104 11:12:31 | [BOTH] Total: 32 | AA: 24 | AAA:  8
#1105 11:12:31 | [BOTH] Total: 32 | AA: 24 | AAA:  8
#1106 11:12:32 | [BOTH] Total: 32 | AA: 24 | AAA:  8
#1107 11:12:33 | [BOTH] Total: 32 | AA: 24 | AAA:  8
#1108 11:12:34 | [BOTH] Total: 32 | AA: 24 | AAA:  8
#1109 11:12:34 | [BOTH] Total: 32 | AA: 24 | AAA:  8
#1110 11:12:35 | [BOTH] Total: 32 | AA: 24 | AAA:  8
#1111 11:12:36 | [BOTH] Total: 32 | AA: 24 | AAA:  8
#1112 11:12:37 | [BOTH] Total: 32 | AA: 24 | AAA:  8
#1113 11:12:37 | [BOTH] Total: 32 | AA: 24 | AAA:  8
#1114 11:12:38 | [BOTH] Total: 32 | AA: 24 | AAA:  8
#1115 11:12:39 | [BOTH] Total: 32 | AA: 24 | AAA:  8
#1116 11:12:39 | [BOTH] Total: 32 | AA: 24 | AAA:  8
#1117 11:12:40 | [BOTH] Total: 32 | AA: 24 | AAA:  8
#1118 11:12:41 | [BOTH] Total: 32 | AA: 24 | AAA:  8
#1119 11:12:42 | [BOTH] Total: 32 | AA: 24 | AAA:  8
#1120 11:12:42 | [BOTH] Total: 32 | AA: 24 | AAA:  8
#1121 11:12:43 | [BOTH] Total: 32 | AA: 24 | AAA:  8
#1122 11:12:44 | [BOTH] Total: 32 | AA: 24 | AAA:  8
#1123 11:12:45 | [BOTH] Total: 32 | AA: 24 | AAA:  8
#1124 11:12:45 | [BOTH] Total: 32 | AA: 24 | AAA:  8
#1125 11:12:46 | [BOTH] Total: 32 | AA: 24 | AAA:  8
#1126 11:12:47 | [BOTH] Total: 32 | AA: 24 | AAA:  8
#1127 11:12:48 | [BOTH] Total: 32 | AA: 24 | AAA:  8
#1128 11:12:48 | [BOTH] Total: 32 | AA: 24 | AAA:  8
#1129 11:12:49 | [BOTH] Total: 32 | AA: 24 | AAA:  8
#1130 11:12:50 | [BOTH] Total: 32 | AA: 24 | AAA:  8
#1131 11:12:51 | [BOTH] Total: 32 | AA: 24 | AAA:  8
#1132 11:12:51 | [BOTH] Total: 32 | AA: 24 | AAA:  8
#1133 11:12:52 | [BOTH] Total: 32 | AA: 24 | AAA:  8
#1134 11:12:53 | [BOTH] Total: 32 | AA: 24 | AAA:  8
#1135 11:12:54 | [BOTH] Total: 32 | AA: 24 | AAA:  8
#1136 11:12:54 | [BOTH] Total: 32 | AA: 24 | AAA:  8
#1137 11:12:55 | [BOTH] Total: 32 | AA: 24 | AAA:  8
#1138 11:12:56 | [BOTH] Total: 32 | AA: 24 | AAA:  8
#1139 11:12:57 | [BOTH] Total: 32 | AA: 24 | AAA:  8
#1140 11:12:57 | [BOTH] Total: 32 | AA: 24 | AAA:  8
#1141 11:12:58 | [BOTH] Total: 32 | AA: 24 | AAA:  8
#1142 11:12:59 | [BOTH] Total: 32 | AA: 24 | AAA:  8
#1143 11:13:00 | [BOTH] Total: 32 | AA: 24 | AAA:  8
#1144 11:13:01 | [BOTH] Total: 32 | AA: 24 | AAA:  8
#1145 11:13:01 | [BOTH] Total: 32 | AA: 24 | AAA:  8
#1146 11:13:02 | [BOTH] Total: 32 | AA: 24 | AAA:  8
#1147 11:13:03 | [BOTH] Total: 32 | AA: 24 | AAA:  8
#1148 11:13:04 | [BOTH] Total: 32 | AA: 24 | AAA:  8
#1149 11:13:04 | [BOTH] Total: 32 | AA: 24 | AAA:  8
#1150 11:13:05 | [BOTH] Total: 32 | AA: 24 | AAA:  8
#1151 11:13:06 | [BOTH] Total: 32 | AA: 24 | AAA:  8
#1152 11:13:07 | [BOTH] Total: 32 | AA: 24 | AAA:  8
#1153 11:13:08 | [BOTH] Total: 32 | AA: 24 | AAA:  8
#1154 11:13:08 | [BOTH] Total: 32 | AA: 24 | AAA:  8
#1155 11:13:09 | [BOTH] Total: 32 | AA: 24 | AAA:  8
#1156 11:13:10 | [BOTH] Total: 32 | AA: 24 | AAA:  8
#1157 11:13:11 | [BOTH] Total: 32 | AA: 24 | AAA:  8
#1158 11:13:12 | [BOTH] Total: 32 | AA: 24 | AAA:  8
#1159 11:13:12 | [BOTH] Total: 32 | AA: 24 | AAA:  8
#1160 11:13:13 | [BOTH] Total: 32 | AA: 24 | AAA:  8
#1161 11:13:14 | [BOTH] Total: 32 | AA: 24 | AAA:  8
#1162 11:13:15 | [BOTH] Total: 32 | AA: 24 | AAA:  8
#1163 11:13:15 | [BOTH] Total: 32 | AA: 24 | AAA:  8
#1164 11:13:16 | [BOTH] Total: 32 | AA: 24 | AAA:  8
#1165 11:13:17 | [BOTH] Total: 32 | AA: 24 | AAA:  8
#1166 11:13:18 | [BOTH] Total: 32 | AA: 24 | AAA:  8
#1167 11:13:18 | [BOTH] Total: 32 | AA: 24 | AAA:  8
#1168 11:13:19 | [BOTH] Total: 32 | AA: 24 | AAA:  8
#1169 11:13:20 | [BOTH] Total: 32 | AA: 24 | AAA:  8
#1170 11:13:20 | [BOTH] Total: 32 | AA: 24 | AAA:  8
#1171 11:13:21 | [BOTH] Total: 32 | AA: 24 | AAA:  8
#1172 11:13:22 | [BOTH] Total: 32 | AA: 24 | AAA:  8
#1173 11:13:23 | [BOTH] Total: 32 | AA: 24 | AAA:  8
#1174 11:13:23 | [BOTH] Total: 32 | AA: 24 | AAA:  8
#1175 11:13:24 | [BOTH] Total: 32 | AA: 24 | AAA:  8
#1176 11:13:25 | [BOTH] Total: 32 | AA: 24 | AAA:  8
#1177 11:13:26 | [BOTH] Total: 32 | AA: 24 | AAA:  8
#1178 11:13:26 | [BOTH] Total: 32 | AA: 24 | AAA:  8
#1179 11:13:27 | [BOTH] Total: 32 | AA: 24 | AAA:  8
#1180 11:13:28 | [BOTH] Total: 32 | AA: 24 | AAA:  8
#1181 11:13:29 | [BOTH] Total: 32 | AA: 24 | AAA:  8
#1182 11:13:29 | [BOTH] Total: 32 | AA: 24 | AAA:  8
#1183 11:13:30 | [BOTH] Total: 32 | AA: 24 | AAA:  8
#1184 11:13:31 | [BOTH] Total: 32 | AA: 24 | AAA:  8
#1185 11:13:31 | [BOTH] Total: 32 | AA: 24 | AAA:  8
#1186 11:13:32 | [BOTH] Total: 32 | AA: 24 | AAA:  8
#1187 11:13:33 | [BOTH] Total: 32 | AA: 24 | AAA:  8
#1188 11:13:34 | [BOTH] Total: 32 | AA: 24 | AAA:  8
#1189 11:13:34 | [BOTH] Total: 32 | AA: 24 | AAA:  8
#1190 11:13:35 | [BOTH] Total: 32 | AA: 24 | AAA:  8
#1191 11:13:36 | [BOTH] Total: 32 | AA: 24 | AAA:  8
#1192 11:13:37 | [BOTH] Total: 32 | AA: 24 | AAA:  8
#1193 11:13:37 | [BOTH] Total: 32 | AA: 24 | AAA:  8
#1194 11:13:38 | [BOTH] Total: 32 | AA: 24 | AAA:  8
#1195 11:13:39 | [BOTH] Total: 32 | AA: 24 | AAA:  8
#1196 11:13:40 | [BOTH] Total: 32 | AA: 24 | AAA:  8
#1197 11:13:40 | [BOTH] Total: 32 | AA: 24 | AAA:  8
#1198 11:13:41 | [BOTH] Total: 32 | AA: 24 | AAA:  8
#1199 11:13:42 | [BOTH] Total: 32 | AA: 24 | AAA:  8
#1200 11:13:43 | [BOTH] Total: 32 | AA: 24 | AAA:  8
#1201 11:13:43 | [BOTH] Total: 32 | AA: 24 | AAA:  8
#1202 11:13:44 | [BOTH] Total: 32 | AA: 24 | AAA:  8
#1203 11:13:45 | [BOTH] Total: 32 | AA: 24 | AAA:  8
#1204 11:13:45 | [BOTH] Total: 32 | AA: 24 | AAA:  8
#1205 11:13:46 | [BOTH] Total: 32 | AA: 24 | AAA:  8
#1206 11:13:47 | [BOTH] Total: 32 | AA: 24 | AAA:  8
#1207 11:13:48 | [BOTH] Total: 32 | AA: 24 | AAA:  8
#1208 11:13:48 | [BOTH] Total: 32 | AA: 24 | AAA:  8
#1209 11:13:49 | [BOTH] Total: 32 | AA: 24 | AAA:  8
#1210 11:13:50 | [BOTH] Total: 32 | AA: 24 | AAA:  8
#1211 11:13:51 | [BOTH] Total: 32 | AA: 24 | AAA:  8
#1212 11:13:51 | [BOTH] Total: 32 | AA: 24 | AAA:  8
#1213 11:13:52 | [BOTH] Total: 32 | AA: 24 | AAA:  8
#1214 11:13:53 | [BOTH] Total: 32 | AA: 24 | AAA:  8
#1215 11:13:54 | [BOTH] Total: 32 | AA: 24 | AAA:  8
#1216 11:13:54 | [BOTH] Total: 32 | AA: 24 | AAA:  8
#1217 11:13:55 | [BOTH] Total: 32 | AA: 24 | AAA:  8
#1218 11:13:56 | [BOTH] Total: 32 | AA: 24 | AAA:  8
#1219 11:13:56 | [BOTH] Total: 32 | AA: 24 | AAA:  8
#1220 11:13:57 | [BOTH] Total: 32 | AA: 24 | AAA:  8
#1221 11:13:58 | [BOTH] Total: 32 | AA: 24 | AAA:  8
#1222 11:13:59 | [BOTH] Total: 32 | AA: 24 | AAA:  8
#1223 11:13:59 | [BOTH] Total: 32 | AA: 24 | AAA:  8
#1224 11:14:00 | [BOTH] Total: 32 | AA: 24 | AAA:  8
#1225 11:14:01 | [BOTH] Total: 32 | AA: 24 | AAA:  8
#1226 11:14:02 | [BOTH] Total: 32 | AA: 24 | AAA:  8
#1227 11:14:02 | [BOTH] Total: 32 | AA: 24 | AAA:  8
#1228 11:14:03 | [BOTH] Total: 32 | AA: 24 | AAA:  8
#1229 11:14:04 | [BOTH] Total: 32 | AA: 24 | AAA:  8
#1230 11:14:05 | [BOTH] Total: 32 | AA: 24 | AAA:  8
#1231 11:14:05 | [BOTH] Total: 32 | AA: 24 | AAA:  8
#1232 11:14:06 | [BOTH] Total: 32 | AA: 24 | AAA:  8
#1233 11:14:07 | [BOTH] Total: 32 | AA: 24 | AAA:  8
#1234 11:14:07 | [BOTH] Total: 32 | AA: 24 | AAA:  8
#1235 11:14:08 | [BOTH] Total: 32 | AA: 24 | AAA:  8
#1236 11:14:09 | [BOTH] Total: 32 | AA: 24 | AAA:  8
#1237 11:14:10 | [BOTH] Total: 32 | AA: 24 | AAA:  8
#1238 11:14:10 | [BOTH] Total: 32 | AA: 24 | AAA:  8
#1239 11:14:11 | [BOTH] Total: 32 | AA: 24 | AAA:  8
#1240 11:14:12 | [BOTH] Total: 32 | AA: 24 | AAA:  8
#1241 11:14:13 | [BOTH] Total: 32 | AA: 24 | AAA:  8
#1242 11:14:13 | [BOTH] Total: 32 | AA: 24 | AAA:  8
#1243 11:14:14 | [BOTH] Total: 32 | AA: 24 | AAA:  8
#1244 11:14:15 | [BOTH] Total: 32 | AA: 24 | AAA:  8
#1245 11:14:16 | [BOTH] Total: 32 | AA: 24 | AAA:  8
#1246 11:14:16 | [BOTH] Total: 32 | AA: 24 | AAA:  8
#1247 11:14:17 | [BOTH] Total: 32 | AA: 24 | AAA:  8
#1248 11:14:18 | [BOTH] Total: 32 | AA: 24 | AAA:  8
#1249 11:14:18 | [BOTH] Total: 32 | AA: 24 | AAA:  8
#1250 11:14:19 | [BOTH] Total: 32 | AA: 24 | AAA:  8
#1251 11:14:20 | [BOTH] Total: 32 | AA: 24 | AAA:  8
#1252 11:14:21 | [BOTH] Total: 32 | AA: 24 | AAA:  8
#1253 11:14:21 | [BOTH] Total: 32 | AA: 24 | AAA:  8
#1254 11:14:22 | [BOTH] Total: 32 | AA: 24 | AAA:  8
#1255 11:14:23 | [BOTH] Total: 32 | AA: 24 | AAA:  8
#1256 11:14:24 | [BOTH] Total: 32 | AA: 24 | AAA:  8
#1257 11:14:24 | [BOTH] Total: 32 | AA: 24 | AAA:  8
#1258 11:14:25 | [BOTH] Total: 32 | AA: 24 | AAA:  8
#1259 11:14:26 | [BOTH] Total: 32 | AA: 24 | AAA:  8
#1260 11:14:27 | [BOTH] Total: 32 | AA: 24 | AAA:  8
#1261 11:14:27 | [BOTH] Total: 32 | AA: 24 | AAA:  8
#1262 11:14:28 | [BOTH] Total: 32 | AA: 24 | AAA:  8
#1263 11:14:29 | [BOTH] Total: 32 | AA: 24 | AAA:  8
#1264 11:14:30 | [BOTH] Total: 32 | AA: 24 | AAA:  8
#1265 11:14:30 | [BOTH] Total: 32 | AA: 24 | AAA:  8
#1266 11:14:31 | [BOTH] Total: 32 | AA: 24 | AAA:  8
#1267 11:14:32 | [BOTH] Total: 32 | AA: 24 | AAA:  8
#1268 11:14:32 | [BOTH] Total: 32 | AA: 24 | AAA:  8
#1269 11:14:33 | [BOTH] Total: 32 | AA: 24 | AAA:  8
#1270 11:14:34 | [BOTH] Total: 32 | AA: 24 | AAA:  8
#1271 11:14:35 | [BOTH] Total: 32 | AA: 24 | AAA:  8
#1272 11:14:35 | [BOTH] Total: 32 | AA: 24 | AAA:  8
#1273 11:14:36 | [BOTH] Total: 32 | AA: 24 | AAA:  8
#1274 11:14:37 | [BOTH] Total: 32 | AA: 24 | AAA:  8
#1275 11:14:38 | [BOTH] Total: 32 | AA: 24 | AAA:  8
#1276 11:14:38 | [BOTH] Total: 32 | AA: 24 | AAA:  8
#1277 11:14:39 | [BOTH] Total: 32 | AA: 24 | AAA:  8
#1278 11:14:40 | [BOTH] Total: 32 | AA: 24 | AAA:  8
#1279 11:14:41 | [BOTH] Total: 32 | AA: 24 | AAA:  8
#1280 11:14:41 | [BOTH] Total: 32 | AA: 24 | AAA:  8
#1281 11:14:42 | [BOTH] Total: 32 | AA: 24 | AAA:  8
#1282 11:14:43 | [BOTH] Total: 32 | AA: 24 | AAA:  8
#1283 11:14:43 | [BOTH] Total: 32 | AA: 24 | AAA:  8
#1284 11:14:44 | [BOTH] Total: 32 | AA: 24 | AAA:  8
#1285 11:14:45 | [BOTH] Total: 32 | AA: 24 | AAA:  8
#1286 11:14:46 | [BOTH] Total: 32 | AA: 24 | AAA:  8
#1287 11:14:46 | [BOTH] Total: 32 | AA: 24 | AAA:  8
#1288 11:14:47 | [BOTH] Total: 32 | AA: 24 | AAA:  8
#1289 11:14:48 | [BOTH] Total: 32 | AA: 24 | AAA:  8
#1290 11:14:49 | [BOTH] Total: 32 | AA: 24 | AAA:  8
#1291 11:14:49 | [BOTH] Total: 32 | AA: 24 | AAA:  8
#1292 11:14:50 | [BOTH] Total: 32 | AA: 24 | AAA:  8
#1293 11:14:51 | [BOTH] Total: 32 | AA: 24 | AAA:  8
#1294 11:14:52 | [BOTH] Total: 32 | AA: 24 | AAA:  8
#1295 11:14:52 | [BOTH] Total: 32 | AA: 24 | AAA:  8
#1296 11:14:53 | [BOTH] Total: 32 | AA: 24 | AAA:  8
#1297 11:14:54 | [BOTH] Total: 32 | AA: 24 | AAA:  8
#1298 11:14:55 | [BOTH] Total: 32 | AA: 24 | AAA:  8
#1299 11:14:55 | [BOTH] Total: 32 | AA: 24 | AAA:  8
#1300 11:14:56 | [BOTH] Total: 32 | AA: 24 | AAA:  8
#1301 11:14:57 | [BOTH] Total: 32 | AA: 24 | AAA:  8
#1302 11:14:57 | [BOTH] Total: 32 | AA: 24 | AAA:  8
#1303 11:14:58 | [BOTH] Total: 32 | AA: 24 | AAA:  8
#1304 11:14:59 | [BOTH] Total: 32 | AA: 24 | AAA:  8
#1305 11:15:00 | [BOTH] Total: 32 | AA: 24 | AAA:  8
#1306 11:15:00 | [BOTH] Total: 32 | AA: 24 | AAA:  8
#1307 11:15:01 | [BOTH] Total: 32 | AA: 24 | AAA:  8
#1308 11:15:02 | [BOTH] Total: 32 | AA: 24 | AAA:  8
#1309 11:15:03 | [BOTH] Total: 32 | AA: 24 | AAA:  8
#1310 11:15:03 | [BOTH] Total: 32 | AA: 24 | AAA:  8
#1311 11:15:04 | [BOTH] Total: 32 | AA: 24 | AAA:  8
#1312 11:15:05 | [BOTH] Total: 32 | AA: 24 | AAA:  8
#1313 11:15:06 | [BOTH] Total: 32 | AA: 24 | AAA:  8
#1314 11:15:06 | [BOTH] Total: 32 | AA: 24 | AAA:  8
#1315 11:15:07 | [BOTH] Total: 32 | AA: 24 | AAA:  8
#1316 11:15:08 | [BOTH] Total: 32 | AA: 24 | AAA:  8
#1317 11:15:09 | [BOTH] Total: 32 | AA: 24 | AAA:  8
#1318 11:15:09 | [BOTH] Total: 32 | AA: 24 | AAA:  8
#1319 11:15:10 | [BOTH] Total: 32 | AA: 24 | AAA:  8
#1320 11:15:11 | [BOTH] Total: 32 | AA: 24 | AAA:  8
#1321 11:15:12 | [BOTH] Total: 32 | AA: 24 | AAA:  8
#1322 11:15:12 | [BOTH] Total: 32 | AA: 24 | AAA:  8
#1323 11:15:13 | [BOTH] Total: 32 | AA: 24 | AAA:  8
#1324 11:15:14 | [BOTH] Total: 32 | AA: 24 | AAA:  8
#1325 11:15:14 | [BOTH] Total: 32 | AA: 24 | AAA:  8
#1326 11:15:15 | [BOTH] Total: 32 | AA: 24 | AAA:  8
#1327 11:15:16 | [BOTH] Total: 32 | AA: 24 | AAA:  8
#1328 11:15:17 | [BOTH] Total: 32 | AA: 24 | AAA:  8
#1329 11:15:17 | [BOTH] Total: 32 | AA: 24 | AAA:  8
#1330 11:15:18 | [BOTH] Total: 32 | AA: 24 | AAA:  8
#1331 11:15:19 | [BOTH] Total: 32 | AA: 24 | AAA:  8
#1332 11:15:20 | [BOTH] Total: 32 | AA: 24 | AAA:  8
#1333 11:15:21 | [BOTH] Total: 32 | AA: 24 | AAA:  8
#1334 11:15:21 | [BOTH] Total: 32 | AA: 24 | AAA:  8
#1335 11:15:22 | [BOTH] Total: 32 | AA: 24 | AAA:  8
#1336 11:15:23 | [BOTH] Total: 32 | AA: 24 | AAA:  8
#1337 11:15:24 | [BOTH] Total: 32 | AA: 24 | AAA:  8
#1338 11:15:24 | [BOTH] Total: 32 | AA: 24 | AAA:  8
#1339 11:15:25 | [BOTH] Total: 32 | AA: 24 | AAA:  8
#1340 11:15:26 | [BOTH] Total: 32 | AA: 24 | AAA:  8
#1341 11:15:26 | [BOTH] Total: 32 | AA: 24 | AAA:  8
#1342 11:15:27 | [BOTH] Total: 32 | AA: 24 | AAA:  8
#1343 11:15:28 | [BOTH] Total: 32 | AA: 24 | AAA:  8
#1344 11:15:29 | [BOTH] Total: 32 | AA: 24 | AAA:  8
#1345 11:15:29 | [BOTH] Total: 32 | AA: 24 | AAA:  8
#1346 11:15:30 | [BOTH] Total: 32 | AA: 24 | AAA:  8
#1347 11:15:31 | [BOTH] Total: 32 | AA: 24 | AAA:  8
#1348 11:15:32 | [BOTH] Total: 32 | AA: 24 | AAA:  8
#1349 11:15:32 | [BOTH] Total: 32 | AA: 24 | AAA:  8
#1350 11:15:33 | [BOTH] Total: 32 | AA: 24 | AAA:  8
#1351 11:15:34 | [BOTH] Total: 32 | AA: 24 | AAA:  8
#1352 11:15:35 | [BOTH] Total: 32 | AA: 24 | AAA:  8
#1353 11:15:35 | [BOTH] Total: 32 | AA: 24 | AAA:  8
#1354 11:15:36 | [BOTH] Total: 32 | AA: 24 | AAA:  8
#1355 11:15:37 | [BOTH] Total: 32 | AA: 24 | AAA:  8
#1356 11:15:38 | [BOTH] Total: 32 | AA: 24 | AAA:  8
#1357 11:15:38 | [BOTH] Total: 32 | AA: 24 | AAA:  8
#1358 11:15:39 | [BOTH] Total: 32 | AA: 24 | AAA:  8
#1359 11:15:40 | [BOTH] Total: 32 | AA: 24 | AAA:  8
#1360 11:15:41 | [BOTH] Total: 32 | AA: 24 | AAA:  8
#1361 11:15:41 | [BOTH] Total: 32 | AA: 24 | AAA:  8
#1362 11:15:42 | [BOTH] Total: 32 | AA: 24 | AAA:  8
#1363 11:15:43 | [BOTH] Total: 32 | AA: 24 | AAA:  8
#1364 11:15:43 | [BOTH] Total: 32 | AA: 24 | AAA:  8
#1365 11:15:44 | [BOTH] Total: 32 | AA: 24 | AAA:  8
#1366 11:15:45 | [BOTH] Total: 32 | AA: 24 | AAA:  8
#1367 11:15:46 | [BOTH] Total: 32 | AA: 24 | AAA:  8
#1368 11:15:46 | [BOTH] Total: 32 | AA: 24 | AAA:  8
#1369 11:15:47 | [BOTH] Total: 32 | AA: 24 | AAA:  8
#1370 11:15:48 | [BOTH] Total: 32 | AA: 24 | AAA:  8
#1371 11:15:49 | [BOTH] Total: 32 | AA: 24 | AAA:  8
#1372 11:15:49 | [BOTH] Total: 32 | AA: 24 | AAA:  8
#1373 11:15:50 | [BOTH] Total: 32 | AA: 24 | AAA:  8
#1374 11:15:51 | [BOTH] Total: 32 | AA: 24 | AAA:  8
#1375 11:15:52 | [BOTH] Total: 32 | AA: 24 | AAA:  8
#1376 11:15:52 | [BOTH] Total: 32 | AA: 24 | AAA:  8
#1377 11:15:53 | [BOTH] Total: 32 | AA: 24 | AAA:  8
#1378 11:15:54 | [BOTH] Total: 32 | AA: 24 | AAA:  8
#1379 11:15:55 | [BOTH] Total: 32 | AA: 24 | AAA:  8
#1380 11:15:55 | [BOTH] Total: 32 | AA: 24 | AAA:  8
#1381 11:15:56 | [BOTH] Total: 32 | AA: 24 | AAA:  8
#1382 11:15:57 | [BOTH] Total: 32 | AA: 24 | AAA:  8
#1383 11:15:57 | [BOTH] Total: 32 | AA: 24 | AAA:  8
#1384 11:15:58 | [BOTH] Total: 32 | AA: 24 | AAA:  8
#1385 11:15:59 | [BOTH] Total: 32 | AA: 24 | AAA:  8
#1386 11:16:00 | [BOTH] Total: 32 | AA: 24 | AAA:  8
#1387 11:16:01 | [BOTH] Total: 32 | AA: 24 | AAA:  8
#1388 11:16:01 | [BOTH] Total: 32 | AA: 24 | AAA:  8
#1389 11:16:02 | [BOTH] Total: 32 | AA: 24 | AAA:  8
#1390 11:16:03 | [BOTH] Total: 32 | AA: 24 | AAA:  8
#1391 11:16:04 | [BOTH] Total: 32 | AA: 24 | AAA:  8
#1392 11:16:04 | [BOTH] Total: 32 | AA: 24 | AAA:  8
#1393 11:16:05 | [BOTH] Total: 32 | AA: 24 | AAA:  8
#1394 11:16:06 | [BOTH] Total: 32 | AA: 24 | AAA:  8
#1395 11:16:07 | [BOTH] Total: 32 | AA: 24 | AAA:  8
#1396 11:16:07 | [BOTH] Total: 32 | AA: 24 | AAA:  8
#1397 11:16:08 | [BOTH] Total: 32 | AA: 24 | AAA:  8
#1398 11:16:09 | [BOTH] Total: 32 | AA: 24 | AAA:  8
#1399 11:16:10 | [BOTH] Total: 32 | AA: 24 | AAA:  8
#1400 11:16:10 | [BOTH] Total: 32 | AA: 24 | AAA:  8
#1401 11:16:11 | [BOTH] Total: 32 | AA: 24 | AAA:  8
#1402 11:16:12 | [BOTH] Total: 32 | AA: 24 | AAA:  8
#1403 11:16:13 | [BOTH] Total: 32 | AA: 24 | AAA:  8
#1404 11:16:13 | [BOTH] Total: 32 | AA: 24 | AAA:  8
#1405 11:16:14 | [BOTH] Total: 32 | AA: 24 | AAA:  8
#1406 11:16:15 | [BOTH] Total: 32 | AA: 24 | AAA:  8
#1407 11:16:16 | [BOTH] Total: 32 | AA: 24 | AAA:  8
#1408 11:16:16 | [BOTH] Total: 32 | AA: 24 | AAA:  8
#1409 11:16:17 | [BOTH] Total: 32 | AA: 24 | AAA:  8
#1410 11:16:18 | [BOTH] Total: 32 | AA: 24 | AAA:  8
#1411 11:16:19 | [BOTH] Total: 32 | AA: 24 | AAA:  8
#1412 11:16:20 | [BOTH] Total: 32 | AA: 24 | AAA:  8
#1413 11:16:20 | [BOTH] Total: 32 | AA: 24 | AAA:  8
#1414 11:16:21 | [BOTH] Total: 32 | AA: 24 | AAA:  8
#1415 11:16:22 | [BOTH] Total: 32 | AA: 24 | AAA:  8
#1416 11:16:23 | [BOTH] Total: 32 | AA: 24 | AAA:  8
#1417 11:16:24 | [BOTH] Total: 32 | AA: 24 | AAA:  8
#1418 11:16:24 | [BOTH] Total: 32 | AA: 24 | AAA:  8
#1419 11:16:25 | [BOTH] Total: 32 | AA: 24 | AAA:  8
#1420 11:16:26 | [BOTH] Total: 32 | AA: 24 | AAA:  8
#1421 11:16:27 | [BOTH] Total: 32 | AA: 24 | AAA:  8
#1422 11:16:28 | [BOTH] Total: 32 | AA: 24 | AAA:  8
#1423 11:16:28 | [BOTH] Total: 32 | AA: 24 | AAA:  8
#1424 11:16:29 | [BOTH] Total: 32 | AA: 24 | AAA:  8
#1425 11:16:30 | [BOTH] Total: 32 | AA: 24 | AAA:  8
#1426 11:16:31 | [BOTH] Total: 32 | AA: 24 | AAA:  8
#1427 11:16:31 | [BOTH] Total: 32 | AA: 24 | AAA:  8
#1428 11:16:32 | [BOTH] Total: 32 | AA: 24 | AAA:  8
#1429 11:16:33 | [BOTH] Total: 32 | AA: 24 | AAA:  8
#1430 11:16:34 | [BOTH] Total: 32 | AA: 24 | AAA:  8
#1431 11:16:35 | [BOTH] Total: 32 | AA: 24 | AAA:  8
#1432 11:16:35 | [BOTH] Total: 32 | AA: 24 | AAA:  8
#1433 11:16:36 | [BOTH] Total: 32 | AA: 24 | AAA:  8
#1434 11:16:37 | [BOTH] Total: 32 | AA: 24 | AAA:  8
#1435 11:16:38 | [BOTH] Total: 32 | AA: 24 | AAA:  8
#1436 11:16:39 | [BOTH] Total: 32 | AA: 24 | AAA:  8
#1437 11:16:39 | [BOTH] Total: 32 | AA: 24 | AAA:  8
#1438 11:16:40 | [BOTH] Total: 32 | AA: 24 | AAA:  8
#1439 11:16:41 | [BOTH] Total: 32 | AA: 24 | AAA:  8
#1440 11:16:42 | [BOTH] Total: 32 | AA: 24 | AAA:  8
#1441 11:16:42 | [BOTH] Total: 32 | AA: 24 | AAA:  8
#1442 11:16:43 | [BOTH] Total: 32 | AA: 24 | AAA:  8
#1443 11:16:44 | [BOTH] Total: 32 | AA: 24 | AAA:  8
#1444 11:16:45 | [BOTH] Total: 32 | AA: 24 | AAA:  8
#1445 11:16:46 | [BOTH] Total: 32 | AA: 24 | AAA:  8
#1446 11:16:47 | [BOTH] Total: 32 | AA: 24 | AAA:  8
#1447 11:16:47 | [BOTH] Total: 32 | AA: 24 | AAA:  8
#1448 11:16:48 | [BOTH] Total: 32 | AA: 24 | AAA:  8
#1449 11:16:49 | [BOTH] Total: 32 | AA: 24 | AAA:  8
#1450 11:16:50 | [BOTH] Total: 32 | AA: 24 | AAA:  8
#1451 11:16:51 | [BOTH] Total: 32 | AA: 24 | AAA:  8
#1452 11:16:51 | [BOTH] Total: 32 | AA: 24 | AAA:  8
#1453 11:16:52 | [BOTH] Total: 32 | AA: 24 | AAA:  8
#1454 11:16:53 | [BOTH] Total: 32 | AA: 24 | AAA:  8
#1455 11:16:54 | [BOTH] Total: 32 | AA: 24 | AAA:  8
#1456 11:16:55 | [BOTH] Total: 32 | AA: 24 | AAA:  8
#1457 11:16:55 | [BOTH] Total: 32 | AA: 24 | AAA:  8
#1458 11:16:56 | [BOTH] Total: 32 | AA: 24 | AAA:  8
#1459 11:16:57 | [BOTH] Total: 32 | AA: 24 | AAA:  8
#1460 11:16:58 | [BOTH] Total: 32 | AA: 24 | AAA:  8
#1461 11:16:59 | [BOTH] Total: 32 | AA: 24 | AAA:  8
#1462 11:16:59 | [BOTH] Total: 32 | AA: 24 | AAA:  8
#1463 11:17:00 | [BOTH] Total: 32 | AA: 24 | AAA:  8
#1464 11:17:01 | [BOTH] Total: 32 | AA: 24 | AAA:  8
#1465 11:17:02 | [BOTH] Total: 32 | AA: 24 | AAA:  8
#1466 11:17:03 | [BOTH] Total: 32 | AA: 24 | AAA:  8
#1467 11:17:03 | [BOTH] Total: 32 | AA: 24 | AAA:  8
#1468 11:17:04 | [BOTH] Total: 32 | AA: 24 | AAA:  8
#1469 11:17:05 | [BOTH] Total: 32 | AA: 24 | AAA:  8
#1470 11:17:06 | [BOTH] Total: 32 | AA: 24 | AAA:  8
#1471 11:17:06 | [BOTH] Total: 32 | AA: 24 | AAA:  8
#1472 11:17:07 | [BOTH] Total: 32 | AA: 24 | AAA:  8
#1473 11:17:08 | [BOTH] Total: 32 | AA: 24 | AAA:  8
#1474 11:17:09 | [BOTH] Total: 32 | AA: 24 | AAA:  8
#1475 11:17:10 | [BOTH] Total: 32 | AA: 24 | AAA:  8
#1476 11:17:10 | [BOTH] Total: 32 | AA: 24 | AAA:  8
#1477 11:17:11 | [BOTH] Total: 32 | AA: 24 | AAA:  8
#1478 11:17:12 | [BOTH] Total: 32 | AA: 24 | AAA:  8
#1479 11:17:13 | [BOTH] Total: 32 | AA: 24 | AAA:  8
#1480 11:17:14 | [BOTH] Total: 32 | AA: 24 | AAA:  8
#1481 11:17:14 | [BOTH] Total: 32 | AA: 24 | AAA:  8
#1482 11:17:15 | [BOTH] Total: 32 | AA: 24 | AAA:  8
#1483 11:17:16 | [BOTH] Total: 32 | AA: 24 | AAA:  8
#1484 11:17:17 | [BOTH] Total: 32 | AA: 24 | AAA:  8
#1485 11:17:18 | [BOTH] Total: 32 | AA: 24 | AAA:  8
#1486 11:17:18 | [BOTH] Total: 32 | AA: 24 | AAA:  8
#1487 11:17:19 | [BOTH] Total: 32 | AA: 24 | AAA:  8
#1488 11:17:20 | [BOTH] Total: 32 | AA: 24 | AAA:  8
#1489 11:17:21 | [BOTH] Total: 32 | AA: 24 | AAA:  8
#1490 11:17:22 | [BOTH] Total: 32 | AA: 24 | AAA:  8
#1491 11:17:23 | [BOTH] Total: 32 | AA: 24 | AAA:  8
#1492 11:17:23 | [BOTH] Total: 32 | AA: 24 | AAA:  8
#1493 11:17:24 | [BOTH] Total: 32 | AA: 24 | AAA:  8
#1494 11:17:25 | [BOTH] Total: 32 | AA: 24 | AAA:  8
#1495 11:17:26 | [BOTH] Total: 32 | AA: 24 | AAA:  8
#1496 11:17:26 | [BOTH] Total: 32 | AA: 24 | AAA:  8
#1497 11:17:27 | [BOTH] Total: 32 | AA: 24 | AAA:  8
#1498 11:17:28 | [BOTH] Total: 32 | AA: 24 | AAA:  8
#1499 11:17:29 | [BOTH] Total: 32 | AA: 24 | AAA:  8
#1500 11:17:30 | [BOTH] Total: 32 | AA: 24 | AAA:  8
#1501 11:17:30 | [BOTH] Total: 32 | AA: 24 | AAA:  8
#1502 11:17:31 | [BOTH] Total: 32 | AA: 24 | AAA:  8
#1503 11:17:32 | [BOTH] Total: 32 | AA: 24 | AAA:  8
#1504 11:17:33 | [BOTH] Total: 32 | AA: 24 | AAA:  8
#1505 11:17:34 | [BOTH] Total: 32 | AA: 24 | AAA:  8
#1506 11:17:34 | [BOTH] Total: 32 | AA: 24 | AAA:  8
#1507 11:17:35 | [BOTH] Total: 32 | AA: 24 | AAA:  8
#1508 11:17:36 | [BOTH] Total: 32 | AA: 24 | AAA:  8
#1509 11:17:37 | [BOTH] Total: 32 | AA: 24 | AAA:  8
#1510 11:17:38 | [BOTH] Total: 32 | AA: 24 | AAA:  8
#1511 11:17:39 | [BOTH] Total: 32 | AA: 24 | AAA:  8
#1512 11:17:39 | [BOTH] Total: 32 | AA: 24 | AAA:  8
#1513 11:17:40 | [BOTH] Total: 32 | AA: 24 | AAA:  8
#1514 11:17:41 | [BOTH] Total: 32 | AA: 24 | AAA:  8
#1515 11:17:42 | [BOTH] Total: 32 | AA: 24 | AAA:  8
#1516 11:17:43 | [BOTH] Total: 32 | AA: 24 | AAA:  8
#1517 11:17:44 | [BOTH] Total: 32 | AA: 24 | AAA:  8
#1518 11:17:44 | [BOTH] Total: 32 | AA: 24 | AAA:  8
#1519 11:17:45 | [BOTH] Total: 32 | AA: 24 | AAA:  8
#1520 11:17:46 | [BOTH] Total: 32 | AA: 24 | AAA:  8
#1521 11:17:47 | [BOTH] Total: 32 | AA: 24 | AAA:  8
#1522 11:17:48 | [BOTH] Total: 32 | AA: 24 | AAA:  8
#1523 11:17:48 | [BOTH] Total: 32 | AA: 24 | AAA:  8
#1524 11:17:49 | [BOTH] Total: 32 | AA: 24 | AAA:  8
#1525 11:17:50 | [BOTH] Total: 32 | AA: 24 | AAA:  8
#1526 11:17:51 | [BOTH] Total: 32 | AA: 24 | AAA:  8
#1527 11:17:52 | [BOTH] Total: 32 | AA: 24 | AAA:  8
#1528 11:17:52 | [BOTH] Total: 32 | AA: 24 | AAA:  8
#1529 11:17:53 | [BOTH] Total: 32 | AA: 24 | AAA:  8
#1530 11:17:54 | [BOTH] Total: 32 | AA: 24 | AAA:  8
#1531 11:17:55 | [BOTH] Total: 32 | AA: 24 | AAA:  8
#1532 11:17:56 | [BOTH] Total: 32 | AA: 24 | AAA:  8
#1533 11:17:56 | [BOTH] Total: 32 | AA: 24 | AAA:  8
#1534 11:17:57 | [BOTH] Total: 32 | AA: 24 | AAA:  8
#1535 11:17:58 | [BOTH] Total: 32 | AA: 24 | AAA:  8
#1536 11:17:59 | [BOTH] Total: 32 | AA: 24 | AAA:  8
#1537 11:18:00 | [BOTH] Total: 32 | AA: 24 | AAA:  8
#1538 11:18:00 | [BOTH] Total: 32 | AA: 24 | AAA:  8
#1539 11:18:01 | [BOTH] Total: 32 | AA: 24 | AAA:  8
#1540 11:18:02 | [BOTH] Total: 32 | AA: 24 | AAA:  8
#1541 11:18:03 | [BOTH] Total: 32 | AA: 24 | AAA:  8
#1542 11:18:03 | [BOTH] Total: 32 | AA: 24 | AAA:  8
#1543 11:18:04 | [BOTH] Total: 32 | AA: 24 | AAA:  8
#1544 11:18:05 | [BOTH] Total: 32 | AA: 24 | AAA:  8
#1545 11:18:06 | [BOTH] Total: 32 | AA: 24 | AAA:  8
#1546 11:18:07 | [BOTH] Total: 32 | AA: 24 | AAA:  8
#1547 11:18:07 | [BOTH] Total: 32 | AA: 24 | AAA:  8
#1548 11:18:08 | [BOTH] Total: 32 | AA: 24 | AAA:  8
#1549 11:18:09 | [BOTH] Total: 32 | AA: 24 | AAA:  8
#1550 11:18:10 | [BOTH] Total: 32 | AA: 24 | AAA:  8
#1551 11:18:10 | [BOTH] Total: 32 | AA: 24 | AAA:  8
#1552 11:18:11 | [BOTH] Total: 32 | AA: 24 | AAA:  8
#1553 11:18:12 | [BOTH] Total: 32 | AA: 24 | AAA:  8
#1554 11:18:13 | [BOTH] Total: 32 | AA: 24 | AAA:  8
#1555 11:18:14 | [BOTH] Total: 32 | AA: 24 | AAA:  8
#1556 11:18:14 | [BOTH] Total: 32 | AA: 24 | AAA:  8
#1557 11:18:15 | [BOTH] Total: 32 | AA: 24 | AAA:  8
#1558 11:18:16 | [BOTH] Total: 32 | AA: 24 | AAA:  8
#1559 11:18:17 | [BOTH] Total: 32 | AA: 24 | AAA:  8
#1560 11:18:18 | [BOTH] Total: 32 | AA: 24 | AAA:  8
#1561 11:18:19 | [BOTH] Total: 32 | AA: 24 | AAA:  8
#1562 11:18:19 | [BOTH] Total: 32 | AA: 24 | AAA:  8
#1563 11:18:20 | [BOTH] Total: 32 | AA: 24 | AAA:  8
#1564 11:18:21 | [BOTH] Total: 32 | AA: 24 | AAA:  8
#1565 11:18:22 | [BOTH] Total: 32 | AA: 24 | AAA:  8
#1566 11:18:22 | [BOTH] Total: 32 | AA: 24 | AAA:  8
#1567 11:18:23 | [BOTH] Total: 32 | AA: 24 | AAA:  8
#1568 11:18:24 | [BOTH] Total: 32 | AA: 24 | AAA:  8
#1569 11:18:25 | [BOTH] Total: 32 | AA: 24 | AAA:  8
#1570 11:18:26 | [BOTH] Total: 32 | AA: 24 | AAA:  8
#1571 11:18:26 | [BOTH] Total: 32 | AA: 24 | AAA:  8
#1572 11:18:27 | [BOTH] Total: 32 | AA: 24 | AAA:  8
#1573 11:18:28 | [BOTH] Total: 32 | AA: 24 | AAA:  8
#1574 11:18:29 | [BOTH] Total: 32 | AA: 24 | AAA:  8
#1575 11:18:30 | [BOTH] Total: 32 | AA: 24 | AAA:  8
#1576 11:18:30 | [BOTH] Total: 32 | AA: 24 | AAA:  8
#1577 11:18:31 | [BOTH] Total: 32 | AA: 24 | AAA:  8
#1578 11:18:32 | [BOTH] Total: 32 | AA: 24 | AAA:  8
#1579 11:18:33 | [BOTH] Total: 32 | AA: 24 | AAA:  8
#1580 11:18:34 | [BOTH] Total: 32 | AA: 24 | AAA:  8
#1581 11:18:35 | [BOTH] Total: 32 | AA: 24 | AAA:  8
#1582 11:18:35 | [BOTH] Total: 32 | AA: 24 | AAA:  8
#1583 11:18:36 | [BOTH] Total: 32 | AA: 24 | AAA:  8
#1584 11:18:37 | [BOTH] Total: 32 | AA: 24 | AAA:  8
#1585 11:18:38 | [BOTH] Total: 32 | AA: 24 | AAA:  8
#1586 11:18:38 | [BOTH] Total: 32 | AA: 24 | AAA:  8
#1587 11:18:39 | [BOTH] Total: 32 | AA: 24 | AAA:  8
#1588 11:18:40 | [BOTH] Total: 32 | AA: 24 | AAA:  8
#1589 11:18:41 | [BOTH] Total: 32 | AA: 24 | AAA:  8
#1590 11:18:42 | [BOTH] Total: 32 | AA: 24 | AAA:  8
#1591 11:18:42 | [BOTH] Total: 32 | AA: 24 | AAA:  8
#1592 11:18:43 | [BOTH] Total: 32 | AA: 24 | AAA:  8
#1593 11:18:44 | [BOTH] Total: 32 | AA: 24 | AAA:  8
#1594 11:18:45 | [BOTH] Total: 32 | AA: 24 | AAA:  8
#1595 11:18:46 | [BOTH] Total: 32 | AA: 24 | AAA:  8
#1596 11:18:46 | [BOTH] Total: 32 | AA: 24 | AAA:  8
#1597 11:18:47 | [BOTH] Total: 32 | AA: 24 | AAA:  8
#1598 11:18:48 | [BOTH] Total: 32 | AA: 24 | AAA:  8
#1599 11:18:49 | [BOTH] Total: 32 | AA: 24 | AAA:  8
#1600 11:18:49 | [BOTH] Total: 32 | AA: 24 | AAA:  8
#1601 11:18:50 | [BOTH] Total: 32 | AA: 24 | AAA:  8
#1602 11:18:51 | [BOTH] Total: 32 | AA: 24 | AAA:  8
#1603 11:18:52 | [BOTH] Total: 32 | AA: 24 | AAA:  8
#1604 11:18:53 | [BOTH] Total: 32 | AA: 24 | AAA:  8
#1605 11:18:54 | [BOTH] Total: 32 | AA: 24 | AAA:  8
#1606 11:18:54 | [BOTH] Total: 32 | AA: 24 | AAA:  8
#1607 11:18:55 | [BOTH] Total: 32 | AA: 24 | AAA:  8
#1608 11:18:56 | [BOTH] Total: 32 | AA: 24 | AAA:  8
#1609 11:18:57 | [BOTH] Total: 32 | AA: 24 | AAA:  8
#1610 11:18:58 | [BOTH] Total: 32 | AA: 24 | AAA:  8
#1611 11:18:58 | [BOTH] Total: 32 | AA: 24 | AAA:  8
#1612 11:18:59 | [BOTH] Total: 32 | AA: 24 | AAA:  8
#1613 11:19:00 | [BOTH] Total: 32 | AA: 24 | AAA:  8
#1614 11:19:01 | [BOTH] Total: 32 | AA: 24 | AAA:  8
#1615 11:19:01 | [BOTH] Total: 32 | AA: 24 | AAA:  8
#1616 11:19:02 | [BOTH] Total: 32 | AA: 24 | AAA:  8
#1617 11:19:03 | [BOTH] Total: 32 | AA: 24 | AAA:  8
#1618 11:19:04 | [BOTH] Total: 32 | AA: 24 | AAA:  8
#1619 11:19:05 | [BOTH] Total: 32 | AA: 24 | AAA:  8
#1620 11:19:05 | [BOTH] Total: 32 | AA: 24 | AAA:  8
#1621 11:19:06 | [BOTH] Total: 32 | AA: 24 | AAA:  8
#1622 11:19:07 | [BOTH] Total: 32 | AA: 24 | AAA:  8
#1623 11:19:08 | [BOTH] Total: 32 | AA: 24 | AAA:  8
#1624 11:19:08 | [BOTH] Total: 32 | AA: 24 | AAA:  8
#1625 11:19:09 | [BOTH] Total: 32 | AA: 24 | AAA:  8
#1626 11:19:10 | [BOTH] Total: 32 | AA: 24 | AAA:  8
#1627 11:19:11 | [BOTH] Total: 32 | AA: 24 | AAA:  8
#1628 11:19:12 | [BOTH] Total: 32 | AA: 24 | AAA:  8
#1629 11:19:12 | [BOTH] Total: 32 | AA: 24 | AAA:  8
#1630 11:19:13 | [BOTH] Total: 32 | AA: 24 | AAA:  8
#1631 11:19:14 | [BOTH] Total: 32 | AA: 24 | AAA:  8
#1632 11:19:15 | [BOTH] Total: 32 | AA: 24 | AAA:  8
#1633 11:19:16 | [BOTH] Total: 32 | AA: 24 | AAA:  8
#1634 11:19:17 | [BOTH] Total: 32 | AA: 24 | AAA:  8
#1635 11:19:17 | [BOTH] Total: 32 | AA: 24 | AAA:  8
#1636 11:19:18 | [BOTH] Total: 32 | AA: 24 | AAA:  8
#1637 11:19:19 | [BOTH] Total: 32 | AA: 24 | AAA:  8
#1638 11:19:20 | [BOTH] Total: 32 | AA: 24 | AAA:  8
#1639 11:19:20 | [BOTH] Total: 32 | AA: 24 | AAA:  8
#1640 11:19:21 | [BOTH] Total: 32 | AA: 24 | AAA:  8
#1641 11:19:22 | [BOTH] Total: 32 | AA: 24 | AAA:  8
#1642 11:19:22 | [BOTH] Total: 32 | AA: 24 | AAA:  8
#1643 11:19:23 | [BOTH] Total: 32 | AA: 24 | AAA:  8
#1644 11:19:24 | [BOTH] Total: 32 | AA: 24 | AAA:  8
#1645 11:19:25 | [BOTH] Total: 32 | AA: 24 | AAA:  8
#1646 11:19:25 | [BOTH] Total: 32 | AA: 24 | AAA:  8
#1647 11:19:26 | [BOTH] Total: 32 | AA: 24 | AAA:  8
#1648 11:19:27 | [BOTH] Total: 32 | AA: 24 | AAA:  8
#1649 11:19:28 | [BOTH] Total: 32 | AA: 24 | AAA:  8
#1650 11:19:28 | [BOTH] Total: 32 | AA: 24 | AAA:  8
#1651 11:19:29 | [BOTH] Total: 32 | AA: 24 | AAA:  8
#1652 11:19:30 | [BOTH] Total: 32 | AA: 24 | AAA:  8
#1653 11:19:31 | [BOTH] Total: 32 | AA: 24 | AAA:  8
#1654 11:19:31 | [BOTH] Total: 32 | AA: 24 | AAA:  8
#1655 11:19:32 | [BOTH] Total: 32 | AA: 24 | AAA:  8
#1656 11:19:33 | [BOTH] Total: 32 | AA: 24 | AAA:  8
#1657 11:19:34 | [BOTH] Total: 32 | AA: 24 | AAA:  8
#1658 11:19:34 | [BOTH] Total: 32 | AA: 24 | AAA:  8
#1659 11:19:35 | [BOTH] Total: 32 | AA: 24 | AAA:  8
#1660 11:19:36 | [BOTH] Total: 32 | AA: 24 | AAA:  8
#1661 11:19:36 | [BOTH] Total: 32 | AA: 24 | AAA:  8
#1662 11:19:37 | [BOTH] Total: 32 | AA: 24 | AAA:  8
#1663 11:19:38 | [BOTH] Total: 32 | AA: 24 | AAA:  8
#1664 11:19:39 | [BOTH] Total: 32 | AA: 24 | AAA:  8
#1665 11:19:39 | [BOTH] Total: 32 | AA: 24 | AAA:  8
#1666 11:19:40 | [BOTH] Total: 32 | AA: 24 | AAA:  8
#1667 11:19:41 | [BOTH] Total: 32 | AA: 24 | AAA:  8
#1668 11:19:42 | [BOTH] Total: 32 | AA: 24 | AAA:  8
#1669 11:19:42 | [BOTH] Total: 32 | AA: 24 | AAA:  8
#1670 11:19:43 | [BOTH] Total: 32 | AA: 24 | AAA:  8
#1671 11:19:44 | [BOTH] Total: 32 | AA: 24 | AAA:  8
#1672 11:19:45 | [BOTH] Total: 32 | AA: 24 | AAA:  8
#1673 11:19:46 | [BOTH] Total: 32 | AA: 24 | AAA:  8
#1674 11:19:47 | [BOTH] Total: 32 | AA: 24 | AAA:  8
#1675 11:19:47 | [BOTH] Total: 32 | AA: 24 | AAA:  8
#1676 11:19:48 | [BOTH] Total: 32 | AA: 24 | AAA:  8
#1677 11:19:49 | [BOTH] Total: 32 | AA: 24 | AAA:  8
#1678 11:19:50 | [BOTH] Total: 32 | AA: 24 | AAA:  8
#1679 11:19:50 | [BOTH] Total: 32 | AA: 24 | AAA:  8
#1680 11:19:51 | [BOTH] Total: 32 | AA: 24 | AAA:  8
#1681 11:19:52 | [BOTH] Total: 32 | AA: 24 | AAA:  8
#1682 11:19:53 | [BOTH] Total: 32 | AA: 24 | AAA:  8
#1683 11:19:54 | [BOTH] Total: 32 | AA: 24 | AAA:  8
#1684 11:19:55 | [BOTH] Total: 32 | AA: 24 | AAA:  8
#1685 11:19:55 | [BOTH] Total: 32 | AA: 24 | AAA:  8
#1686 11:19:56 | [BOTH] Total: 32 | AA: 24 | AAA:  8
#1687 11:19:57 | [BOTH] Total: 32 | AA: 24 | AAA:  8
#1688 11:19:58 | [BOTH] Total: 32 | AA: 24 | AAA:  8
#1689 11:19:58 | [BOTH] Total: 32 | AA: 24 | AAA:  8
#1690 11:19:59 | [BOTH] Total: 32 | AA: 24 | AAA:  8
#1691 11:20:00 | [BOTH] Total: 32 | AA: 24 | AAA:  8
#1692 11:20:01 | [BOTH] Total: 32 | AA: 24 | AAA:  8
#1693 11:20:02 | [BOTH] Total: 32 | AA: 24 | AAA:  8
#1694 11:20:02 | [BOTH] Total: 32 | AA: 24 | AAA:  8
#1695 11:20:03 | [BOTH] Total: 32 | AA: 24 | AAA:  8
#1696 11:20:04 | [BOTH] Total: 32 | AA: 24 | AAA:  8
#1697 11:20:05 | [BOTH] Total: 32 | AA: 24 | AAA:  8
#1698 11:20:06 | [BOTH] Total: 32 | AA: 24 | AAA:  8
