KLVR Charger Detection Monitor - Started 2025-08-18 09:13:32
Monitoring: https://shared-partly-survive-buttons.trycloudflare.com
============================================================

#  1 09:13:33 | ❌ Connection failed
#  2 09:13:33 | ❌ Connection failed
#  3 09:13:34 | ❌ Connection failed
#  4 09:13:34 | ❌ Connection failed
#  5 09:13:35 | ❌ Connection failed
#  6 09:13:35 | ❌ Connection failed
#  7 09:13:36 | ❌ Connection failed
#  8 09:13:37 | ❌ Connection failed
#  9 09:13:37 | ❌ Connection failed
# 10 09:13:38 | ❌ Connection failed
# 11 09:13:38 | ❌ Connection failed
# 12 09:13:39 | ❌ Connection failed
# 13 09:13:39 | ❌ Connection failed
# 14 09:13:40 | ❌ Connection failed
# 15 09:13:41 | ❌ Connection failed
# 16 09:13:41 | ❌ Connection failed
# 17 09:13:42 | ❌ Connection failed
# 18 09:13:42 | ❌ Connection failed
# 19 09:13:43 | ❌ Connection failed
# 20 09:13:43 | ❌ Connection failed
# 21 09:13:44 | ❌ Connection failed
# 22 09:13:45 | ❌ Connection failed
# 23 09:13:45 | ❌ Connection failed
# 24 09:13:46 | ❌ Connection failed
# 25 09:13:46 | ❌ Connection failed
# 26 09:13:47 | ❌ Connection failed
