KLVR Charger Detection Monitor - Started 2025-08-18 10:50:57
Monitoring: https://busy-scholars-ensemble-gnome.trycloudflare.com
============================================================

#  1 10:50:58 | [AA TEST] Total: 43 | Correct AA: 43 | Misdetected as AAA:  0 | ✅ All correct
    ✅ SLOT  0: KLVR-AA  | AAA_ON=   0mV | AAA_OFF=   0mV | Δ=   0mV
    ✅ SLOT  1: KLVR-AA  | AAA_ON=   0mV | AAA_OFF=   0mV | Δ=   0mV
    ✅ SLOT  2: KLVR-AA  | AAA_ON=   0mV | AAA_OFF=   0mV | Δ=   0mV
    ✅ SLOT  3: KLVR-AA  | AAA_ON=   0mV | AAA_OFF=   0mV | Δ=   0mV
    ✅ SLOT  4: KLVR-AA  | AAA_ON=   0mV | AAA_OFF=   0mV | Δ=   0mV
    ✅ SLOT  5: KLVR-AA  | AAA_ON=   0mV | AAA_OFF=   0mV | Δ=   0mV
    ✅ SLOT  6: KLVR-AA  | AAA_ON=   0mV | AAA_OFF=   0mV | Δ=   0mV
    ✅ SLOT  7: KLVR-AA  | AAA_ON=   0mV | AAA_OFF=   0mV | Δ=   0mV
    ✅ SLOT  8: KLVR-AA  | AAA_ON=   0mV | AAA_OFF=   0mV | Δ=   0mV
    ✅ SLOT  9: KLVR-AA  | AAA_ON=   0mV | AAA_OFF=   0mV | Δ=   0mV
    ✅ SLOT 10: KLVR-AA  | AAA_ON=   0mV | AAA_OFF=   0mV | Δ=   0mV
    ✅ SLOT 11: KLVR-AA  | AAA_ON=   0mV | AAA_OFF=   0mV | Δ=   0mV
    ✅ SLOT 12: KLVR-AA  | AAA_ON=   0mV | AAA_OFF=   0mV | Δ=   0mV
    ✅ SLOT 13: KLVR-AA  | AAA_ON=   0mV | AAA_OFF=   0mV | Δ=   0mV
    ✅ SLOT 14: KLVR-AA  | AAA_ON=   0mV | AAA_OFF=   0mV | Δ=   0mV
    ✅ SLOT 15: KLVR-AA  | AAA_ON=   0mV | AAA_OFF=   0mV | Δ=   0mV
    ✅ SLOT 16: KLVR-AA  | AAA_ON=   0mV | AAA_OFF=   0mV | Δ=   0mV
    ✅ SLOT 17: KLVR-AA  | AAA_ON=   0mV | AAA_OFF=   0mV | Δ=   0mV
    ✅ SLOT 18: KLVR-AA  | AAA_ON=   0mV | AAA_OFF=   0mV | Δ=   0mV
    ✅ SLOT 19: KLVR-AA  | AAA_ON=   0mV | AAA_OFF=   0mV | Δ=   0mV
    ✅ SLOT 20: KLVR-AA  | AAA_ON=   0mV | AAA_OFF=   0mV | Δ=   0mV
    ✅ SLOT 21: KLVR-AA  | AAA_ON=   0mV | AAA_OFF=   0mV | Δ=   0mV
    ✅ SLOT 22: KLVR-AA  | AAA_ON=   0mV | AAA_OFF=   0mV | Δ=   0mV
    ✅ SLOT 23: KLVR-AA  | AAA_ON=   0mV | AAA_OFF=   0mV | Δ=   0mV
    ✅ SLOT 24: KLVR-AA  | AAA_ON=1340mV | AAA_OFF=1340mV | Δ=   0mV
    ✅ SLOT 25: KLVR-AA  | AAA_ON=1350mV | AAA_OFF=1352mV | Δ=  -2mV
    ✅ SLOT 26: KLVR-AA  | AAA_ON=1342mV | AAA_OFF=1342mV | Δ=   0mV
    ✅ SLOT 27: KLVR-AA  | AAA_ON=1370mV | AAA_OFF=1372mV | Δ=  -2mV
    ✅ SLOT 28: KLVR-AA  | AAA_ON=1348mV | AAA_OFF=1346mV | Δ=   2mV
    ✅ SLOT 29: KLVR-AA  | AAA_ON=1338mV | AAA_OFF=1332mV | Δ=   6mV
    ✅ SLOT 30: KLVR-AA  | AAA_ON=1344mV | AAA_OFF=1344mV | Δ=   0mV
    ✅ SLOT 31: KLVR-AA  | AAA_ON=1334mV | AAA_OFF=1328mV | Δ=   6mV
    ✅ SLOT 32: KLVR-AA  | AAA_ON=1342mV | AAA_OFF=1338mV | Δ=   4mV
    ✅ SLOT 33: KLVR-AA  | AAA_ON=1350mV | AAA_OFF=1348mV | Δ=   2mV
    ✅ SLOT 34: KLVR-AA  | AAA_ON=1330mV | AAA_OFF=1332mV | Δ=  -2mV
    ✅ SLOT 35: KLVR-AA  | AAA_ON=   0mV | AAA_OFF=   0mV | Δ=   0mV
    ✅ SLOT 36: KLVR-AA  | AAA_ON=1354mV | AAA_OFF=1346mV | Δ=   8mV
    ✅ SLOT 42: KLVR-AA  | AAA_ON=   0mV | AAA_OFF=   0mV | Δ=   0mV
    ✅ SLOT 43: KLVR-AA  | AAA_ON=   0mV | AAA_OFF=   0mV | Δ=   0mV
    ✅ SLOT 44: KLVR-AA  | AAA_ON=   0mV | AAA_OFF=   0mV | Δ=   0mV
    ✅ SLOT 45: KLVR-AA  | AAA_ON=   0mV | AAA_OFF=   0mV | Δ=   0mV
    ✅ SLOT 46: KLVR-AA  | AAA_ON=   0mV | AAA_OFF=   0mV | Δ=   0mV
    ✅ SLOT 47: KLVR-AA  | AAA_ON=   0mV | AAA_OFF=   0mV | Δ=   0mV
#  2 10:50:59 | [AA TEST] Total: 43 | Correct AA: 43 | Misdetected as AAA:  0 | ✅ All correct
#  3 10:50:59 | [AA TEST] Total: 43 | Correct AA: 43 | Misdetected as AAA:  0 | ✅ All correct
#  4 10:51:00 | [AA TEST] Total: 43 | Correct AA: 43 | Misdetected as AAA:  0 | ✅ All correct
#  5 10:51:01 | [AA TEST] Total: 43 | Correct AA: 43 | Misdetected as AAA:  0 | ✅ All correct
#  6 10:51:02 | [AA TEST] Total: 43 | Correct AA: 43 | Misdetected as AAA:  0 | ✅ All correct
#  7 10:51:03 | [AA TEST] Total: 43 | Correct AA: 43 | Misdetected as AAA:  0 | ✅ All correct
#  8 10:51:03 | [AA TEST] Total: 43 | Correct AA: 43 | Misdetected as AAA:  0 | ✅ All correct
#  9 10:51:04 | [AA TEST] Total: 43 | Correct AA: 43 | Misdetected as AAA:  0 | ✅ All correct
# 10 10:51:05 | [AA TEST] Total: 43 | Correct AA: 43 | Misdetected as AAA:  0 | ✅ All correct
# 11 10:51:06 | [AA TEST] Total: 43 | Correct AA: 43 | Misdetected as AAA:  0 | ✅ All correct
    ✅ SLOT  0: KLVR-AA  | AAA_ON=   0mV | AAA_OFF=   0mV | Δ=   0mV
    ✅ SLOT  1: KLVR-AA  | AAA_ON=   0mV | AAA_OFF=   0mV | Δ=   0mV
    ✅ SLOT  2: KLVR-AA  | AAA_ON=   0mV | AAA_OFF=   0mV | Δ=   0mV
    ✅ SLOT  3: KLVR-AA  | AAA_ON=   0mV | AAA_OFF=   0mV | Δ=   0mV
    ✅ SLOT  4: KLVR-AA  | AAA_ON=   0mV | AAA_OFF=   0mV | Δ=   0mV
    ✅ SLOT  5: KLVR-AA  | AAA_ON=   0mV | AAA_OFF=   0mV | Δ=   0mV
    ✅ SLOT  6: KLVR-AA  | AAA_ON=   0mV | AAA_OFF=   0mV | Δ=   0mV
    ✅ SLOT  7: KLVR-AA  | AAA_ON=   0mV | AAA_OFF=   0mV | Δ=   0mV
    ✅ SLOT  8: KLVR-AA  | AAA_ON=   0mV | AAA_OFF=   0mV | Δ=   0mV
    ✅ SLOT  9: KLVR-AA  | AAA_ON=   0mV | AAA_OFF=   0mV | Δ=   0mV
    ✅ SLOT 10: KLVR-AA  | AAA_ON=   0mV | AAA_OFF=   0mV | Δ=   0mV
    ✅ SLOT 11: KLVR-AA  | AAA_ON=   0mV | AAA_OFF=   0mV | Δ=   0mV
    ✅ SLOT 12: KLVR-AA  | AAA_ON=   0mV | AAA_OFF=   0mV | Δ=   0mV
    ✅ SLOT 13: KLVR-AA  | AAA_ON=   0mV | AAA_OFF=   0mV | Δ=   0mV
    ✅ SLOT 14: KLVR-AA  | AAA_ON=   0mV | AAA_OFF=   0mV | Δ=   0mV
    ✅ SLOT 15: KLVR-AA  | AAA_ON=   0mV | AAA_OFF=   0mV | Δ=   0mV
    ✅ SLOT 16: KLVR-AA  | AAA_ON=   0mV | AAA_OFF=   0mV | Δ=   0mV
    ✅ SLOT 17: KLVR-AA  | AAA_ON=   0mV | AAA_OFF=   0mV | Δ=   0mV
    ✅ SLOT 18: KLVR-AA  | AAA_ON=   0mV | AAA_OFF=   0mV | Δ=   0mV
    ✅ SLOT 19: KLVR-AA  | AAA_ON=   0mV | AAA_OFF=   0mV | Δ=   0mV
    ✅ SLOT 20: KLVR-AA  | AAA_ON=   0mV | AAA_OFF=   0mV | Δ=   0mV
    ✅ SLOT 21: KLVR-AA  | AAA_ON=   0mV | AAA_OFF=   0mV | Δ=   0mV
    ✅ SLOT 22: KLVR-AA  | AAA_ON=   0mV | AAA_OFF=   0mV | Δ=   0mV
    ✅ SLOT 23: KLVR-AA  | AAA_ON=   0mV | AAA_OFF=   0mV | Δ=   0mV
    ✅ SLOT 24: KLVR-AA  | AAA_ON=1340mV | AAA_OFF=1340mV | Δ=   0mV
    ✅ SLOT 25: KLVR-AA  | AAA_ON=1350mV | AAA_OFF=1352mV | Δ=  -2mV
    ✅ SLOT 26: KLVR-AA  | AAA_ON=1342mV | AAA_OFF=1342mV | Δ=   0mV
    ✅ SLOT 27: KLVR-AA  | AAA_ON=1370mV | AAA_OFF=1372mV | Δ=  -2mV
    ✅ SLOT 28: KLVR-AA  | AAA_ON=1348mV | AAA_OFF=1346mV | Δ=   2mV
    ✅ SLOT 29: KLVR-AA  | AAA_ON=1338mV | AAA_OFF=1332mV | Δ=   6mV
    ✅ SLOT 30: KLVR-AA  | AAA_ON=1344mV | AAA_OFF=1344mV | Δ=   0mV
    ✅ SLOT 31: KLVR-AA  | AAA_ON=1334mV | AAA_OFF=1328mV | Δ=   6mV
    ✅ SLOT 32: KLVR-AA  | AAA_ON=1342mV | AAA_OFF=1338mV | Δ=   4mV
    ✅ SLOT 33: KLVR-AA  | AAA_ON=1350mV | AAA_OFF=1348mV | Δ=   2mV
    ✅ SLOT 34: KLVR-AA  | AAA_ON=1330mV | AAA_OFF=1332mV | Δ=  -2mV
    ✅ SLOT 35: KLVR-AA  | AAA_ON=   0mV | AAA_OFF=   0mV | Δ=   0mV
    ✅ SLOT 36: KLVR-AA  | AAA_ON=1354mV | AAA_OFF=1346mV | Δ=   8mV
    ✅ SLOT 42: KLVR-AA  | AAA_ON=   0mV | AAA_OFF=   0mV | Δ=   0mV
    ✅ SLOT 43: KLVR-AA  | AAA_ON=   0mV | AAA_OFF=   0mV | Δ=   0mV
    ✅ SLOT 44: KLVR-AA  | AAA_ON=   0mV | AAA_OFF=   0mV | Δ=   0mV
    ✅ SLOT 45: KLVR-AA  | AAA_ON=   0mV | AAA_OFF=   0mV | Δ=   0mV
    ✅ SLOT 46: KLVR-AA  | AAA_ON=   0mV | AAA_OFF=   0mV | Δ=   0mV
    ✅ SLOT 47: KLVR-AA  | AAA_ON=   0mV | AAA_OFF=   0mV | Δ=   0mV
# 12 10:51:07 | [AA TEST] Total: 43 | Correct AA: 43 | Misdetected as AAA:  0 | ✅ All correct
# 13 10:51:07 | [AA TEST] Total: 43 | Correct AA: 43 | Misdetected as AAA:  0 | ✅ All correct
# 14 10:51:08 | [AA TEST] Total: 43 | Correct AA: 43 | Misdetected as AAA:  0 | ✅ All correct
# 15 10:51:09 | [AA TEST] Total: 43 | Correct AA: 43 | Misdetected as AAA:  0 | ✅ All correct
# 16 10:51:10 | [AA TEST] Total: 43 | Correct AA: 43 | Misdetected as AAA:  0 | ✅ All correct
# 17 10:51:10 | [AA TEST] Total: 43 | Correct AA: 43 | Misdetected as AAA:  0 | ✅ All correct
# 18 10:51:11 | [AA TEST] Total: 43 | Correct AA: 43 | Misdetected as AAA:  0 | ✅ All correct
# 19 10:51:12 | [AA TEST] Total: 43 | Correct AA: 43 | Misdetected as AAA:  0 | ✅ All correct
# 20 10:51:12 | [AA TEST] Total: 43 | Correct AA: 43 | Misdetected as AAA:  0 | ✅ All correct
# 21 10:51:13 | [AA TEST] Total: 43 | Correct AA: 43 | Misdetected as AAA:  0 | ✅ All correct
    ✅ SLOT  0: KLVR-AA  | AAA_ON=   0mV | AAA_OFF=   0mV | Δ=   0mV
    ✅ SLOT  1: KLVR-AA  | AAA_ON=   0mV | AAA_OFF=   0mV | Δ=   0mV
    ✅ SLOT  2: KLVR-AA  | AAA_ON=   0mV | AAA_OFF=   0mV | Δ=   0mV
    ✅ SLOT  3: KLVR-AA  | AAA_ON=   0mV | AAA_OFF=   0mV | Δ=   0mV
    ✅ SLOT  4: KLVR-AA  | AAA_ON=   0mV | AAA_OFF=   0mV | Δ=   0mV
    ✅ SLOT  5: KLVR-AA  | AAA_ON=   0mV | AAA_OFF=   0mV | Δ=   0mV
    ✅ SLOT  6: KLVR-AA  | AAA_ON=   0mV | AAA_OFF=   0mV | Δ=   0mV
    ✅ SLOT  7: KLVR-AA  | AAA_ON=   0mV | AAA_OFF=   0mV | Δ=   0mV
    ✅ SLOT  8: KLVR-AA  | AAA_ON=   0mV | AAA_OFF=   0mV | Δ=   0mV
    ✅ SLOT  9: KLVR-AA  | AAA_ON=   0mV | AAA_OFF=   0mV | Δ=   0mV
    ✅ SLOT 10: KLVR-AA  | AAA_ON=   0mV | AAA_OFF=   0mV | Δ=   0mV
    ✅ SLOT 11: KLVR-AA  | AAA_ON=   0mV | AAA_OFF=   0mV | Δ=   0mV
    ✅ SLOT 12: KLVR-AA  | AAA_ON=   0mV | AAA_OFF=   0mV | Δ=   0mV
    ✅ SLOT 13: KLVR-AA  | AAA_ON=   0mV | AAA_OFF=   0mV | Δ=   0mV
    ✅ SLOT 14: KLVR-AA  | AAA_ON=   0mV | AAA_OFF=   0mV | Δ=   0mV
    ✅ SLOT 15: KLVR-AA  | AAA_ON=   0mV | AAA_OFF=   0mV | Δ=   0mV
    ✅ SLOT 16: KLVR-AA  | AAA_ON=   0mV | AAA_OFF=   0mV | Δ=   0mV
    ✅ SLOT 17: KLVR-AA  | AAA_ON=   0mV | AAA_OFF=   0mV | Δ=   0mV
    ✅ SLOT 18: KLVR-AA  | AAA_ON=   0mV | AAA_OFF=   0mV | Δ=   0mV
    ✅ SLOT 19: KLVR-AA  | AAA_ON=   0mV | AAA_OFF=   0mV | Δ=   0mV
    ✅ SLOT 20: KLVR-AA  | AAA_ON=   0mV | AAA_OFF=   0mV | Δ=   0mV
    ✅ SLOT 21: KLVR-AA  | AAA_ON=   0mV | AAA_OFF=   0mV | Δ=   0mV
    ✅ SLOT 22: KLVR-AA  | AAA_ON=   0mV | AAA_OFF=   0mV | Δ=   0mV
    ✅ SLOT 23: KLVR-AA  | AAA_ON=   0mV | AAA_OFF=   0mV | Δ=   0mV
    ✅ SLOT 24: KLVR-AA  | AAA_ON=1340mV | AAA_OFF=1340mV | Δ=   0mV
    ✅ SLOT 25: KLVR-AA  | AAA_ON=1350mV | AAA_OFF=1352mV | Δ=  -2mV
    ✅ SLOT 26: KLVR-AA  | AAA_ON=1342mV | AAA_OFF=1342mV | Δ=   0mV
    ✅ SLOT 27: KLVR-AA  | AAA_ON=1370mV | AAA_OFF=1372mV | Δ=  -2mV
    ✅ SLOT 28: KLVR-AA  | AAA_ON=1348mV | AAA_OFF=1346mV | Δ=   2mV
    ✅ SLOT 29: KLVR-AA  | AAA_ON=1338mV | AAA_OFF=1332mV | Δ=   6mV
    ✅ SLOT 30: KLVR-AA  | AAA_ON=1344mV | AAA_OFF=1344mV | Δ=   0mV
    ✅ SLOT 31: KLVR-AA  | AAA_ON=1334mV | AAA_OFF=1328mV | Δ=   6mV
    ✅ SLOT 32: KLVR-AA  | AAA_ON=1342mV | AAA_OFF=1338mV | Δ=   4mV
    ✅ SLOT 33: KLVR-AA  | AAA_ON=1350mV | AAA_OFF=1348mV | Δ=   2mV
    ✅ SLOT 34: KLVR-AA  | AAA_ON=1330mV | AAA_OFF=1332mV | Δ=  -2mV
    ✅ SLOT 35: KLVR-AA  | AAA_ON=   0mV | AAA_OFF=   0mV | Δ=   0mV
    ✅ SLOT 36: KLVR-AA  | AAA_ON=1354mV | AAA_OFF=1346mV | Δ=   8mV
    ✅ SLOT 42: KLVR-AA  | AAA_ON=   0mV | AAA_OFF=   0mV | Δ=   0mV
    ✅ SLOT 43: KLVR-AA  | AAA_ON=   0mV | AAA_OFF=   0mV | Δ=   0mV
    ✅ SLOT 44: KLVR-AA  | AAA_ON=   0mV | AAA_OFF=   0mV | Δ=   0mV
    ✅ SLOT 45: KLVR-AA  | AAA_ON=   0mV | AAA_OFF=   0mV | Δ=   0mV
    ✅ SLOT 46: KLVR-AA  | AAA_ON=   0mV | AAA_OFF=   0mV | Δ=   0mV
    ✅ SLOT 47: KLVR-AA  | AAA_ON=   0mV | AAA_OFF=   0mV | Δ=   0mV
# 22 10:51:14 | [AA TEST] Total: 43 | Correct AA: 43 | Misdetected as AAA:  0 | ✅ All correct
# 23 10:51:15 | [AA TEST] Total: 43 | Correct AA: 43 | Misdetected as AAA:  0 | ✅ All correct
# 24 10:51:16 | [AA TEST] Total: 43 | Correct AA: 43 | Misdetected as AAA:  0 | ✅ All correct
# 25 10:51:16 | [AA TEST] Total: 43 | Correct AA: 43 | Misdetected as AAA:  0 | ✅ All correct
# 26 10:51:17 | [AA TEST] Total: 43 | Correct AA: 43 | Misdetected as AAA:  0 | ✅ All correct
