KLVR Charger Detection Monitor - Started 2025-08-18 09:07:39
Monitoring: https://shared-partly-survive-buttons.trycloudflare.com
============================================================

#  1 09:07:39 | [AA TEST] Total: 48 | Correct AA: 48 | Misdetected as AAA:  0 | ✅ All correct
    ✅ SLOT  0: KLVR-AA  | AAA_ON=   0mV | AAA_OFF=   0mV | Δ=   0mV
    ✅ SLOT  1: KLVR-AA  | AAA_ON=   0mV | AAA_OFF=   0mV | Δ=   0mV
    ✅ SLOT  2: KLVR-AA  | AAA_ON=   0mV | AAA_OFF=   0mV | Δ=   0mV
    ✅ SLOT  3: KLVR-AA  | AAA_ON=   0mV | AAA_OFF=   0mV | Δ=   0mV
    ✅ SLOT  4: KLVR-AA  | AAA_ON=   0mV | AAA_OFF=   0mV | Δ=   0mV
    ✅ SLOT  5: KLVR-AA  | AAA_ON=   0mV | AAA_OFF=   0mV | Δ=   0mV
    ✅ SLOT  6: KLVR-AA  | AAA_ON=   0mV | AAA_OFF=   0mV | Δ=   0mV
    ✅ SLOT  7: KLVR-AA  | AAA_ON=   0mV | AAA_OFF=   0mV | Δ=   0mV
    ✅ SLOT  8: KLVR-AA  | AAA_ON=   0mV | AAA_OFF=   0mV | Δ=   0mV
    ✅ SLOT  9: KLVR-AA  | AAA_ON=   0mV | AAA_OFF=   0mV | Δ=   0mV
    ✅ SLOT 10: KLVR-AA  | AAA_ON=   0mV | AAA_OFF=   0mV | Δ=   0mV
    ✅ SLOT 11: KLVR-AA  | AAA_ON=   0mV | AAA_OFF=   0mV | Δ=   0mV
    ✅ SLOT 12: KLVR-AA  | AAA_ON=   0mV | AAA_OFF=   0mV | Δ=   0mV
    ✅ SLOT 13: KLVR-AA  | AAA_ON=   0mV | AAA_OFF=   0mV | Δ=   0mV
    ✅ SLOT 14: KLVR-AA  | AAA_ON=   0mV | AAA_OFF=   0mV | Δ=   0mV
    ✅ SLOT 15: KLVR-AA  | AAA_ON=   0mV | AAA_OFF=   0mV | Δ=   0mV
    ✅ SLOT 16: KLVR-AA  | AAA_ON=   0mV | AAA_OFF=   0mV | Δ=   0mV
    ✅ SLOT 17: KLVR-AA  | AAA_ON=   0mV | AAA_OFF=   0mV | Δ=   0mV
    ✅ SLOT 18: KLVR-AA  | AAA_ON=   0mV | AAA_OFF=   0mV | Δ=   0mV
    ✅ SLOT 19: KLVR-AA  | AAA_ON=   0mV | AAA_OFF=   0mV | Δ=   0mV
    ✅ SLOT 20: KLVR-AA  | AAA_ON=   0mV | AAA_OFF=   0mV | Δ=   0mV
    ✅ SLOT 21: KLVR-AA  | AAA_ON=   0mV | AAA_OFF=   0mV | Δ=   0mV
    ✅ SLOT 22: KLVR-AA  | AAA_ON=   0mV | AAA_OFF=   0mV | Δ=   0mV
    ✅ SLOT 23: KLVR-AA  | AAA_ON=   0mV | AAA_OFF=   0mV | Δ=   0mV
    ✅ SLOT 24: KLVR-AA  | AAA_ON=   0mV | AAA_OFF=   0mV | Δ=   0mV
    ✅ SLOT 25: KLVR-AA  | AAA_ON=   0mV | AAA_OFF=   0mV | Δ=   0mV
    ✅ SLOT 26: KLVR-AA  | AAA_ON=   0mV | AAA_OFF=   0mV | Δ=   0mV
    ✅ SLOT 27: KLVR-AA  | AAA_ON=   0mV | AAA_OFF=   0mV | Δ=   0mV
    ✅ SLOT 28: KLVR-AA  | AAA_ON=   0mV | AAA_OFF=   0mV | Δ=   0mV
    ✅ SLOT 29: KLVR-AA  | AAA_ON=   0mV | AAA_OFF=   0mV | Δ=   0mV
    ✅ SLOT 30: KLVR-AA  | AAA_ON=   0mV | AAA_OFF=   0mV | Δ=   0mV
    ✅ SLOT 31: KLVR-AA  | AAA_ON=   0mV | AAA_OFF=   0mV | Δ=   0mV
    ✅ SLOT 32: KLVR-AA  | AAA_ON=   0mV | AAA_OFF=   0mV | Δ=   0mV
    ✅ SLOT 33: KLVR-AA  | AAA_ON=   0mV | AAA_OFF=   0mV | Δ=   0mV
    ✅ SLOT 34: KLVR-AA  | AAA_ON=   0mV | AAA_OFF=   0mV | Δ=   0mV
    ✅ SLOT 35: KLVR-AA  | AAA_ON=   0mV | AAA_OFF=   0mV | Δ=   0mV
    ✅ SLOT 36: KLVR-AA  | AAA_ON=   0mV | AAA_OFF=   0mV | Δ=   0mV
    ✅ SLOT 37: KLVR-AA  | AAA_ON=   0mV | AAA_OFF=   0mV | Δ=   0mV
    ✅ SLOT 38: KLVR-AA  | AAA_ON=   0mV | AAA_OFF=   0mV | Δ=   0mV
    ✅ SLOT 39: KLVR-AA  | AAA_ON=   0mV | AAA_OFF=   0mV | Δ=   0mV
    ✅ SLOT 40: KLVR-AA  | AAA_ON=   0mV | AAA_OFF=   0mV | Δ=   0mV
    ✅ SLOT 41: KLVR-AA  | AAA_ON=   0mV | AAA_OFF=   0mV | Δ=   0mV
    ✅ SLOT 42: KLVR-AA  | AAA_ON=   0mV | AAA_OFF=   0mV | Δ=   0mV
    ✅ SLOT 43: KLVR-AA  | AAA_ON=   0mV | AAA_OFF=   0mV | Δ=   0mV
    ✅ SLOT 44: KLVR-AA  | AAA_ON=   0mV | AAA_OFF=   0mV | Δ=   0mV
    ✅ SLOT 45: KLVR-AA  | AAA_ON=   0mV | AAA_OFF=   0mV | Δ=   0mV
    ✅ SLOT 46: KLVR-AA  | AAA_ON=   0mV | AAA_OFF=   0mV | Δ=   0mV
    ✅ SLOT 47: KLVR-AA  | AAA_ON=   0mV | AAA_OFF=   0mV | Δ=   0mV
#  2 09:07:40 | [AA TEST] Total: 48 | Correct AA: 48 | Misdetected as AAA:  0 | ✅ All correct
#  3 09:07:41 | [AA TEST] Total: 48 | Correct AA: 48 | Misdetected as AAA:  0 | ✅ All correct
#  4 09:07:41 | [AA TEST] Total: 48 | Correct AA: 48 | Misdetected as AAA:  0 | ✅ All correct
#  5 09:07:42 | [AA TEST] Total: 48 | Correct AA: 48 | Misdetected as AAA:  0 | ✅ All correct
#  6 09:07:43 | [AA TEST] Total: 48 | Correct AA: 48 | Misdetected as AAA:  0 | ✅ All correct
#  7 09:07:43 | [AA TEST] Total: 48 | Correct AA: 48 | Misdetected as AAA:  0 | ✅ All correct
#  8 09:07:44 | [AA TEST] Total: 48 | Correct AA: 48 | Misdetected as AAA:  0 | ✅ All correct
#  9 09:07:45 | [AA TEST] Total: 48 | Correct AA: 48 | Misdetected as AAA:  0 | ✅ All correct
# 10 09:07:46 | [AA TEST] Total: 48 | Correct AA: 48 | Misdetected as AAA:  0 | ✅ All correct
# 11 09:07:46 | [AA TEST] Total: 48 | Correct AA: 48 | Misdetected as AAA:  0 | ✅ All correct
    ✅ SLOT  0: KLVR-AA  | AAA_ON=   0mV | AAA_OFF=   0mV | Δ=   0mV
    ✅ SLOT  1: KLVR-AA  | AAA_ON=   0mV | AAA_OFF=   0mV | Δ=   0mV
    ✅ SLOT  2: KLVR-AA  | AAA_ON=   0mV | AAA_OFF=   0mV | Δ=   0mV
    ✅ SLOT  3: KLVR-AA  | AAA_ON=   0mV | AAA_OFF=   0mV | Δ=   0mV
    ✅ SLOT  4: KLVR-AA  | AAA_ON=   0mV | AAA_OFF=   0mV | Δ=   0mV
    ✅ SLOT  5: KLVR-AA  | AAA_ON=   0mV | AAA_OFF=   0mV | Δ=   0mV
    ✅ SLOT  6: KLVR-AA  | AAA_ON=   0mV | AAA_OFF=   0mV | Δ=   0mV
    ✅ SLOT  7: KLVR-AA  | AAA_ON=   0mV | AAA_OFF=   0mV | Δ=   0mV
    ✅ SLOT  8: KLVR-AA  | AAA_ON=   0mV | AAA_OFF=   0mV | Δ=   0mV
    ✅ SLOT  9: KLVR-AA  | AAA_ON=   0mV | AAA_OFF=   0mV | Δ=   0mV
    ✅ SLOT 10: KLVR-AA  | AAA_ON=   0mV | AAA_OFF=   0mV | Δ=   0mV
    ✅ SLOT 11: KLVR-AA  | AAA_ON=   0mV | AAA_OFF=   0mV | Δ=   0mV
    ✅ SLOT 12: KLVR-AA  | AAA_ON=   0mV | AAA_OFF=   0mV | Δ=   0mV
    ✅ SLOT 13: KLVR-AA  | AAA_ON=   0mV | AAA_OFF=   0mV | Δ=   0mV
    ✅ SLOT 14: KLVR-AA  | AAA_ON=   0mV | AAA_OFF=   0mV | Δ=   0mV
    ✅ SLOT 15: KLVR-AA  | AAA_ON=   0mV | AAA_OFF=   0mV | Δ=   0mV
    ✅ SLOT 16: KLVR-AA  | AAA_ON=   0mV | AAA_OFF=   0mV | Δ=   0mV
    ✅ SLOT 17: KLVR-AA  | AAA_ON=   0mV | AAA_OFF=   0mV | Δ=   0mV
    ✅ SLOT 18: KLVR-AA  | AAA_ON=   0mV | AAA_OFF=   0mV | Δ=   0mV
    ✅ SLOT 19: KLVR-AA  | AAA_ON=   0mV | AAA_OFF=   0mV | Δ=   0mV
    ✅ SLOT 20: KLVR-AA  | AAA_ON=   0mV | AAA_OFF=   0mV | Δ=   0mV
    ✅ SLOT 21: KLVR-AA  | AAA_ON=   0mV | AAA_OFF=   0mV | Δ=   0mV
    ✅ SLOT 22: KLVR-AA  | AAA_ON=   0mV | AAA_OFF=   0mV | Δ=   0mV
    ✅ SLOT 23: KLVR-AA  | AAA_ON=   0mV | AAA_OFF=   0mV | Δ=   0mV
    ✅ SLOT 24: KLVR-AA  | AAA_ON=   0mV | AAA_OFF=   0mV | Δ=   0mV
    ✅ SLOT 25: KLVR-AA  | AAA_ON=   0mV | AAA_OFF=   0mV | Δ=   0mV
    ✅ SLOT 26: KLVR-AA  | AAA_ON=   0mV | AAA_OFF=   0mV | Δ=   0mV
    ✅ SLOT 27: KLVR-AA  | AAA_ON=   0mV | AAA_OFF=   0mV | Δ=   0mV
    ✅ SLOT 28: KLVR-AA  | AAA_ON=   0mV | AAA_OFF=   0mV | Δ=   0mV
    ✅ SLOT 29: KLVR-AA  | AAA_ON=   0mV | AAA_OFF=   0mV | Δ=   0mV
    ✅ SLOT 30: KLVR-AA  | AAA_ON=   0mV | AAA_OFF=   0mV | Δ=   0mV
    ✅ SLOT 31: KLVR-AA  | AAA_ON=   0mV | AAA_OFF=   0mV | Δ=   0mV
    ✅ SLOT 32: KLVR-AA  | AAA_ON=   0mV | AAA_OFF=   0mV | Δ=   0mV
    ✅ SLOT 33: KLVR-AA  | AAA_ON=   0mV | AAA_OFF=   0mV | Δ=   0mV
    ✅ SLOT 34: KLVR-AA  | AAA_ON=   0mV | AAA_OFF=   0mV | Δ=   0mV
    ✅ SLOT 35: KLVR-AA  | AAA_ON=   0mV | AAA_OFF=   0mV | Δ=   0mV
    ✅ SLOT 36: KLVR-AA  | AAA_ON=   0mV | AAA_OFF=   0mV | Δ=   0mV
    ✅ SLOT 37: KLVR-AA  | AAA_ON=   0mV | AAA_OFF=   0mV | Δ=   0mV
    ✅ SLOT 38: KLVR-AA  | AAA_ON=   0mV | AAA_OFF=   0mV | Δ=   0mV
    ✅ SLOT 39: KLVR-AA  | AAA_ON=   0mV | AAA_OFF=   0mV | Δ=   0mV
    ✅ SLOT 40: KLVR-AA  | AAA_ON=   0mV | AAA_OFF=   0mV | Δ=   0mV
    ✅ SLOT 41: KLVR-AA  | AAA_ON=   0mV | AAA_OFF=   0mV | Δ=   0mV
    ✅ SLOT 42: KLVR-AA  | AAA_ON=   0mV | AAA_OFF=   0mV | Δ=   0mV
    ✅ SLOT 43: KLVR-AA  | AAA_ON=   0mV | AAA_OFF=   0mV | Δ=   0mV
    ✅ SLOT 44: KLVR-AA  | AAA_ON=   0mV | AAA_OFF=   0mV | Δ=   0mV
    ✅ SLOT 45: KLVR-AA  | AAA_ON=   0mV | AAA_OFF=   0mV | Δ=   0mV
    ✅ SLOT 46: KLVR-AA  | AAA_ON=   0mV | AAA_OFF=   0mV | Δ=   0mV
    ✅ SLOT 47: KLVR-AA  | AAA_ON=   0mV | AAA_OFF=   0mV | Δ=   0mV
# 12 09:07:47 | [AA TEST] Total: 48 | Correct AA: 48 | Misdetected as AAA:  0 | ✅ All correct
# 13 09:07:48 | [AA TEST] Total: 48 | Correct AA: 48 | Misdetected as AAA:  0 | ✅ All correct
# 14 09:07:49 | [AA TEST] Total: 48 | Correct AA: 48 | Misdetected as AAA:  0 | ✅ All correct
# 15 09:07:49 | [AA TEST] Total: 48 | Correct AA: 48 | Misdetected as AAA:  0 | ✅ All correct
# 16 09:07:50 | [AA TEST] Total: 48 | Correct AA: 48 | Misdetected as AAA:  0 | ✅ All correct
# 17 09:07:51 | [AA TEST] Total: 48 | Correct AA: 48 | Misdetected as AAA:  0 | ✅ All correct
# 18 09:07:51 | [AA TEST] Total: 48 | Correct AA: 48 | Misdetected as AAA:  0 | ✅ All correct
# 19 09:07:52 | [AA TEST] Total: 48 | Correct AA: 48 | Misdetected as AAA:  0 | ✅ All correct
# 20 09:07:53 | [AA TEST] Total: 48 | Correct AA: 48 | Misdetected as AAA:  0 | ✅ All correct
# 21 09:07:54 | [AA TEST] Total: 48 | Correct AA: 48 | Misdetected as AAA:  0 | ✅ All correct
    ✅ SLOT  0: KLVR-AA  | AAA_ON=   0mV | AAA_OFF=   0mV | Δ=   0mV
    ✅ SLOT  1: KLVR-AA  | AAA_ON=   0mV | AAA_OFF=   0mV | Δ=   0mV
    ✅ SLOT  2: KLVR-AA  | AAA_ON=   0mV | AAA_OFF=   0mV | Δ=   0mV
    ✅ SLOT  3: KLVR-AA  | AAA_ON=   0mV | AAA_OFF=   0mV | Δ=   0mV
    ✅ SLOT  4: KLVR-AA  | AAA_ON=   0mV | AAA_OFF=   0mV | Δ=   0mV
    ✅ SLOT  5: KLVR-AA  | AAA_ON=   0mV | AAA_OFF=   0mV | Δ=   0mV
    ✅ SLOT  6: KLVR-AA  | AAA_ON=   0mV | AAA_OFF=   0mV | Δ=   0mV
    ✅ SLOT  7: KLVR-AA  | AAA_ON=   0mV | AAA_OFF=   0mV | Δ=   0mV
    ✅ SLOT  8: KLVR-AA  | AAA_ON=   0mV | AAA_OFF=   0mV | Δ=   0mV
    ✅ SLOT  9: KLVR-AA  | AAA_ON=   0mV | AAA_OFF=   0mV | Δ=   0mV
    ✅ SLOT 10: KLVR-AA  | AAA_ON=   0mV | AAA_OFF=   0mV | Δ=   0mV
    ✅ SLOT 11: KLVR-AA  | AAA_ON=   0mV | AAA_OFF=   0mV | Δ=   0mV
    ✅ SLOT 12: KLVR-AA  | AAA_ON=   0mV | AAA_OFF=   0mV | Δ=   0mV
    ✅ SLOT 13: KLVR-AA  | AAA_ON=   0mV | AAA_OFF=   0mV | Δ=   0mV
    ✅ SLOT 14: KLVR-AA  | AAA_ON=   0mV | AAA_OFF=   0mV | Δ=   0mV
    ✅ SLOT 15: KLVR-AA  | AAA_ON=   0mV | AAA_OFF=   0mV | Δ=   0mV
    ✅ SLOT 16: KLVR-AA  | AAA_ON=   0mV | AAA_OFF=   0mV | Δ=   0mV
    ✅ SLOT 17: KLVR-AA  | AAA_ON=   0mV | AAA_OFF=   0mV | Δ=   0mV
    ✅ SLOT 18: KLVR-AA  | AAA_ON=   0mV | AAA_OFF=   0mV | Δ=   0mV
    ✅ SLOT 19: KLVR-AA  | AAA_ON=   0mV | AAA_OFF=   0mV | Δ=   0mV
    ✅ SLOT 20: KLVR-AA  | AAA_ON=   0mV | AAA_OFF=   0mV | Δ=   0mV
    ✅ SLOT 21: KLVR-AA  | AAA_ON=   0mV | AAA_OFF=   0mV | Δ=   0mV
    ✅ SLOT 22: KLVR-AA  | AAA_ON=   0mV | AAA_OFF=   0mV | Δ=   0mV
    ✅ SLOT 23: KLVR-AA  | AAA_ON=   0mV | AAA_OFF=   0mV | Δ=   0mV
    ✅ SLOT 24: KLVR-AA  | AAA_ON=   0mV | AAA_OFF=   0mV | Δ=   0mV
    ✅ SLOT 25: KLVR-AA  | AAA_ON=   0mV | AAA_OFF=   0mV | Δ=   0mV
    ✅ SLOT 26: KLVR-AA  | AAA_ON=   0mV | AAA_OFF=   0mV | Δ=   0mV
    ✅ SLOT 27: KLVR-AA  | AAA_ON=   0mV | AAA_OFF=   0mV | Δ=   0mV
    ✅ SLOT 28: KLVR-AA  | AAA_ON=   0mV | AAA_OFF=   0mV | Δ=   0mV
    ✅ SLOT 29: KLVR-AA  | AAA_ON=   0mV | AAA_OFF=   0mV | Δ=   0mV
    ✅ SLOT 30: KLVR-AA  | AAA_ON=   0mV | AAA_OFF=   0mV | Δ=   0mV
    ✅ SLOT 31: KLVR-AA  | AAA_ON=   0mV | AAA_OFF=   0mV | Δ=   0mV
    ✅ SLOT 32: KLVR-AA  | AAA_ON=   0mV | AAA_OFF=   0mV | Δ=   0mV
    ✅ SLOT 33: KLVR-AA  | AAA_ON=   0mV | AAA_OFF=   0mV | Δ=   0mV
    ✅ SLOT 34: KLVR-AA  | AAA_ON=   0mV | AAA_OFF=   0mV | Δ=   0mV
    ✅ SLOT 35: KLVR-AA  | AAA_ON=   0mV | AAA_OFF=   0mV | Δ=   0mV
    ✅ SLOT 36: KLVR-AA  | AAA_ON=   0mV | AAA_OFF=   0mV | Δ=   0mV
    ✅ SLOT 37: KLVR-AA  | AAA_ON=   0mV | AAA_OFF=   0mV | Δ=   0mV
    ✅ SLOT 38: KLVR-AA  | AAA_ON=   0mV | AAA_OFF=   0mV | Δ=   0mV
    ✅ SLOT 39: KLVR-AA  | AAA_ON=   0mV | AAA_OFF=   0mV | Δ=   0mV
    ✅ SLOT 40: KLVR-AA  | AAA_ON=   0mV | AAA_OFF=   0mV | Δ=   0mV
    ✅ SLOT 41: KLVR-AA  | AAA_ON=   0mV | AAA_OFF=   0mV | Δ=   0mV
    ✅ SLOT 42: KLVR-AA  | AAA_ON=   0mV | AAA_OFF=   0mV | Δ=   0mV
    ✅ SLOT 43: KLVR-AA  | AAA_ON=   0mV | AAA_OFF=   0mV | Δ=   0mV
    ✅ SLOT 44: KLVR-AA  | AAA_ON=   0mV | AAA_OFF=   0mV | Δ=   0mV
    ✅ SLOT 45: KLVR-AA  | AAA_ON=   0mV | AAA_OFF=   0mV | Δ=   0mV
    ✅ SLOT 46: KLVR-AA  | AAA_ON=   0mV | AAA_OFF=   0mV | Δ=   0mV
    ✅ SLOT 47: KLVR-AA  | AAA_ON=   0mV | AAA_OFF=   0mV | Δ=   0mV
# 22 09:07:54 | [AA TEST] Total: 48 | Correct AA: 48 | Misdetected as AAA:  0 | ✅ All correct
# 23 09:07:55 | [AA TEST] Total: 48 | Correct AA: 48 | Misdetected as AAA:  0 | ✅ All correct
# 24 09:07:56 | [AA TEST] Total: 48 | Correct AA: 48 | Misdetected as AAA:  0 | ✅ All correct
# 25 09:07:56 | [AA TEST] Total: 48 | Correct AA: 48 | Misdetected as AAA:  0 | ✅ All correct
# 26 09:07:57 | [AA TEST] Total: 48 | Correct AA: 48 | Misdetected as AAA:  0 | ✅ All correct
# 27 09:07:58 | [AA TEST] Total: 48 | Correct AA: 48 | Misdetected as AAA:  0 | ✅ All correct
# 28 09:07:59 | [AA TEST] Total: 48 | Correct AA: 48 | Misdetected as AAA:  0 | ✅ All correct
# 29 09:07:59 | [AA TEST] Total: 48 | Correct AA: 48 | Misdetected as AAA:  0 | ✅ All correct
# 30 09:08:00 | [AA TEST] Total: 48 | Correct AA: 48 | Misdetected as AAA:  0 | ✅ All correct
# 31 09:08:01 | [AA TEST] Total: 48 | Correct AA: 48 | Misdetected as AAA:  0 | ✅ All correct
    ✅ SLOT  0: KLVR-AA  | AAA_ON=   0mV | AAA_OFF=   0mV | Δ=   0mV
    ✅ SLOT  1: KLVR-AA  | AAA_ON=   0mV | AAA_OFF=   0mV | Δ=   0mV
    ✅ SLOT  2: KLVR-AA  | AAA_ON=   0mV | AAA_OFF=   0mV | Δ=   0mV
    ✅ SLOT  3: KLVR-AA  | AAA_ON=   0mV | AAA_OFF=   0mV | Δ=   0mV
    ✅ SLOT  4: KLVR-AA  | AAA_ON=   0mV | AAA_OFF=   0mV | Δ=   0mV
    ✅ SLOT  5: KLVR-AA  | AAA_ON=   0mV | AAA_OFF=   0mV | Δ=   0mV
    ✅ SLOT  6: KLVR-AA  | AAA_ON=   0mV | AAA_OFF=   0mV | Δ=   0mV
    ✅ SLOT  7: KLVR-AA  | AAA_ON=   0mV | AAA_OFF=   0mV | Δ=   0mV
    ✅ SLOT  8: KLVR-AA  | AAA_ON=   0mV | AAA_OFF=   0mV | Δ=   0mV
    ✅ SLOT  9: KLVR-AA  | AAA_ON=   0mV | AAA_OFF=   0mV | Δ=   0mV
    ✅ SLOT 10: KLVR-AA  | AAA_ON=   0mV | AAA_OFF=   0mV | Δ=   0mV
    ✅ SLOT 11: KLVR-AA  | AAA_ON=   0mV | AAA_OFF=   0mV | Δ=   0mV
    ✅ SLOT 12: KLVR-AA  | AAA_ON=   0mV | AAA_OFF=   0mV | Δ=   0mV
    ✅ SLOT 13: KLVR-AA  | AAA_ON=   0mV | AAA_OFF=   0mV | Δ=   0mV
    ✅ SLOT 14: KLVR-AA  | AAA_ON=   0mV | AAA_OFF=   0mV | Δ=   0mV
    ✅ SLOT 15: KLVR-AA  | AAA_ON=   0mV | AAA_OFF=   0mV | Δ=   0mV
    ✅ SLOT 16: KLVR-AA  | AAA_ON=   0mV | AAA_OFF=   0mV | Δ=   0mV
    ✅ SLOT 17: KLVR-AA  | AAA_ON=   0mV | AAA_OFF=   0mV | Δ=   0mV
    ✅ SLOT 18: KLVR-AA  | AAA_ON=   0mV | AAA_OFF=   0mV | Δ=   0mV
    ✅ SLOT 19: KLVR-AA  | AAA_ON=   0mV | AAA_OFF=   0mV | Δ=   0mV
    ✅ SLOT 20: KLVR-AA  | AAA_ON=   0mV | AAA_OFF=   0mV | Δ=   0mV
    ✅ SLOT 21: KLVR-AA  | AAA_ON=   0mV | AAA_OFF=   0mV | Δ=   0mV
    ✅ SLOT 22: KLVR-AA  | AAA_ON=   0mV | AAA_OFF=   0mV | Δ=   0mV
    ✅ SLOT 23: KLVR-AA  | AAA_ON=   0mV | AAA_OFF=   0mV | Δ=   0mV
    ✅ SLOT 24: KLVR-AA  | AAA_ON=   0mV | AAA_OFF=   0mV | Δ=   0mV
    ✅ SLOT 25: KLVR-AA  | AAA_ON=   0mV | AAA_OFF=   0mV | Δ=   0mV
    ✅ SLOT 26: KLVR-AA  | AAA_ON=   0mV | AAA_OFF=   0mV | Δ=   0mV
    ✅ SLOT 27: KLVR-AA  | AAA_ON=   0mV | AAA_OFF=   0mV | Δ=   0mV
    ✅ SLOT 28: KLVR-AA  | AAA_ON=   0mV | AAA_OFF=   0mV | Δ=   0mV
    ✅ SLOT 29: KLVR-AA  | AAA_ON=   0mV | AAA_OFF=   0mV | Δ=   0mV
    ✅ SLOT 30: KLVR-AA  | AAA_ON=   0mV | AAA_OFF=   0mV | Δ=   0mV
    ✅ SLOT 31: KLVR-AA  | AAA_ON=   0mV | AAA_OFF=   0mV | Δ=   0mV
    ✅ SLOT 32: KLVR-AA  | AAA_ON=   0mV | AAA_OFF=   0mV | Δ=   0mV
    ✅ SLOT 33: KLVR-AA  | AAA_ON=   0mV | AAA_OFF=   0mV | Δ=   0mV
    ✅ SLOT 34: KLVR-AA  | AAA_ON=   0mV | AAA_OFF=   0mV | Δ=   0mV
    ✅ SLOT 35: KLVR-AA  | AAA_ON=   0mV | AAA_OFF=   0mV | Δ=   0mV
    ✅ SLOT 36: KLVR-AA  | AAA_ON=   0mV | AAA_OFF=   0mV | Δ=   0mV
    ✅ SLOT 37: KLVR-AA  | AAA_ON=   0mV | AAA_OFF=   0mV | Δ=   0mV
    ✅ SLOT 38: KLVR-AA  | AAA_ON=   0mV | AAA_OFF=   0mV | Δ=   0mV
    ✅ SLOT 39: KLVR-AA  | AAA_ON=   0mV | AAA_OFF=   0mV | Δ=   0mV
    ✅ SLOT 40: KLVR-AA  | AAA_ON=   0mV | AAA_OFF=   0mV | Δ=   0mV
    ✅ SLOT 41: KLVR-AA  | AAA_ON=   0mV | AAA_OFF=   0mV | Δ=   0mV
    ✅ SLOT 42: KLVR-AA  | AAA_ON=   0mV | AAA_OFF=   0mV | Δ=   0mV
    ✅ SLOT 43: KLVR-AA  | AAA_ON=   0mV | AAA_OFF=   0mV | Δ=   0mV
    ✅ SLOT 44: KLVR-AA  | AAA_ON=   0mV | AAA_OFF=   0mV | Δ=   0mV
    ✅ SLOT 45: KLVR-AA  | AAA_ON=   0mV | AAA_OFF=   0mV | Δ=   0mV
    ✅ SLOT 46: KLVR-AA  | AAA_ON=   0mV | AAA_OFF=   0mV | Δ=   0mV
    ✅ SLOT 47: KLVR-AA  | AAA_ON=   0mV | AAA_OFF=   0mV | Δ=   0mV
# 32 09:08:01 | [AA TEST] Total: 48 | Correct AA: 48 | Misdetected as AAA:  0 | ✅ All correct
# 33 09:08:02 | [AA TEST] Total: 48 | Correct AA: 48 | Misdetected as AAA:  0 | ✅ All correct
# 34 09:08:03 | [AA TEST] Total: 48 | Correct AA: 48 | Misdetected as AAA:  0 | ✅ All correct
# 35 09:08:03 | [AA TEST] Total: 48 | Correct AA: 48 | Misdetected as AAA:  0 | ✅ All correct
# 36 09:08:04 | [AA TEST] Total: 48 | Correct AA: 48 | Misdetected as AAA:  0 | ✅ All correct
# 37 09:08:05 | [AA TEST] Total: 48 | Correct AA: 48 | Misdetected as AAA:  0 | ✅ All correct
# 38 09:08:06 | [AA TEST] Total: 48 | Correct AA: 48 | Misdetected as AAA:  0 | ✅ All correct
# 39 09:08:06 | [AA TEST] Total: 48 | Correct AA: 48 | Misdetected as AAA:  0 | ✅ All correct
# 40 09:08:07 | [AA TEST] Total: 48 | Correct AA: 48 | Misdetected as AAA:  0 | ✅ All correct
# 41 09:08:08 | [AA TEST] Total: 48 | Correct AA: 48 | Misdetected as AAA:  0 | ✅ All correct
    ✅ SLOT  0: KLVR-AA  | AAA_ON=   0mV | AAA_OFF=   0mV | Δ=   0mV
    ✅ SLOT  1: KLVR-AA  | AAA_ON=   0mV | AAA_OFF=   0mV | Δ=   0mV
    ✅ SLOT  2: KLVR-AA  | AAA_ON=   0mV | AAA_OFF=   0mV | Δ=   0mV
    ✅ SLOT  3: KLVR-AA  | AAA_ON=   0mV | AAA_OFF=   0mV | Δ=   0mV
    ✅ SLOT  4: KLVR-AA  | AAA_ON=   0mV | AAA_OFF=   0mV | Δ=   0mV
    ✅ SLOT  5: KLVR-AA  | AAA_ON=   0mV | AAA_OFF=   0mV | Δ=   0mV
    ✅ SLOT  6: KLVR-AA  | AAA_ON=   0mV | AAA_OFF=   0mV | Δ=   0mV
    ✅ SLOT  7: KLVR-AA  | AAA_ON=   0mV | AAA_OFF=   0mV | Δ=   0mV
    ✅ SLOT  8: KLVR-AA  | AAA_ON=   0mV | AAA_OFF=   0mV | Δ=   0mV
    ✅ SLOT  9: KLVR-AA  | AAA_ON=   0mV | AAA_OFF=   0mV | Δ=   0mV
    ✅ SLOT 10: KLVR-AA  | AAA_ON=   0mV | AAA_OFF=   0mV | Δ=   0mV
    ✅ SLOT 11: KLVR-AA  | AAA_ON=   0mV | AAA_OFF=   0mV | Δ=   0mV
    ✅ SLOT 12: KLVR-AA  | AAA_ON=   0mV | AAA_OFF=   0mV | Δ=   0mV
    ✅ SLOT 13: KLVR-AA  | AAA_ON=   0mV | AAA_OFF=   0mV | Δ=   0mV
    ✅ SLOT 14: KLVR-AA  | AAA_ON=   0mV | AAA_OFF=   0mV | Δ=   0mV
    ✅ SLOT 15: KLVR-AA  | AAA_ON=   0mV | AAA_OFF=   0mV | Δ=   0mV
    ✅ SLOT 16: KLVR-AA  | AAA_ON=   0mV | AAA_OFF=   0mV | Δ=   0mV
    ✅ SLOT 17: KLVR-AA  | AAA_ON=   0mV | AAA_OFF=   0mV | Δ=   0mV
    ✅ SLOT 18: KLVR-AA  | AAA_ON=   0mV | AAA_OFF=   0mV | Δ=   0mV
    ✅ SLOT 19: KLVR-AA  | AAA_ON=   0mV | AAA_OFF=   0mV | Δ=   0mV
    ✅ SLOT 20: KLVR-AA  | AAA_ON=   0mV | AAA_OFF=   0mV | Δ=   0mV
    ✅ SLOT 21: KLVR-AA  | AAA_ON=   0mV | AAA_OFF=   0mV | Δ=   0mV
    ✅ SLOT 22: KLVR-AA  | AAA_ON=   0mV | AAA_OFF=   0mV | Δ=   0mV
    ✅ SLOT 23: KLVR-AA  | AAA_ON=   0mV | AAA_OFF=   0mV | Δ=   0mV
    ✅ SLOT 24: KLVR-AA  | AAA_ON=   0mV | AAA_OFF=   0mV | Δ=   0mV
    ✅ SLOT 25: KLVR-AA  | AAA_ON=   0mV | AAA_OFF=   0mV | Δ=   0mV
    ✅ SLOT 26: KLVR-AA  | AAA_ON=   0mV | AAA_OFF=   0mV | Δ=   0mV
    ✅ SLOT 27: KLVR-AA  | AAA_ON=   0mV | AAA_OFF=   0mV | Δ=   0mV
    ✅ SLOT 28: KLVR-AA  | AAA_ON=   0mV | AAA_OFF=   0mV | Δ=   0mV
    ✅ SLOT 29: KLVR-AA  | AAA_ON=   0mV | AAA_OFF=   0mV | Δ=   0mV
    ✅ SLOT 30: KLVR-AA  | AAA_ON=   0mV | AAA_OFF=   0mV | Δ=   0mV
    ✅ SLOT 31: KLVR-AA  | AAA_ON=   0mV | AAA_OFF=   0mV | Δ=   0mV
    ✅ SLOT 32: KLVR-AA  | AAA_ON=   0mV | AAA_OFF=   0mV | Δ=   0mV
    ✅ SLOT 33: KLVR-AA  | AAA_ON=   0mV | AAA_OFF=   0mV | Δ=   0mV
    ✅ SLOT 34: KLVR-AA  | AAA_ON=   0mV | AAA_OFF=   0mV | Δ=   0mV
    ✅ SLOT 35: KLVR-AA  | AAA_ON=   0mV | AAA_OFF=   0mV | Δ=   0mV
    ✅ SLOT 36: KLVR-AA  | AAA_ON=   0mV | AAA_OFF=   0mV | Δ=   0mV
    ✅ SLOT 37: KLVR-AA  | AAA_ON=   0mV | AAA_OFF=   0mV | Δ=   0mV
    ✅ SLOT 38: KLVR-AA  | AAA_ON=   0mV | AAA_OFF=   0mV | Δ=   0mV
    ✅ SLOT 39: KLVR-AA  | AAA_ON=   0mV | AAA_OFF=   0mV | Δ=   0mV
    ✅ SLOT 40: KLVR-AA  | AAA_ON=   0mV | AAA_OFF=   0mV | Δ=   0mV
    ✅ SLOT 41: KLVR-AA  | AAA_ON=   0mV | AAA_OFF=   0mV | Δ=   0mV
    ✅ SLOT 42: KLVR-AA  | AAA_ON=   0mV | AAA_OFF=   0mV | Δ=   0mV
    ✅ SLOT 43: KLVR-AA  | AAA_ON=   0mV | AAA_OFF=   0mV | Δ=   0mV
    ✅ SLOT 44: KLVR-AA  | AAA_ON=   0mV | AAA_OFF=   0mV | Δ=   0mV
    ✅ SLOT 45: KLVR-AA  | AAA_ON=   0mV | AAA_OFF=   0mV | Δ=   0mV
    ✅ SLOT 46: KLVR-AA  | AAA_ON=   0mV | AAA_OFF=   0mV | Δ=   0mV
    ✅ SLOT 47: KLVR-AA  | AAA_ON=   0mV | AAA_OFF=   0mV | Δ=   0mV
# 42 09:08:09 | [AA TEST] Total: 48 | Correct AA: 48 | Misdetected as AAA:  0 | ✅ All correct
# 43 09:08:09 | [AA TEST] Total: 48 | Correct AA: 48 | Misdetected as AAA:  0 | ✅ All correct
# 44 09:08:10 | [AA TEST] Total: 48 | Correct AA: 48 | Misdetected as AAA:  0 | ✅ All correct
# 45 09:08:11 | [AA TEST] Total: 48 | Correct AA: 48 | Misdetected as AAA:  0 | ✅ All correct
# 46 09:08:11 | [AA TEST] Total: 48 | Correct AA: 48 | Misdetected as AAA:  0 | ✅ All correct
# 47 09:08:12 | [AA TEST] Total: 48 | Correct AA: 48 | Misdetected as AAA:  0 | ✅ All correct
# 48 09:08:13 | [AA TEST] Total: 48 | Correct AA: 48 | Misdetected as AAA:  0 | ✅ All correct
