KLVR Charger Detection Monitor - Started 2025-08-18 09:07:10
Monitoring: https://shared-partly-survive-buttons.trycloudflare.com
============================================================

#  1 09:07:11 | [BOTH] Total: 48 | AA: 48 | AAA:  0
    📊 SLOT  0: KLVR-AA  | AAA_ON=   0mV | AAA_OFF=   0mV | Δ=   0mV
    📊 SLOT  1: KLVR-AA  | AAA_ON=   0mV | AAA_OFF=   0mV | Δ=   0mV
    📊 SLOT  2: KLVR-AA  | AAA_ON=   0mV | AAA_OFF=   0mV | Δ=   0mV
    📊 SLOT  3: KLVR-AA  | AAA_ON=   0mV | AAA_OFF=   0mV | Δ=   0mV
    📊 SLOT  4: KLVR-AA  | AAA_ON=   0mV | AAA_OFF=   0mV | Δ=   0mV
    📊 SLOT  5: KLVR-AA  | AAA_ON=   0mV | AAA_OFF=   0mV | Δ=   0mV
    📊 SLOT  6: KLVR-AA  | AAA_ON=   0mV | AAA_OFF=   0mV | Δ=   0mV
    📊 SLOT  7: KLVR-AA  | AAA_ON=   0mV | AAA_OFF=   0mV | Δ=   0mV
    📊 SLOT  8: KLVR-AA  | AAA_ON=   0mV | AAA_OFF=   0mV | Δ=   0mV
    📊 SLOT  9: KLVR-AA  | AAA_ON=   0mV | AAA_OFF=   0mV | Δ=   0mV
    📊 SLOT 10: KLVR-AA  | AAA_ON=   0mV | AAA_OFF=   0mV | Δ=   0mV
    📊 SLOT 11: KLVR-AA  | AAA_ON=   0mV | AAA_OFF=   0mV | Δ=   0mV
    📊 SLOT 12: KLVR-AA  | AAA_ON=   0mV | AAA_OFF=   0mV | Δ=   0mV
    📊 SLOT 13: KLVR-AA  | AAA_ON=1544mV | AAA_OFF=1534mV | Δ=  10mV
    📊 SLOT 14: KLVR-AA  | AAA_ON=1574mV | AAA_OFF=1564mV | Δ=  10mV
    📊 SLOT 15: KLVR-AA  | AAA_ON=   0mV | AAA_OFF=   0mV | Δ=   0mV
    📊 SLOT 16: KLVR-AA  | AAA_ON=   0mV | AAA_OFF=   0mV | Δ=   0mV
    📊 SLOT 17: KLVR-AA  | AAA_ON=   0mV | AAA_OFF=   0mV | Δ=   0mV
    📊 SLOT 18: KLVR-AA  | AAA_ON=   0mV | AAA_OFF=   0mV | Δ=   0mV
    📊 SLOT 19: KLVR-AA  | AAA_ON=   0mV | AAA_OFF=   0mV | Δ=   0mV
    📊 SLOT 20: KLVR-AA  | AAA_ON=   0mV | AAA_OFF=   0mV | Δ=   0mV
    📊 SLOT 21: KLVR-AA  | AAA_ON=1540mV | AAA_OFF=1536mV | Δ=   4mV
    📊 SLOT 22: KLVR-AA  | AAA_ON=   0mV | AAA_OFF=   0mV | Δ=   0mV
    📊 SLOT 23: KLVR-AA  | AAA_ON=   0mV | AAA_OFF=   0mV | Δ=   0mV
    📊 SLOT 24: KLVR-AA  | AAA_ON=   0mV | AAA_OFF=   0mV | Δ=   0mV
    📊 SLOT 25: KLVR-AA  | AAA_ON=   0mV | AAA_OFF=   0mV | Δ=   0mV
    📊 SLOT 26: KLVR-AA  | AAA_ON=   0mV | AAA_OFF=   0mV | Δ=   0mV
    📊 SLOT 27: KLVR-AA  | AAA_ON=   0mV | AAA_OFF=   0mV | Δ=   0mV
    📊 SLOT 28: KLVR-AA  | AAA_ON=   0mV | AAA_OFF=   0mV | Δ=   0mV
    📊 SLOT 29: KLVR-AA  | AAA_ON=   0mV | AAA_OFF=   0mV | Δ=   0mV
    📊 SLOT 30: KLVR-AA  | AAA_ON=   0mV | AAA_OFF=   0mV | Δ=   0mV
    📊 SLOT 31: KLVR-AA  | AAA_ON=   0mV | AAA_OFF=   0mV | Δ=   0mV
    📊 SLOT 32: KLVR-AA  | AAA_ON=   0mV | AAA_OFF=   0mV | Δ=   0mV
    📊 SLOT 33: KLVR-AA  | AAA_ON=   0mV | AAA_OFF=   0mV | Δ=   0mV
    📊 SLOT 34: KLVR-AA  | AAA_ON=   0mV | AAA_OFF=   0mV | Δ=   0mV
    📊 SLOT 35: KLVR-AA  | AAA_ON=   0mV | AAA_OFF=   0mV | Δ=   0mV
    📊 SLOT 36: KLVR-AA  | AAA_ON=   0mV | AAA_OFF=   0mV | Δ=   0mV
    📊 SLOT 37: KLVR-AA  | AAA_ON=   0mV | AAA_OFF=   0mV | Δ=   0mV
    📊 SLOT 38: KLVR-AA  | AAA_ON=   0mV | AAA_OFF=   0mV | Δ=   0mV
    📊 SLOT 39: KLVR-AA  | AAA_ON=   0mV | AAA_OFF=   0mV | Δ=   0mV
    📊 SLOT 40: KLVR-AA  | AAA_ON=   0mV | AAA_OFF=   0mV | Δ=   0mV
    📊 SLOT 41: KLVR-AA  | AAA_ON=   0mV | AAA_OFF=   0mV | Δ=   0mV
    📊 SLOT 42: KLVR-AA  | AAA_ON=   0mV | AAA_OFF=   0mV | Δ=   0mV
    📊 SLOT 43: KLVR-AA  | AAA_ON=   0mV | AAA_OFF=   0mV | Δ=   0mV
    📊 SLOT 44: KLVR-AA  | AAA_ON=   0mV | AAA_OFF=   0mV | Δ=   0mV
    📊 SLOT 45: KLVR-AA  | AAA_ON=   0mV | AAA_OFF=   0mV | Δ=   0mV
    📊 SLOT 46: KLVR-AA  | AAA_ON=   0mV | AAA_OFF=   0mV | Δ=   0mV
    📊 SLOT 47: KLVR-AA  | AAA_ON=   0mV | AAA_OFF=   0mV | Δ=   0mV
#  2 09:07:11 | [BOTH] Total: 48 | AA: 48 | AAA:  0
#  3 09:07:12 | [BOTH] Total: 48 | AA: 48 | AAA:  0
#  4 09:07:13 | [BOTH] Total: 48 | AA: 48 | AAA:  0
#  5 09:07:14 | [BOTH] Total: 48 | AA: 48 | AAA:  0
#  6 09:07:14 | [BOTH] Total: 48 | AA: 48 | AAA:  0
#  7 09:07:15 | [BOTH] Total: 48 | AA: 48 | AAA:  0
#  8 09:07:16 | [BOTH] Total: 48 | AA: 48 | AAA:  0
#  9 09:07:16 | [BOTH] Total: 48 | AA: 48 | AAA:  0
# 10 09:07:17 | [BOTH] Total: 48 | AA: 48 | AAA:  0
# 11 09:07:18 | [BOTH] Total: 48 | AA: 48 | AAA:  0
    📊 SLOT  0: KLVR-AA  | AAA_ON=   0mV | AAA_OFF=   0mV | Δ=   0mV
    📊 SLOT  1: KLVR-AA  | AAA_ON=   0mV | AAA_OFF=   0mV | Δ=   0mV
    📊 SLOT  2: KLVR-AA  | AAA_ON=   0mV | AAA_OFF=   0mV | Δ=   0mV
    📊 SLOT  3: KLVR-AA  | AAA_ON=   0mV | AAA_OFF=   0mV | Δ=   0mV
    📊 SLOT  4: KLVR-AA  | AAA_ON=   0mV | AAA_OFF=   0mV | Δ=   0mV
    📊 SLOT  5: KLVR-AA  | AAA_ON=   0mV | AAA_OFF=   0mV | Δ=   0mV
    📊 SLOT  6: KLVR-AA  | AAA_ON=   0mV | AAA_OFF=   0mV | Δ=   0mV
    📊 SLOT  7: KLVR-AA  | AAA_ON=   0mV | AAA_OFF=   0mV | Δ=   0mV
    📊 SLOT  8: KLVR-AA  | AAA_ON=   0mV | AAA_OFF=   0mV | Δ=   0mV
    📊 SLOT  9: KLVR-AA  | AAA_ON=   0mV | AAA_OFF=   0mV | Δ=   0mV
    📊 SLOT 10: KLVR-AA  | AAA_ON=   0mV | AAA_OFF=   0mV | Δ=   0mV
    📊 SLOT 11: KLVR-AA  | AAA_ON=   0mV | AAA_OFF=   0mV | Δ=   0mV
    📊 SLOT 12: KLVR-AA  | AAA_ON=   0mV | AAA_OFF=   0mV | Δ=   0mV
    📊 SLOT 13: KLVR-AA  | AAA_ON=   0mV | AAA_OFF=   0mV | Δ=   0mV
    📊 SLOT 14: KLVR-AA  | AAA_ON=   0mV | AAA_OFF=   0mV | Δ=   0mV
    📊 SLOT 15: KLVR-AA  | AAA_ON=   0mV | AAA_OFF=   0mV | Δ=   0mV
    📊 SLOT 16: KLVR-AA  | AAA_ON=   0mV | AAA_OFF=   0mV | Δ=   0mV
    📊 SLOT 17: KLVR-AA  | AAA_ON=   0mV | AAA_OFF=   0mV | Δ=   0mV
    📊 SLOT 18: KLVR-AA  | AAA_ON=   0mV | AAA_OFF=   0mV | Δ=   0mV
    📊 SLOT 19: KLVR-AA  | AAA_ON=   0mV | AAA_OFF=   0mV | Δ=   0mV
    📊 SLOT 20: KLVR-AA  | AAA_ON=   0mV | AAA_OFF=   0mV | Δ=   0mV
    📊 SLOT 21: KLVR-AA  | AAA_ON=1540mV | AAA_OFF=1536mV | Δ=   4mV
    📊 SLOT 22: KLVR-AA  | AAA_ON=   0mV | AAA_OFF=   0mV | Δ=   0mV
    📊 SLOT 23: KLVR-AA  | AAA_ON=   0mV | AAA_OFF=   0mV | Δ=   0mV
    📊 SLOT 24: KLVR-AA  | AAA_ON=   0mV | AAA_OFF=   0mV | Δ=   0mV
    📊 SLOT 25: KLVR-AA  | AAA_ON=   0mV | AAA_OFF=   0mV | Δ=   0mV
    📊 SLOT 26: KLVR-AA  | AAA_ON=   0mV | AAA_OFF=   0mV | Δ=   0mV
    📊 SLOT 27: KLVR-AA  | AAA_ON=   0mV | AAA_OFF=   0mV | Δ=   0mV
    📊 SLOT 28: KLVR-AA  | AAA_ON=   0mV | AAA_OFF=   0mV | Δ=   0mV
    📊 SLOT 29: KLVR-AA  | AAA_ON=   0mV | AAA_OFF=   0mV | Δ=   0mV
    📊 SLOT 30: KLVR-AA  | AAA_ON=   0mV | AAA_OFF=   0mV | Δ=   0mV
    📊 SLOT 31: KLVR-AA  | AAA_ON=   0mV | AAA_OFF=   0mV | Δ=   0mV
    📊 SLOT 32: KLVR-AA  | AAA_ON=   0mV | AAA_OFF=   0mV | Δ=   0mV
    📊 SLOT 33: KLVR-AA  | AAA_ON=   0mV | AAA_OFF=   0mV | Δ=   0mV
    📊 SLOT 34: KLVR-AA  | AAA_ON=   0mV | AAA_OFF=   0mV | Δ=   0mV
    📊 SLOT 35: KLVR-AA  | AAA_ON=   0mV | AAA_OFF=   0mV | Δ=   0mV
    📊 SLOT 36: KLVR-AA  | AAA_ON=   0mV | AAA_OFF=   0mV | Δ=   0mV
    📊 SLOT 37: KLVR-AA  | AAA_ON=   0mV | AAA_OFF=   0mV | Δ=   0mV
    📊 SLOT 38: KLVR-AA  | AAA_ON=   0mV | AAA_OFF=   0mV | Δ=   0mV
    📊 SLOT 39: KLVR-AA  | AAA_ON=   0mV | AAA_OFF=   0mV | Δ=   0mV
    📊 SLOT 40: KLVR-AA  | AAA_ON=   0mV | AAA_OFF=   0mV | Δ=   0mV
    📊 SLOT 41: KLVR-AA  | AAA_ON=   0mV | AAA_OFF=   0mV | Δ=   0mV
    📊 SLOT 42: KLVR-AA  | AAA_ON=   0mV | AAA_OFF=   0mV | Δ=   0mV
    📊 SLOT 43: KLVR-AA  | AAA_ON=   0mV | AAA_OFF=   0mV | Δ=   0mV
    📊 SLOT 44: KLVR-AA  | AAA_ON=   0mV | AAA_OFF=   0mV | Δ=   0mV
    📊 SLOT 45: KLVR-AA  | AAA_ON=   0mV | AAA_OFF=   0mV | Δ=   0mV
    📊 SLOT 46: KLVR-AA  | AAA_ON=   0mV | AAA_OFF=   0mV | Δ=   0mV
    📊 SLOT 47: KLVR-AA  | AAA_ON=   0mV | AAA_OFF=   0mV | Δ=   0mV
# 12 09:07:18 | [BOTH] Total: 48 | AA: 48 | AAA:  0
# 13 09:07:19 | [BOTH] Total: 48 | AA: 48 | AAA:  0
# 14 09:07:20 | [BOTH] Total: 48 | AA: 48 | AAA:  0
# 15 09:07:21 | [BOTH] Total: 48 | AA: 48 | AAA:  0
# 16 09:07:21 | [BOTH] Total: 48 | AA: 48 | AAA:  0
# 17 09:07:22 | [BOTH] Total: 48 | AA: 48 | AAA:  0
# 18 09:07:23 | [BOTH] Total: 48 | AA: 48 | AAA:  0
# 19 09:07:23 | [BOTH] Total: 48 | AA: 48 | AAA:  0
# 20 09:07:24 | [BOTH] Total: 48 | AA: 48 | AAA:  0
# 21 09:07:25 | [BOTH] Total: 48 | AA: 48 | AAA:  0
    📊 SLOT  0: KLVR-AA  | AAA_ON=   0mV | AAA_OFF=   0mV | Δ=   0mV
    📊 SLOT  1: KLVR-AA  | AAA_ON=   0mV | AAA_OFF=   0mV | Δ=   0mV
    📊 SLOT  2: KLVR-AA  | AAA_ON=   0mV | AAA_OFF=   0mV | Δ=   0mV
    📊 SLOT  3: KLVR-AA  | AAA_ON=   0mV | AAA_OFF=   0mV | Δ=   0mV
    📊 SLOT  4: KLVR-AA  | AAA_ON=   0mV | AAA_OFF=   0mV | Δ=   0mV
    📊 SLOT  5: KLVR-AA  | AAA_ON=   0mV | AAA_OFF=   0mV | Δ=   0mV
    📊 SLOT  6: KLVR-AA  | AAA_ON=   0mV | AAA_OFF=   0mV | Δ=   0mV
    📊 SLOT  7: KLVR-AA  | AAA_ON=   0mV | AAA_OFF=   0mV | Δ=   0mV
    📊 SLOT  8: KLVR-AA  | AAA_ON=   0mV | AAA_OFF=   0mV | Δ=   0mV
    📊 SLOT  9: KLVR-AA  | AAA_ON=   0mV | AAA_OFF=   0mV | Δ=   0mV
    📊 SLOT 10: KLVR-AA  | AAA_ON=   0mV | AAA_OFF=   0mV | Δ=   0mV
    📊 SLOT 11: KLVR-AA  | AAA_ON=   0mV | AAA_OFF=   0mV | Δ=   0mV
    📊 SLOT 12: KLVR-AA  | AAA_ON=   0mV | AAA_OFF=   0mV | Δ=   0mV
    📊 SLOT 13: KLVR-AA  | AAA_ON=   0mV | AAA_OFF=   0mV | Δ=   0mV
    📊 SLOT 14: KLVR-AA  | AAA_ON=   0mV | AAA_OFF=   0mV | Δ=   0mV
    📊 SLOT 15: KLVR-AA  | AAA_ON=   0mV | AAA_OFF=   0mV | Δ=   0mV
    📊 SLOT 16: KLVR-AA  | AAA_ON=   0mV | AAA_OFF=   0mV | Δ=   0mV
    📊 SLOT 17: KLVR-AA  | AAA_ON=   0mV | AAA_OFF=   0mV | Δ=   0mV
    📊 SLOT 18: KLVR-AA  | AAA_ON=   0mV | AAA_OFF=   0mV | Δ=   0mV
    📊 SLOT 19: KLVR-AA  | AAA_ON=   0mV | AAA_OFF=   0mV | Δ=   0mV
    📊 SLOT 20: KLVR-AA  | AAA_ON=   0mV | AAA_OFF=   0mV | Δ=   0mV
    📊 SLOT 21: KLVR-AA  | AAA_ON=1540mV | AAA_OFF=1536mV | Δ=   4mV
    📊 SLOT 22: KLVR-AA  | AAA_ON=   0mV | AAA_OFF=   0mV | Δ=   0mV
    📊 SLOT 23: KLVR-AA  | AAA_ON=   0mV | AAA_OFF=   0mV | Δ=   0mV
    📊 SLOT 24: KLVR-AA  | AAA_ON=   0mV | AAA_OFF=   0mV | Δ=   0mV
    📊 SLOT 25: KLVR-AA  | AAA_ON=   0mV | AAA_OFF=   0mV | Δ=   0mV
    📊 SLOT 26: KLVR-AA  | AAA_ON=   0mV | AAA_OFF=   0mV | Δ=   0mV
    📊 SLOT 27: KLVR-AA  | AAA_ON=   0mV | AAA_OFF=   0mV | Δ=   0mV
    📊 SLOT 28: KLVR-AA  | AAA_ON=   0mV | AAA_OFF=   0mV | Δ=   0mV
    📊 SLOT 29: KLVR-AA  | AAA_ON=   0mV | AAA_OFF=   0mV | Δ=   0mV
    📊 SLOT 30: KLVR-AA  | AAA_ON=   0mV | AAA_OFF=   0mV | Δ=   0mV
    📊 SLOT 31: KLVR-AA  | AAA_ON=   0mV | AAA_OFF=   0mV | Δ=   0mV
    📊 SLOT 32: KLVR-AA  | AAA_ON=   0mV | AAA_OFF=   0mV | Δ=   0mV
    📊 SLOT 33: KLVR-AA  | AAA_ON=   0mV | AAA_OFF=   0mV | Δ=   0mV
    📊 SLOT 34: KLVR-AA  | AAA_ON=   0mV | AAA_OFF=   0mV | Δ=   0mV
    📊 SLOT 35: KLVR-AA  | AAA_ON=   0mV | AAA_OFF=   0mV | Δ=   0mV
    📊 SLOT 36: KLVR-AA  | AAA_ON=   0mV | AAA_OFF=   0mV | Δ=   0mV
    📊 SLOT 37: KLVR-AA  | AAA_ON=   0mV | AAA_OFF=   0mV | Δ=   0mV
    📊 SLOT 38: KLVR-AA  | AAA_ON=   0mV | AAA_OFF=   0mV | Δ=   0mV
    📊 SLOT 39: KLVR-AA  | AAA_ON=   0mV | AAA_OFF=   0mV | Δ=   0mV
    📊 SLOT 40: KLVR-AA  | AAA_ON=   0mV | AAA_OFF=   0mV | Δ=   0mV
    📊 SLOT 41: KLVR-AA  | AAA_ON=   0mV | AAA_OFF=   0mV | Δ=   0mV
    📊 SLOT 42: KLVR-AA  | AAA_ON=   0mV | AAA_OFF=   0mV | Δ=   0mV
    📊 SLOT 43: KLVR-AA  | AAA_ON=   0mV | AAA_OFF=   0mV | Δ=   0mV
    📊 SLOT 44: KLVR-AA  | AAA_ON=   0mV | AAA_OFF=   0mV | Δ=   0mV
    📊 SLOT 45: KLVR-AA  | AAA_ON=   0mV | AAA_OFF=   0mV | Δ=   0mV
    📊 SLOT 46: KLVR-AA  | AAA_ON=   0mV | AAA_OFF=   0mV | Δ=   0mV
    📊 SLOT 47: KLVR-AA  | AAA_ON=   0mV | AAA_OFF=   0mV | Δ=   0mV
# 22 09:07:26 | [BOTH] Total: 48 | AA: 48 | AAA:  0
# 23 09:07:26 | [BOTH] Total: 48 | AA: 48 | AAA:  0
# 24 09:07:27 | [BOTH] Total: 48 | AA: 48 | AAA:  0
# 25 09:07:28 | [BOTH] Total: 48 | AA: 48 | AAA:  0
# 26 09:07:29 | [BOTH] Total: 48 | AA: 48 | AAA:  0
